2025-04-07 19:15:08,079 - INFO - Train Set Class Distribution:
surface_type
asphalt          2390
paving_stones    1303
sett              872
unpaved           650
concrete          622
Name: count, dtype: int64
2025-04-07 19:15:08,080 - INFO - Validation Set Class Distribution:
surface_type
asphalt          597
paving_stones    326
sett             218
unpaved          163
concrete         156
Name: count, dtype: int64
2025-04-07 19:15:08,081 - INFO - Test Set Class Distribution:
surface_type
asphalt          747
paving_stones    408
sett             273
unpaved          203
concrete         194
Name: count, dtype: int64
2025-04-07 19:27:36,008 - INFO - [Epoch 1] Train Loss: 147.7930, Accuracy: 84.22%
2025-04-07 19:28:16,062 - INFO - Validation Loss: 27.8210, Accuracy: 92.74%
2025-04-07 19:28:16,063 - INFO -   Class [asphalt] Accuracy: 97.82% (584/597)
2025-04-07 19:28:16,063 - INFO -   Class [concrete] Accuracy: 65.38% (102/156)
2025-04-07 19:28:16,063 - INFO -   Class [paving_stones] Accuracy: 94.17% (307/326)
2025-04-07 19:28:16,063 - INFO -   Class [sett] Accuracy: 95.41% (208/218)
2025-04-07 19:28:16,063 - INFO -   Class [unpaved] Accuracy: 93.87% (153/163)
2025-04-07 19:28:16,067 - INFO - 
Confusion Matrix:
[[584   1   3   5   4]
 [ 47 102   1   0   6]
 [  3   3 307  13   0]
 [  0   0  10 208   0]
 [  9   1   0   0 153]]
2025-04-07 19:28:16,080 - INFO - 
Classification Report:
               precision    recall  f1-score   support

      asphalt       0.91      0.98      0.94       597
     concrete       0.95      0.65      0.78       156
paving_stones       0.96      0.94      0.95       326
         sett       0.92      0.95      0.94       218
      unpaved       0.94      0.94      0.94       163

     accuracy                           0.93      1460
    macro avg       0.94      0.89      0.91      1460
 weighted avg       0.93      0.93      0.92      1460

2025-04-07 19:28:18,298 - INFO - New best model saved with accuracy: 92.74%
2025-04-07 19:40:45,694 - INFO - [Epoch 2] Train Loss: 85.2784, Accuracy: 92.31%
2025-04-07 19:41:25,616 - INFO - Validation Loss: 27.2278, Accuracy: 88.08%
2025-04-07 19:41:25,617 - INFO -   Class [asphalt] Accuracy: 81.74% (488/597)
2025-04-07 19:41:25,617 - INFO -   Class [concrete] Accuracy: 92.31% (144/156)
2025-04-07 19:41:25,617 - INFO -   Class [paving_stones] Accuracy: 94.17% (307/326)
2025-04-07 19:41:25,617 - INFO -   Class [sett] Accuracy: 92.66% (202/218)
2025-04-07 19:41:25,617 - INFO -   Class [unpaved] Accuracy: 88.96% (145/163)
2025-04-07 19:41:25,620 - INFO - 
Confusion Matrix:
[[488  96   2   0  11]
 [  7 144   0   0   5]
 [  0  11 307   8   0]
 [  0   2  13 202   1]
 [  3  14   1   0 145]]
2025-04-07 19:41:25,632 - INFO - 
Classification Report:
               precision    recall  f1-score   support

      asphalt       0.98      0.82      0.89       597
     concrete       0.54      0.92      0.68       156
paving_stones       0.95      0.94      0.95       326
         sett       0.96      0.93      0.94       218
      unpaved       0.90      0.89      0.89       163

     accuracy                           0.88      1460
    macro avg       0.87      0.90      0.87      1460
 weighted avg       0.91      0.88      0.89      1460

2025-04-07 19:53:53,445 - INFO - [Epoch 3] Train Loss: 69.3822, Accuracy: 94.55%
2025-04-07 19:54:32,396 - INFO - Validation Loss: 28.3622, Accuracy: 93.77%
2025-04-07 19:54:32,397 - INFO -   Class [asphalt] Accuracy: 97.15% (580/597)
2025-04-07 19:54:32,397 - INFO -   Class [concrete] Accuracy: 75.00% (117/156)
2025-04-07 19:54:32,397 - INFO -   Class [paving_stones] Accuracy: 93.25% (304/326)
2025-04-07 19:54:32,397 - INFO -   Class [sett] Accuracy: 96.33% (210/218)
2025-04-07 19:54:32,397 - INFO -   Class [unpaved] Accuracy: 96.93% (158/163)
2025-04-07 19:54:32,400 - INFO - 
Confusion Matrix:
[[580   7   0   2   8]
 [ 31 117   0   0   8]
 [  2   5 304  15   0]
 [  2   0   6 210   0]
 [  4   0   0   1 158]]
2025-04-07 19:54:32,413 - INFO - 
Classification Report:
               precision    recall  f1-score   support

      asphalt       0.94      0.97      0.95       597
     concrete       0.91      0.75      0.82       156
paving_stones       0.98      0.93      0.96       326
         sett       0.92      0.96      0.94       218
      unpaved       0.91      0.97      0.94       163

     accuracy                           0.94      1460
    macro avg       0.93      0.92      0.92      1460
 weighted avg       0.94      0.94      0.94      1460

2025-04-07 19:54:34,767 - INFO - New best model saved with accuracy: 93.77%
2025-04-07 20:07:02,793 - INFO - [Epoch 4] Train Loss: 51.0421, Accuracy: 96.15%
2025-04-07 20:07:42,770 - INFO - Validation Loss: 25.5464, Accuracy: 92.53%
2025-04-07 20:07:42,770 - INFO -   Class [asphalt] Accuracy: 90.28% (539/597)
2025-04-07 20:07:42,770 - INFO -   Class [concrete] Accuracy: 90.38% (141/156)
2025-04-07 20:07:42,770 - INFO -   Class [paving_stones] Accuracy: 94.79% (309/326)
2025-04-07 20:07:42,771 - INFO -   Class [sett] Accuracy: 95.87% (209/218)
2025-04-07 20:07:42,771 - INFO -   Class [unpaved] Accuracy: 93.87% (153/163)
2025-04-07 20:07:42,774 - INFO - 
Confusion Matrix:
[[539  46   4   4   4]
 [ 12 141   0   0   3]
 [  1   7 309   9   0]
 [  0   0   9 209   0]
 [  6   3   0   1 153]]
2025-04-07 20:07:42,786 - INFO - 
Classification Report:
               precision    recall  f1-score   support

      asphalt       0.97      0.90      0.93       597
     concrete       0.72      0.90      0.80       156
paving_stones       0.96      0.95      0.95       326
         sett       0.94      0.96      0.95       218
      unpaved       0.96      0.94      0.95       163

     accuracy                           0.93      1460
    macro avg       0.91      0.93      0.92      1460
 weighted avg       0.93      0.93      0.93      1460

2025-04-07 20:20:11,289 - INFO - [Epoch 5] Train Loss: 43.0185, Accuracy: 97.07%
2025-04-07 20:20:50,235 - INFO - Validation Loss: 33.2747, Accuracy: 90.27%
2025-04-07 20:20:50,235 - INFO -   Class [asphalt] Accuracy: 84.25% (503/597)
2025-04-07 20:20:50,235 - INFO -   Class [concrete] Accuracy: 94.87% (148/156)
2025-04-07 20:20:50,235 - INFO -   Class [paving_stones] Accuracy: 93.87% (306/326)
2025-04-07 20:20:50,235 - INFO -   Class [sett] Accuracy: 97.71% (213/218)
2025-04-07 20:20:50,235 - INFO -   Class [unpaved] Accuracy: 90.80% (148/163)
2025-04-07 20:20:50,238 - INFO - 
Confusion Matrix:
[[503  83   2   3   6]
 [  7 148   0   0   1]
 [  1   8 306  11   0]
 [  0   0   5 213   0]
 [  4  10   0   1 148]]
2025-04-07 20:20:50,251 - INFO - 
Classification Report:
               precision    recall  f1-score   support

      asphalt       0.98      0.84      0.90       597
     concrete       0.59      0.95      0.73       156
paving_stones       0.98      0.94      0.96       326
         sett       0.93      0.98      0.96       218
      unpaved       0.95      0.91      0.93       163

     accuracy                           0.90      1460
    macro avg       0.89      0.92      0.90      1460
 weighted avg       0.93      0.90      0.91      1460

2025-04-07 20:33:19,655 - INFO - [Epoch 6] Train Loss: 24.6449, Accuracy: 98.24%
2025-04-07 20:33:58,564 - INFO - Validation Loss: 47.3438, Accuracy: 93.70%
2025-04-07 20:33:58,565 - INFO -   Class [asphalt] Accuracy: 98.66% (589/597)
2025-04-07 20:33:58,565 - INFO -   Class [concrete] Accuracy: 74.36% (116/156)
2025-04-07 20:33:58,565 - INFO -   Class [paving_stones] Accuracy: 95.09% (310/326)
2025-04-07 20:33:58,565 - INFO -   Class [sett] Accuracy: 96.79% (211/218)
2025-04-07 20:33:58,565 - INFO -   Class [unpaved] Accuracy: 87.12% (142/163)
2025-04-07 20:33:58,568 - INFO - 
Confusion Matrix:
[[589   5   2   1   0]
 [ 36 116   1   0   3]
 [  1   4 310  11   0]
 [  0   0   7 211   0]
 [ 19   1   1   0 142]]
2025-04-07 20:33:58,581 - INFO - 
Classification Report:
               precision    recall  f1-score   support

      asphalt       0.91      0.99      0.95       597
     concrete       0.92      0.74      0.82       156
paving_stones       0.97      0.95      0.96       326
         sett       0.95      0.97      0.96       218
      unpaved       0.98      0.87      0.92       163

     accuracy                           0.94      1460
    macro avg       0.95      0.90      0.92      1460
 weighted avg       0.94      0.94      0.94      1460

2025-04-07 20:46:26,908 - INFO - [Epoch 7] Train Loss: 23.1403, Accuracy: 98.44%
2025-04-07 20:47:05,636 - INFO - Validation Loss: 41.0103, Accuracy: 92.88%
2025-04-07 20:47:05,636 - INFO -   Class [asphalt] Accuracy: 91.62% (547/597)
2025-04-07 20:47:05,636 - INFO -   Class [concrete] Accuracy: 83.97% (131/156)
2025-04-07 20:47:05,636 - INFO -   Class [paving_stones] Accuracy: 95.09% (310/326)
2025-04-07 20:47:05,636 - INFO -   Class [sett] Accuracy: 95.87% (209/218)
2025-04-07 20:47:05,636 - INFO -   Class [unpaved] Accuracy: 97.55% (159/163)
2025-04-07 20:47:05,639 - INFO - 
Confusion Matrix:
[[547  26   5   3  16]
 [ 15 131   0   0  10]
 [  0   5 310  10   1]
 [  0   0   9 209   0]
 [  3   0   0   1 159]]
2025-04-07 20:47:05,652 - INFO - 
Classification Report:
               precision    recall  f1-score   support

      asphalt       0.97      0.92      0.94       597
     concrete       0.81      0.84      0.82       156
paving_stones       0.96      0.95      0.95       326
         sett       0.94      0.96      0.95       218
      unpaved       0.85      0.98      0.91       163

     accuracy                           0.93      1460
    macro avg       0.91      0.93      0.92      1460
 weighted avg       0.93      0.93      0.93      1460

2025-04-07 20:59:32,822 - INFO - [Epoch 8] Train Loss: 22.1678, Accuracy: 98.51%
2025-04-07 21:00:11,018 - INFO - Validation Loss: 42.5493, Accuracy: 94.18%
2025-04-07 21:00:11,018 - INFO -   Class [asphalt] Accuracy: 96.98% (579/597)
2025-04-07 21:00:11,018 - INFO -   Class [concrete] Accuracy: 76.28% (119/156)
2025-04-07 21:00:11,019 - INFO -   Class [paving_stones] Accuracy: 96.32% (314/326)
2025-04-07 21:00:11,019 - INFO -   Class [sett] Accuracy: 94.95% (207/218)
2025-04-07 21:00:11,019 - INFO -   Class [unpaved] Accuracy: 95.71% (156/163)
2025-04-07 21:00:11,022 - INFO - 
Confusion Matrix:
[[579   8   3   1   6]
 [ 32 119   3   0   2]
 [  1   5 314   6   0]
 [  1   0  10 207   0]
 [  4   3   0   0 156]]
2025-04-07 21:00:11,034 - INFO - 
Classification Report:
               precision    recall  f1-score   support

      asphalt       0.94      0.97      0.95       597
     concrete       0.88      0.76      0.82       156
paving_stones       0.95      0.96      0.96       326
         sett       0.97      0.95      0.96       218
      unpaved       0.95      0.96      0.95       163

     accuracy                           0.94      1460
    macro avg       0.94      0.92      0.93      1460
 weighted avg       0.94      0.94      0.94      1460

2025-04-07 21:00:13,389 - INFO - New best model saved with accuracy: 94.18%
