2025-04-07 19:16:16,696 - INFO - Train Set Class Distribution:
surface_type
asphalt          2390
paving_stones    1303
sett              872
unpaved           650
concrete          622
Name: count, dtype: int64
2025-04-07 19:16:16,697 - INFO - Validation Set Class Distribution:
surface_type
asphalt          597
paving_stones    326
sett             218
unpaved          163
concrete         156
Name: count, dtype: int64
2025-04-07 19:16:16,698 - INFO - Test Set Class Distribution:
surface_type
asphalt          747
paving_stones    408
sett             273
unpaved          203
concrete         194
Name: count, dtype: int64
2025-04-07 19:19:25,683 - INFO - [Epoch 1] Train Loss: 181.5890, Accuracy: 83.11%
2025-04-07 19:20:00,160 - INFO - Validation Loss: 21.6453, Accuracy: 90.96%
2025-04-07 19:20:00,160 - INFO -   Class [asphalt] Accuracy: 88.78% (530/597)
2025-04-07 19:20:00,160 - INFO -   Class [concrete] Accuracy: 80.77% (126/156)
2025-04-07 19:20:00,160 - INFO -   Class [paving_stones] Accuracy: 96.63% (315/326)
2025-04-07 19:20:00,160 - INFO -   Class [sett] Accuracy: 94.50% (206/218)
2025-04-07 19:20:00,160 - INFO -   Class [unpaved] Accuracy: 92.64% (151/163)
2025-04-07 19:20:00,164 - INFO - 
Confusion Matrix:
[[530  38   6   3  20]
 [ 16 126   3   0  11]
 [  3   2 315   5   1]
 [  1   1  10 206   0]
 [ 11   0   0   1 151]]
2025-04-07 19:20:00,176 - INFO - 
Classification Report:
               precision    recall  f1-score   support

      asphalt       0.94      0.89      0.92       597
     concrete       0.75      0.81      0.78       156
paving_stones       0.94      0.97      0.95       326
         sett       0.96      0.94      0.95       218
      unpaved       0.83      0.93      0.87       163

     accuracy                           0.91      1460
    macro avg       0.89      0.91      0.89      1460
 weighted avg       0.91      0.91      0.91      1460

2025-04-07 19:20:01,058 - INFO - New best model saved with accuracy: 90.96%
2025-04-07 19:23:08,936 - INFO - [Epoch 2] Train Loss: 93.9021, Accuracy: 91.19%
2025-04-07 19:23:41,860 - INFO - Validation Loss: 26.2014, Accuracy: 90.89%
2025-04-07 19:23:41,860 - INFO -   Class [asphalt] Accuracy: 91.79% (548/597)
2025-04-07 19:23:41,860 - INFO -   Class [concrete] Accuracy: 85.90% (134/156)
2025-04-07 19:23:41,860 - INFO -   Class [paving_stones] Accuracy: 93.87% (306/326)
2025-04-07 19:23:41,860 - INFO -   Class [sett] Accuracy: 91.28% (199/218)
2025-04-07 19:23:41,860 - INFO -   Class [unpaved] Accuracy: 85.89% (140/163)
2025-04-07 19:23:41,863 - INFO - 
Confusion Matrix:
[[548  32   6   3   8]
 [ 19 134   0   0   3]
 [  3  10 306   7   0]
 [  0   1  18 199   0]
 [  9  11   2   1 140]]
2025-04-07 19:23:41,875 - INFO - 
Classification Report:
               precision    recall  f1-score   support

      asphalt       0.95      0.92      0.93       597
     concrete       0.71      0.86      0.78       156
paving_stones       0.92      0.94      0.93       326
         sett       0.95      0.91      0.93       218
      unpaved       0.93      0.86      0.89       163

     accuracy                           0.91      1460
    macro avg       0.89      0.90      0.89      1460
 weighted avg       0.91      0.91      0.91      1460

2025-04-07 19:26:50,718 - INFO - [Epoch 3] Train Loss: 62.2370, Accuracy: 94.06%
2025-04-07 19:27:25,599 - INFO - Validation Loss: 26.0339, Accuracy: 92.05%
2025-04-07 19:27:25,599 - INFO -   Class [asphalt] Accuracy: 92.46% (552/597)
2025-04-07 19:27:25,600 - INFO -   Class [concrete] Accuracy: 80.13% (125/156)
2025-04-07 19:27:25,600 - INFO -   Class [paving_stones] Accuracy: 94.17% (307/326)
2025-04-07 19:27:25,600 - INFO -   Class [sett] Accuracy: 94.04% (205/218)
2025-04-07 19:27:25,600 - INFO -   Class [unpaved] Accuracy: 95.09% (155/163)
2025-04-07 19:27:25,603 - INFO - 
Confusion Matrix:
[[552  24   5   3  13]
 [ 24 125   0   0   7]
 [  2  11 307   6   0]
 [  0   1  12 205   0]
 [  4   3   0   1 155]]
2025-04-07 19:27:25,615 - INFO - 
Classification Report:
               precision    recall  f1-score   support

      asphalt       0.95      0.92      0.94       597
     concrete       0.76      0.80      0.78       156
paving_stones       0.95      0.94      0.94       326
         sett       0.95      0.94      0.95       218
      unpaved       0.89      0.95      0.92       163

     accuracy                           0.92      1460
    macro avg       0.90      0.91      0.91      1460
 weighted avg       0.92      0.92      0.92      1460

2025-04-07 19:27:26,543 - INFO - New best model saved with accuracy: 92.05%
2025-04-07 19:30:33,904 - INFO - [Epoch 4] Train Loss: 46.1116, Accuracy: 95.67%
2025-04-07 19:31:08,740 - INFO - Validation Loss: 26.9674, Accuracy: 93.56%
2025-04-07 19:31:08,740 - INFO -   Class [asphalt] Accuracy: 96.82% (578/597)
2025-04-07 19:31:08,740 - INFO -   Class [concrete] Accuracy: 78.21% (122/156)
2025-04-07 19:31:08,740 - INFO -   Class [paving_stones] Accuracy: 95.71% (312/326)
2025-04-07 19:31:08,741 - INFO -   Class [sett] Accuracy: 94.50% (206/218)
2025-04-07 19:31:08,741 - INFO -   Class [unpaved] Accuracy: 90.80% (148/163)
2025-04-07 19:31:08,743 - INFO - 
Confusion Matrix:
[[578   8   3   3   5]
 [ 24 122   1   0   9]
 [  3   4 312   7   0]
 [  1   0  11 206   0]
 [ 13   0   0   2 148]]
2025-04-07 19:31:08,756 - INFO - 
Classification Report:
               precision    recall  f1-score   support

      asphalt       0.93      0.97      0.95       597
     concrete       0.91      0.78      0.84       156
paving_stones       0.95      0.96      0.96       326
         sett       0.94      0.94      0.94       218
      unpaved       0.91      0.91      0.91       163

     accuracy                           0.94      1460
    macro avg       0.93      0.91      0.92      1460
 weighted avg       0.94      0.94      0.93      1460

2025-04-07 19:31:09,651 - INFO - New best model saved with accuracy: 93.56%
2025-04-07 19:34:18,387 - INFO - [Epoch 5] Train Loss: 47.4192, Accuracy: 95.77%
2025-04-07 19:34:51,496 - INFO - Validation Loss: 29.1516, Accuracy: 91.37%
2025-04-07 19:34:51,496 - INFO -   Class [asphalt] Accuracy: 89.11% (532/597)
2025-04-07 19:34:51,496 - INFO -   Class [concrete] Accuracy: 90.38% (141/156)
2025-04-07 19:34:51,496 - INFO -   Class [paving_stones] Accuracy: 96.01% (313/326)
2025-04-07 19:34:51,496 - INFO -   Class [sett] Accuracy: 91.28% (199/218)
2025-04-07 19:34:51,496 - INFO -   Class [unpaved] Accuracy: 91.41% (149/163)
2025-04-07 19:34:51,499 - INFO - 
Confusion Matrix:
[[532  55   1   3   6]
 [ 10 141   1   0   4]
 [  4   3 313   6   0]
 [  2   0  16 199   1]
 [ 11   3   0   0 149]]
2025-04-07 19:34:51,511 - INFO - 
Classification Report:
               precision    recall  f1-score   support

      asphalt       0.95      0.89      0.92       597
     concrete       0.70      0.90      0.79       156
paving_stones       0.95      0.96      0.95       326
         sett       0.96      0.91      0.93       218
      unpaved       0.93      0.91      0.92       163

     accuracy                           0.91      1460
    macro avg       0.90      0.92      0.90      1460
 weighted avg       0.92      0.91      0.92      1460

2025-04-07 19:37:58,567 - INFO - [Epoch 6] Train Loss: 37.0832, Accuracy: 96.92%
2025-04-07 19:38:31,589 - INFO - Validation Loss: 31.1722, Accuracy: 93.42%
2025-04-07 19:38:31,589 - INFO -   Class [asphalt] Accuracy: 94.47% (564/597)
2025-04-07 19:38:31,589 - INFO -   Class [concrete] Accuracy: 76.92% (120/156)
2025-04-07 19:38:31,589 - INFO -   Class [paving_stones] Accuracy: 95.40% (311/326)
2025-04-07 19:38:31,589 - INFO -   Class [sett] Accuracy: 96.79% (211/218)
2025-04-07 19:38:31,589 - INFO -   Class [unpaved] Accuracy: 96.93% (158/163)
2025-04-07 19:38:31,592 - INFO - 
Confusion Matrix:
[[564   7   4   2  20]
 [ 26 120   1   0   9]
 [  0   3 311  12   0]
 [  0   0   7 211   0]
 [  1   4   0   0 158]]
2025-04-07 19:38:31,604 - INFO - 
Classification Report:
               precision    recall  f1-score   support

      asphalt       0.95      0.94      0.95       597
     concrete       0.90      0.77      0.83       156
paving_stones       0.96      0.95      0.96       326
         sett       0.94      0.97      0.95       218
      unpaved       0.84      0.97      0.90       163

     accuracy                           0.93      1460
    macro avg       0.92      0.92      0.92      1460
 weighted avg       0.94      0.93      0.93      1460

2025-04-07 19:41:38,855 - INFO - [Epoch 7] Train Loss: 29.8132, Accuracy: 97.17%
2025-04-07 19:42:13,822 - INFO - Validation Loss: 35.0009, Accuracy: 91.51%
2025-04-07 19:42:13,822 - INFO -   Class [asphalt] Accuracy: 90.12% (538/597)
2025-04-07 19:42:13,823 - INFO -   Class [concrete] Accuracy: 86.54% (135/156)
2025-04-07 19:42:13,823 - INFO -   Class [paving_stones] Accuracy: 96.63% (315/326)
2025-04-07 19:42:13,823 - INFO -   Class [sett] Accuracy: 92.20% (201/218)
2025-04-07 19:42:13,823 - INFO -   Class [unpaved] Accuracy: 90.18% (147/163)
2025-04-07 19:42:13,826 - INFO - 
Confusion Matrix:
[[538  40   6   5   8]
 [ 14 135   0   0   7]
 [  1   4 315   6   0]
 [  0   0  17 201   0]
 [ 11   4   0   1 147]]
2025-04-07 19:42:13,838 - INFO - 
Classification Report:
               precision    recall  f1-score   support

      asphalt       0.95      0.90      0.93       597
     concrete       0.74      0.87      0.80       156
paving_stones       0.93      0.97      0.95       326
         sett       0.94      0.92      0.93       218
      unpaved       0.91      0.90      0.90       163

     accuracy                           0.92      1460
    macro avg       0.89      0.91      0.90      1460
 weighted avg       0.92      0.92      0.92      1460

2025-04-07 19:45:20,933 - INFO - [Epoch 8] Train Loss: 25.4340, Accuracy: 97.64%
2025-04-07 19:45:55,905 - INFO - Validation Loss: 49.5950, Accuracy: 91.44%
2025-04-07 19:45:55,905 - INFO -   Class [asphalt] Accuracy: 92.29% (551/597)
2025-04-07 19:45:55,905 - INFO -   Class [concrete] Accuracy: 88.46% (138/156)
2025-04-07 19:45:55,906 - INFO -   Class [paving_stones] Accuracy: 96.63% (315/326)
2025-04-07 19:45:55,906 - INFO -   Class [sett] Accuracy: 89.91% (196/218)
2025-04-07 19:45:55,906 - INFO -   Class [unpaved] Accuracy: 82.82% (135/163)
2025-04-07 19:45:55,909 - INFO - 
Confusion Matrix:
[[551  36   5   2   3]
 [ 15 138   0   0   3]
 [  2   5 315   4   0]
 [  2   0  20 196   0]
 [ 19   7   2   0 135]]
2025-04-07 19:45:55,921 - INFO - 
Classification Report:
               precision    recall  f1-score   support

      asphalt       0.94      0.92      0.93       597
     concrete       0.74      0.88      0.81       156
paving_stones       0.92      0.97      0.94       326
         sett       0.97      0.90      0.93       218
      unpaved       0.96      0.83      0.89       163

     accuracy                           0.91      1460
    macro avg       0.91      0.90      0.90      1460
 weighted avg       0.92      0.91      0.92      1460

2025-04-07 19:49:03,028 - INFO - [Epoch 9] Train Loss: 30.1118, Accuracy: 97.38%
2025-04-07 19:49:39,636 - INFO - Validation Loss: 41.5797, Accuracy: 87.05%
2025-04-07 19:49:39,636 - INFO -   Class [asphalt] Accuracy: 75.38% (450/597)
2025-04-07 19:49:39,636 - INFO -   Class [concrete] Accuracy: 94.23% (147/156)
2025-04-07 19:49:39,636 - INFO -   Class [paving_stones] Accuracy: 93.87% (306/326)
2025-04-07 19:49:39,636 - INFO -   Class [sett] Accuracy: 98.62% (215/218)
2025-04-07 19:49:39,636 - INFO -   Class [unpaved] Accuracy: 93.87% (153/163)
2025-04-07 19:49:39,639 - INFO - 
Confusion Matrix:
[[450 109   8   9  21]
 [  4 147   0   0   5]
 [  1   5 306  14   0]
 [  0   0   3 215   0]
 [  2   5   0   3 153]]
2025-04-07 19:49:39,651 - INFO - 
Classification Report:
               precision    recall  f1-score   support

      asphalt       0.98      0.75      0.85       597
     concrete       0.55      0.94      0.70       156
paving_stones       0.97      0.94      0.95       326
         sett       0.89      0.99      0.94       218
      unpaved       0.85      0.94      0.89       163

     accuracy                           0.87      1460
    macro avg       0.85      0.91      0.87      1460
 weighted avg       0.91      0.87      0.88      1460

2025-04-07 19:52:46,445 - INFO - [Epoch 10] Train Loss: 26.1950, Accuracy: 97.64%
2025-04-07 19:53:20,968 - INFO - Validation Loss: 38.0877, Accuracy: 93.36%
2025-04-07 19:53:20,968 - INFO -   Class [asphalt] Accuracy: 95.48% (570/597)
2025-04-07 19:53:20,969 - INFO -   Class [concrete] Accuracy: 82.05% (128/156)
2025-04-07 19:53:20,969 - INFO -   Class [paving_stones] Accuracy: 94.79% (309/326)
2025-04-07 19:53:20,969 - INFO -   Class [sett] Accuracy: 94.95% (207/218)
2025-04-07 19:53:20,969 - INFO -   Class [unpaved] Accuracy: 91.41% (149/163)
2025-04-07 19:53:20,972 - INFO - 
Confusion Matrix:
[[570  17   2   1   7]
 [ 26 128   0   0   2]
 [  3   7 309   7   0]
 [  2   0   9 207   0]
 [ 10   4   0   0 149]]
2025-04-07 19:53:20,984 - INFO - 
Classification Report:
               precision    recall  f1-score   support

      asphalt       0.93      0.95      0.94       597
     concrete       0.82      0.82      0.82       156
paving_stones       0.97      0.95      0.96       326
         sett       0.96      0.95      0.96       218
      unpaved       0.94      0.91      0.93       163

     accuracy                           0.93      1460
    macro avg       0.92      0.92      0.92      1460
 weighted avg       0.93      0.93      0.93      1460

2025-04-07 19:56:27,555 - INFO - [Epoch 11] Train Loss: 26.2722, Accuracy: 97.72%
2025-04-07 19:57:02,126 - INFO - Validation Loss: 43.8327, Accuracy: 92.95%
2025-04-07 19:57:02,126 - INFO -   Class [asphalt] Accuracy: 95.98% (573/597)
2025-04-07 19:57:02,126 - INFO -   Class [concrete] Accuracy: 73.08% (114/156)
2025-04-07 19:57:02,127 - INFO -   Class [paving_stones] Accuracy: 94.17% (307/326)
2025-04-07 19:57:02,127 - INFO -   Class [sett] Accuracy: 94.95% (207/218)
2025-04-07 19:57:02,127 - INFO -   Class [unpaved] Accuracy: 95.71% (156/163)
2025-04-07 19:57:02,130 - INFO - 
Confusion Matrix:
[[573  10   6   1   7]
 [ 33 114   0   0   9]
 [  3   5 307  11   0]
 [  1   0   9 207   1]
 [  4   2   0   1 156]]
2025-04-07 19:57:02,142 - INFO - 
Classification Report:
               precision    recall  f1-score   support

      asphalt       0.93      0.96      0.95       597
     concrete       0.87      0.73      0.79       156
paving_stones       0.95      0.94      0.95       326
         sett       0.94      0.95      0.95       218
      unpaved       0.90      0.96      0.93       163

     accuracy                           0.93      1460
    macro avg       0.92      0.91      0.91      1460
 weighted avg       0.93      0.93      0.93      1460

2025-04-07 20:00:09,538 - INFO - [Epoch 12] Train Loss: 21.6152, Accuracy: 98.15%
2025-04-07 20:00:45,962 - INFO - Validation Loss: 35.9295, Accuracy: 93.36%
2025-04-07 20:00:45,963 - INFO -   Class [asphalt] Accuracy: 92.29% (551/597)
2025-04-07 20:00:45,963 - INFO -   Class [concrete] Accuracy: 84.62% (132/156)
2025-04-07 20:00:45,963 - INFO -   Class [paving_stones] Accuracy: 96.32% (314/326)
2025-04-07 20:00:45,963 - INFO -   Class [sett] Accuracy: 95.41% (208/218)
2025-04-07 20:00:45,963 - INFO -   Class [unpaved] Accuracy: 96.93% (158/163)
2025-04-07 20:00:45,966 - INFO - 
Confusion Matrix:
[[551  30   4   3   9]
 [ 15 132   1   0   8]
 [  0   4 314   8   0]
 [  1   0   9 208   0]
 [  2   2   0   1 158]]
2025-04-07 20:00:45,978 - INFO - 
Classification Report:
               precision    recall  f1-score   support

      asphalt       0.97      0.92      0.95       597
     concrete       0.79      0.85      0.81       156
paving_stones       0.96      0.96      0.96       326
         sett       0.95      0.95      0.95       218
      unpaved       0.90      0.97      0.93       163

     accuracy                           0.93      1460
    macro avg       0.91      0.93      0.92      1460
 weighted avg       0.94      0.93      0.93      1460

2025-04-07 20:03:52,932 - INFO - [Epoch 13] Train Loss: 16.2840, Accuracy: 98.68%
2025-04-07 20:04:28,026 - INFO - Validation Loss: 34.0216, Accuracy: 92.12%
2025-04-07 20:04:28,026 - INFO -   Class [asphalt] Accuracy: 89.45% (534/597)
2025-04-07 20:04:28,026 - INFO -   Class [concrete] Accuracy: 86.54% (135/156)
2025-04-07 20:04:28,026 - INFO -   Class [paving_stones] Accuracy: 96.93% (316/326)
2025-04-07 20:04:28,026 - INFO -   Class [sett] Accuracy: 92.20% (201/218)
2025-04-07 20:04:28,026 - INFO -   Class [unpaved] Accuracy: 97.55% (159/163)
2025-04-07 20:04:28,030 - INFO - 
Confusion Matrix:
[[534  38   6   3  16]
 [ 14 135   1   0   6]
 [  1   4 316   5   0]
 [  2   1  14 201   0]
 [  0   4   0   0 159]]
2025-04-07 20:04:28,042 - INFO - 
Classification Report:
               precision    recall  f1-score   support

      asphalt       0.97      0.89      0.93       597
     concrete       0.74      0.87      0.80       156
paving_stones       0.94      0.97      0.95       326
         sett       0.96      0.92      0.94       218
      unpaved       0.88      0.98      0.92       163

     accuracy                           0.92      1460
    macro avg       0.90      0.93      0.91      1460
 weighted avg       0.93      0.92      0.92      1460

2025-04-07 20:07:35,529 - INFO - [Epoch 14] Train Loss: 20.3826, Accuracy: 98.41%
2025-04-07 20:08:09,960 - INFO - Validation Loss: 42.8221, Accuracy: 93.36%
2025-04-07 20:08:09,960 - INFO -   Class [asphalt] Accuracy: 93.80% (560/597)
2025-04-07 20:08:09,960 - INFO -   Class [concrete] Accuracy: 83.33% (130/156)
2025-04-07 20:08:09,960 - INFO -   Class [paving_stones] Accuracy: 92.94% (303/326)
2025-04-07 20:08:09,960 - INFO -   Class [sett] Accuracy: 97.25% (212/218)
2025-04-07 20:08:09,960 - INFO -   Class [unpaved] Accuracy: 96.93% (158/163)
2025-04-07 20:08:09,963 - INFO - 
Confusion Matrix:
[[560  17   4   2  14]
 [ 21 130   0   0   5]
 [  1   6 303  16   0]
 [  0   0   4 212   2]
 [  1   3   0   1 158]]
2025-04-07 20:08:09,975 - INFO - 
Classification Report:
               precision    recall  f1-score   support

      asphalt       0.96      0.94      0.95       597
     concrete       0.83      0.83      0.83       156
paving_stones       0.97      0.93      0.95       326
         sett       0.92      0.97      0.94       218
      unpaved       0.88      0.97      0.92       163

     accuracy                           0.93      1460
    macro avg       0.91      0.93      0.92      1460
 weighted avg       0.93      0.93      0.93      1460

2025-04-07 20:11:18,118 - INFO - [Epoch 15] Train Loss: 18.2420, Accuracy: 98.48%
2025-04-07 20:11:53,130 - INFO - Validation Loss: 42.1719, Accuracy: 93.36%
2025-04-07 20:11:53,130 - INFO -   Class [asphalt] Accuracy: 95.14% (568/597)
2025-04-07 20:11:53,130 - INFO -   Class [concrete] Accuracy: 76.92% (120/156)
2025-04-07 20:11:53,130 - INFO -   Class [paving_stones] Accuracy: 96.01% (313/326)
2025-04-07 20:11:53,130 - INFO -   Class [sett] Accuracy: 93.58% (204/218)
2025-04-07 20:11:53,130 - INFO -   Class [unpaved] Accuracy: 96.93% (158/163)
2025-04-07 20:11:53,133 - INFO - 
Confusion Matrix:
[[568   7   6   2  14]
 [ 25 120   1   0  10]
 [  2   5 313   5   1]
 [  1   0  13 204   0]
 [  3   1   0   1 158]]
2025-04-07 20:11:53,145 - INFO - 
Classification Report:
               precision    recall  f1-score   support

      asphalt       0.95      0.95      0.95       597
     concrete       0.90      0.77      0.83       156
paving_stones       0.94      0.96      0.95       326
         sett       0.96      0.94      0.95       218
      unpaved       0.86      0.97      0.91       163

     accuracy                           0.93      1460
    macro avg       0.92      0.92      0.92      1460
 weighted avg       0.93      0.93      0.93      1460

2025-04-07 20:14:59,182 - INFO - [Epoch 16] Train Loss: 20.4072, Accuracy: 98.30%
2025-04-07 20:15:32,277 - INFO - Validation Loss: 40.7705, Accuracy: 93.29%
2025-04-07 20:15:32,278 - INFO -   Class [asphalt] Accuracy: 93.97% (561/597)
2025-04-07 20:15:32,278 - INFO -   Class [concrete] Accuracy: 81.41% (127/156)
2025-04-07 20:15:32,278 - INFO -   Class [paving_stones] Accuracy: 94.79% (309/326)
2025-04-07 20:15:32,278 - INFO -   Class [sett] Accuracy: 96.33% (210/218)
2025-04-07 20:15:32,278 - INFO -   Class [unpaved] Accuracy: 95.09% (155/163)
2025-04-07 20:15:32,281 - INFO - 
Confusion Matrix:
[[561  11   7   4  14]
 [ 25 127   0   1   3]
 [  3   4 309  10   0]
 [  0   0   8 210   0]
 [  4   1   0   3 155]]
2025-04-07 20:15:32,293 - INFO - 
Classification Report:
               precision    recall  f1-score   support

      asphalt       0.95      0.94      0.94       597
     concrete       0.89      0.81      0.85       156
paving_stones       0.95      0.95      0.95       326
         sett       0.92      0.96      0.94       218
      unpaved       0.90      0.95      0.93       163

     accuracy                           0.93      1460
    macro avg       0.92      0.92      0.92      1460
 weighted avg       0.93      0.93      0.93      1460

2025-04-07 20:18:39,198 - INFO - [Epoch 17] Train Loss: 12.5086, Accuracy: 98.77%
2025-04-07 20:19:13,654 - INFO - Validation Loss: 39.2130, Accuracy: 93.70%
2025-04-07 20:19:13,654 - INFO -   Class [asphalt] Accuracy: 92.96% (555/597)
2025-04-07 20:19:13,654 - INFO -   Class [concrete] Accuracy: 89.74% (140/156)
2025-04-07 20:19:13,654 - INFO -   Class [paving_stones] Accuracy: 96.93% (316/326)
2025-04-07 20:19:13,655 - INFO -   Class [sett] Accuracy: 94.50% (206/218)
2025-04-07 20:19:13,655 - INFO -   Class [unpaved] Accuracy: 92.64% (151/163)
2025-04-07 20:19:13,658 - INFO - 
Confusion Matrix:
[[555  26   7   0   9]
 [ 12 140   1   0   3]
 [  1   4 316   4   1]
 [  0   0  11 206   1]
 [  5   7   0   0 151]]
2025-04-07 20:19:13,670 - INFO - 
Classification Report:
               precision    recall  f1-score   support

      asphalt       0.97      0.93      0.95       597
     concrete       0.79      0.90      0.84       156
paving_stones       0.94      0.97      0.96       326
         sett       0.98      0.94      0.96       218
      unpaved       0.92      0.93      0.92       163

     accuracy                           0.94      1460
    macro avg       0.92      0.93      0.93      1460
 weighted avg       0.94      0.94      0.94      1460

2025-04-07 20:19:14,546 - INFO - New best model saved with accuracy: 93.70%
2025-04-07 20:22:23,080 - INFO - [Epoch 18] Train Loss: 16.8229, Accuracy: 98.92%
2025-04-07 20:22:59,280 - INFO - Validation Loss: 39.3295, Accuracy: 93.90%
2025-04-07 20:22:59,280 - INFO -   Class [asphalt] Accuracy: 96.98% (579/597)
2025-04-07 20:22:59,280 - INFO -   Class [concrete] Accuracy: 81.41% (127/156)
2025-04-07 20:22:59,280 - INFO -   Class [paving_stones] Accuracy: 95.09% (310/326)
2025-04-07 20:22:59,281 - INFO -   Class [sett] Accuracy: 95.41% (208/218)
2025-04-07 20:22:59,281 - INFO -   Class [unpaved] Accuracy: 90.18% (147/163)
2025-04-07 20:22:59,284 - INFO - 
Confusion Matrix:
[[579  12   2   1   3]
 [ 23 127   2   0   4]
 [  3   1 310  12   0]
 [  1   0   9 208   0]
 [ 12   4   0   0 147]]
2025-04-07 20:22:59,296 - INFO - 
Classification Report:
               precision    recall  f1-score   support

      asphalt       0.94      0.97      0.95       597
     concrete       0.88      0.81      0.85       156
paving_stones       0.96      0.95      0.96       326
         sett       0.94      0.95      0.95       218
      unpaved       0.95      0.90      0.93       163

     accuracy                           0.94      1460
    macro avg       0.93      0.92      0.93      1460
 weighted avg       0.94      0.94      0.94      1460

2025-04-07 20:23:00,191 - INFO - New best model saved with accuracy: 93.90%
2025-04-07 20:26:06,552 - INFO - [Epoch 19] Train Loss: 12.4226, Accuracy: 99.01%
2025-04-07 20:26:41,389 - INFO - Validation Loss: 46.1178, Accuracy: 93.36%
2025-04-07 20:26:41,389 - INFO -   Class [asphalt] Accuracy: 93.80% (560/597)
2025-04-07 20:26:41,389 - INFO -   Class [concrete] Accuracy: 82.05% (128/156)
2025-04-07 20:26:41,389 - INFO -   Class [paving_stones] Accuracy: 95.40% (311/326)
2025-04-07 20:26:41,389 - INFO -   Class [sett] Accuracy: 96.33% (210/218)
2025-04-07 20:26:41,390 - INFO -   Class [unpaved] Accuracy: 94.48% (154/163)
2025-04-07 20:26:41,393 - INFO - 
Confusion Matrix:
[[560  21   3   4   9]
 [ 19 128   0   0   9]
 [  3   4 311   8   0]
 [  0   0   8 210   0]
 [  6   1   0   2 154]]
2025-04-07 20:26:41,404 - INFO - 
Classification Report:
               precision    recall  f1-score   support

      asphalt       0.95      0.94      0.95       597
     concrete       0.83      0.82      0.83       156
paving_stones       0.97      0.95      0.96       326
         sett       0.94      0.96      0.95       218
      unpaved       0.90      0.94      0.92       163

     accuracy                           0.93      1460
    macro avg       0.92      0.92      0.92      1460
 weighted avg       0.93      0.93      0.93      1460

2025-04-07 20:29:48,167 - INFO - [Epoch 20] Train Loss: 8.2021, Accuracy: 99.07%
2025-04-07 20:30:23,087 - INFO - Validation Loss: 51.3517, Accuracy: 93.42%
2025-04-07 20:30:23,087 - INFO -   Class [asphalt] Accuracy: 95.48% (570/597)
2025-04-07 20:30:23,087 - INFO -   Class [concrete] Accuracy: 76.28% (119/156)
2025-04-07 20:30:23,087 - INFO -   Class [paving_stones] Accuracy: 95.71% (312/326)
2025-04-07 20:30:23,087 - INFO -   Class [sett] Accuracy: 95.87% (209/218)
2025-04-07 20:30:23,087 - INFO -   Class [unpaved] Accuracy: 94.48% (154/163)
2025-04-07 20:30:23,091 - INFO - 
Confusion Matrix:
[[570  12   4   4   7]
 [ 33 119   0   0   4]
 [  1   4 312   9   0]
 [  1   0   8 209   0]
 [  6   1   0   2 154]]
2025-04-07 20:30:23,103 - INFO - 
Classification Report:
               precision    recall  f1-score   support

      asphalt       0.93      0.95      0.94       597
     concrete       0.88      0.76      0.82       156
paving_stones       0.96      0.96      0.96       326
         sett       0.93      0.96      0.95       218
      unpaved       0.93      0.94      0.94       163

     accuracy                           0.93      1460
    macro avg       0.93      0.92      0.92      1460
 weighted avg       0.93      0.93      0.93      1460

2025-04-07 20:33:30,143 - INFO - [Epoch 21] Train Loss: 13.8886, Accuracy: 98.90%
2025-04-07 20:34:04,687 - INFO - Validation Loss: 45.4222, Accuracy: 94.18%
2025-04-07 20:34:04,687 - INFO -   Class [asphalt] Accuracy: 95.81% (572/597)
2025-04-07 20:34:04,687 - INFO -   Class [concrete] Accuracy: 74.36% (116/156)
2025-04-07 20:34:04,687 - INFO -   Class [paving_stones] Accuracy: 97.55% (318/326)
2025-04-07 20:34:04,687 - INFO -   Class [sett] Accuracy: 96.79% (211/218)
2025-04-07 20:34:04,687 - INFO -   Class [unpaved] Accuracy: 96.93% (158/163)
2025-04-07 20:34:04,690 - INFO - 
Confusion Matrix:
[[572   7   6   2  10]
 [ 29 116   2   0   9]
 [  0   1 318   7   0]
 [  0   0   7 211   0]
 [  4   0   0   1 158]]
2025-04-07 20:34:04,702 - INFO - 
Classification Report:
               precision    recall  f1-score   support

      asphalt       0.95      0.96      0.95       597
     concrete       0.94      0.74      0.83       156
paving_stones       0.95      0.98      0.97       326
         sett       0.95      0.97      0.96       218
      unpaved       0.89      0.97      0.93       163

     accuracy                           0.94      1460
    macro avg       0.94      0.92      0.93      1460
 weighted avg       0.94      0.94      0.94      1460

2025-04-07 20:34:05,581 - INFO - New best model saved with accuracy: 94.18%
2025-04-07 20:37:12,807 - INFO - [Epoch 22] Train Loss: 10.8210, Accuracy: 98.82%
2025-04-07 20:37:47,397 - INFO - Validation Loss: 50.2842, Accuracy: 94.04%
2025-04-07 20:37:47,397 - INFO -   Class [asphalt] Accuracy: 96.48% (576/597)
2025-04-07 20:37:47,397 - INFO -   Class [concrete] Accuracy: 77.56% (121/156)
2025-04-07 20:37:47,397 - INFO -   Class [paving_stones] Accuracy: 96.93% (316/326)
2025-04-07 20:37:47,397 - INFO -   Class [sett] Accuracy: 95.87% (209/218)
2025-04-07 20:37:47,397 - INFO -   Class [unpaved] Accuracy: 92.64% (151/163)
2025-04-07 20:37:47,400 - INFO - 
Confusion Matrix:
[[576  10   4   2   5]
 [ 30 121   1   0   4]
 [  0   5 316   5   0]
 [  0   0   9 209   0]
 [ 10   1   0   1 151]]
2025-04-07 20:37:47,412 - INFO - 
Classification Report:
               precision    recall  f1-score   support

      asphalt       0.94      0.96      0.95       597
     concrete       0.88      0.78      0.83       156
paving_stones       0.96      0.97      0.96       326
         sett       0.96      0.96      0.96       218
      unpaved       0.94      0.93      0.93       163

     accuracy                           0.94      1460
    macro avg       0.94      0.92      0.93      1460
 weighted avg       0.94      0.94      0.94      1460

2025-04-07 20:40:53,642 - INFO - [Epoch 23] Train Loss: 7.2979, Accuracy: 99.42%
2025-04-07 20:41:27,983 - INFO - Validation Loss: 52.2486, Accuracy: 94.52%
2025-04-07 20:41:27,983 - INFO -   Class [asphalt] Accuracy: 96.98% (579/597)
2025-04-07 20:41:27,983 - INFO -   Class [concrete] Accuracy: 83.33% (130/156)
2025-04-07 20:41:27,983 - INFO -   Class [paving_stones] Accuracy: 95.71% (312/326)
2025-04-07 20:41:27,983 - INFO -   Class [sett] Accuracy: 95.87% (209/218)
2025-04-07 20:41:27,983 - INFO -   Class [unpaved] Accuracy: 92.02% (150/163)
2025-04-07 20:41:27,986 - INFO - 
Confusion Matrix:
[[579  10   3   0   5]
 [ 21 130   1   0   4]
 [  2   5 312   7   0]
 [  0   0   9 209   0]
 [ 11   1   0   1 150]]
2025-04-07 20:41:27,999 - INFO - 
Classification Report:
               precision    recall  f1-score   support

      asphalt       0.94      0.97      0.96       597
     concrete       0.89      0.83      0.86       156
paving_stones       0.96      0.96      0.96       326
         sett       0.96      0.96      0.96       218
      unpaved       0.94      0.92      0.93       163

     accuracy                           0.95      1460
    macro avg       0.94      0.93      0.93      1460
 weighted avg       0.94      0.95      0.94      1460

2025-04-07 20:41:28,897 - INFO - New best model saved with accuracy: 94.52%
2025-04-07 20:44:35,541 - INFO - [Epoch 24] Train Loss: 10.9255, Accuracy: 99.07%
2025-04-07 20:45:09,494 - INFO - Validation Loss: 50.0101, Accuracy: 93.49%
2025-04-07 20:45:09,494 - INFO -   Class [asphalt] Accuracy: 94.81% (566/597)
2025-04-07 20:45:09,495 - INFO -   Class [concrete] Accuracy: 84.62% (132/156)
2025-04-07 20:45:09,495 - INFO -   Class [paving_stones] Accuracy: 97.55% (318/326)
2025-04-07 20:45:09,495 - INFO -   Class [sett] Accuracy: 93.58% (204/218)
2025-04-07 20:45:09,495 - INFO -   Class [unpaved] Accuracy: 88.96% (145/163)
2025-04-07 20:45:09,498 - INFO - 
Confusion Matrix:
[[566  18   6   1   6]
 [ 18 132   3   0   3]
 [  2   3 318   3   0]
 [  2   0  10 204   2]
 [ 16   1   0   1 145]]
2025-04-07 20:45:09,510 - INFO - 
Classification Report:
               precision    recall  f1-score   support

      asphalt       0.94      0.95      0.94       597
     concrete       0.86      0.85      0.85       156
paving_stones       0.94      0.98      0.96       326
         sett       0.98      0.94      0.96       218
      unpaved       0.93      0.89      0.91       163

     accuracy                           0.93      1460
    macro avg       0.93      0.92      0.92      1460
 weighted avg       0.93      0.93      0.93      1460

2025-04-07 20:48:16,753 - INFO - [Epoch 25] Train Loss: 5.6129, Accuracy: 99.42%
2025-04-07 20:48:49,746 - INFO - Validation Loss: 50.2546, Accuracy: 93.84%
2025-04-07 20:48:49,746 - INFO -   Class [asphalt] Accuracy: 95.31% (569/597)
2025-04-07 20:48:49,746 - INFO -   Class [concrete] Accuracy: 83.97% (131/156)
2025-04-07 20:48:49,746 - INFO -   Class [paving_stones] Accuracy: 94.48% (308/326)
2025-04-07 20:48:49,746 - INFO -   Class [sett] Accuracy: 98.17% (214/218)
2025-04-07 20:48:49,746 - INFO -   Class [unpaved] Accuracy: 90.80% (148/163)
2025-04-07 20:48:49,750 - INFO - 
Confusion Matrix:
[[569  19   2   3   4]
 [ 21 131   0   0   4]
 [  1   4 308  12   1]
 [  0   0   4 214   0]
 [  9   3   0   3 148]]
2025-04-07 20:48:49,762 - INFO - 
Classification Report:
               precision    recall  f1-score   support

      asphalt       0.95      0.95      0.95       597
     concrete       0.83      0.84      0.84       156
paving_stones       0.98      0.94      0.96       326
         sett       0.92      0.98      0.95       218
      unpaved       0.94      0.91      0.93       163

     accuracy                           0.94      1460
    macro avg       0.93      0.93      0.93      1460
 weighted avg       0.94      0.94      0.94      1460

2025-04-07 20:51:57,579 - INFO - [Epoch 26] Train Loss: 4.8630, Accuracy: 99.54%
2025-04-07 20:52:32,044 - INFO - Validation Loss: 70.4964, Accuracy: 93.49%
2025-04-07 20:52:32,045 - INFO -   Class [asphalt] Accuracy: 97.15% (580/597)
2025-04-07 20:52:32,045 - INFO -   Class [concrete] Accuracy: 73.08% (114/156)
2025-04-07 20:52:32,045 - INFO -   Class [paving_stones] Accuracy: 97.24% (317/326)
2025-04-07 20:52:32,045 - INFO -   Class [sett] Accuracy: 94.50% (206/218)
2025-04-07 20:52:32,045 - INFO -   Class [unpaved] Accuracy: 90.80% (148/163)
2025-04-07 20:52:32,048 - INFO - 
Confusion Matrix:
[[580   9   4   3   1]
 [ 34 114   5   0   3]
 [  0   2 317   7   0]
 [  0   0  12 206   0]
 [ 12   2   0   1 148]]
2025-04-07 20:52:32,060 - INFO - 
Classification Report:
               precision    recall  f1-score   support

      asphalt       0.93      0.97      0.95       597
     concrete       0.90      0.73      0.81       156
paving_stones       0.94      0.97      0.95       326
         sett       0.95      0.94      0.95       218
      unpaved       0.97      0.91      0.94       163

     accuracy                           0.93      1460
    macro avg       0.94      0.91      0.92      1460
 weighted avg       0.93      0.93      0.93      1460

2025-04-07 20:55:39,491 - INFO - [Epoch 27] Train Loss: 4.1076, Accuracy: 99.62%
2025-04-07 20:56:13,778 - INFO - Validation Loss: 51.8345, Accuracy: 93.36%
2025-04-07 20:56:13,778 - INFO -   Class [asphalt] Accuracy: 94.64% (565/597)
2025-04-07 20:56:13,778 - INFO -   Class [concrete] Accuracy: 76.92% (120/156)
2025-04-07 20:56:13,778 - INFO -   Class [paving_stones] Accuracy: 95.71% (312/326)
2025-04-07 20:56:13,779 - INFO -   Class [sett] Accuracy: 95.87% (209/218)
2025-04-07 20:56:13,779 - INFO -   Class [unpaved] Accuracy: 96.32% (157/163)
2025-04-07 20:56:13,782 - INFO - 
Confusion Matrix:
[[565  10   7   3  12]
 [ 26 120   2   0   8]
 [  1   5 312   8   0]
 [  1   0   8 209   0]
 [  5   1   0   0 157]]
2025-04-07 20:56:13,794 - INFO - 
Classification Report:
               precision    recall  f1-score   support

      asphalt       0.94      0.95      0.95       597
     concrete       0.88      0.77      0.82       156
paving_stones       0.95      0.96      0.95       326
         sett       0.95      0.96      0.95       218
      unpaved       0.89      0.96      0.92       163

     accuracy                           0.93      1460
    macro avg       0.92      0.92      0.92      1460
 weighted avg       0.93      0.93      0.93      1460

