2025-04-07 19:15:28,005 - INFO - Train Set Class Distribution:
surface_type
asphalt          2390
paving_stones    1303
sett              872
unpaved           650
concrete          622
Name: count, dtype: int64
2025-04-07 19:15:28,006 - INFO - Validation Set Class Distribution:
surface_type
asphalt          597
paving_stones    326
sett             218
unpaved          163
concrete         156
Name: count, dtype: int64
2025-04-07 19:15:28,006 - INFO - Test Set Class Distribution:
surface_type
asphalt          747
paving_stones    408
sett             273
unpaved          203
concrete         194
Name: count, dtype: int64
2025-04-07 19:18:23,074 - INFO - [Epoch 1] Train Loss: 100.1853, Accuracy: 81.53%
2025-04-07 19:18:57,593 - INFO - Validation Loss: 12.3584, Accuracy: 89.86%
2025-04-07 19:18:57,594 - INFO -   Class [asphalt] Accuracy: 86.60% (517/597)
2025-04-07 19:18:57,594 - INFO -   Class [concrete] Accuracy: 77.56% (121/156)
2025-04-07 19:18:57,594 - INFO -   Class [paving_stones] Accuracy: 94.79% (309/326)
2025-04-07 19:18:57,594 - INFO -   Class [sett] Accuracy: 95.87% (209/218)
2025-04-07 19:18:57,594 - INFO -   Class [unpaved] Accuracy: 95.71% (156/163)
2025-04-07 19:18:57,598 - INFO - 
Confusion Matrix:
[[517  44  10   4  22]
 [ 17 121   4   0  14]
 [  2   2 309  12   1]
 [  1   1   6 209   1]
 [  5   2   0   0 156]]
2025-04-07 19:18:57,611 - INFO - 
Classification Report:
               precision    recall  f1-score   support

      asphalt       0.95      0.87      0.91       597
     concrete       0.71      0.78      0.74       156
paving_stones       0.94      0.95      0.94       326
         sett       0.93      0.96      0.94       218
      unpaved       0.80      0.96      0.87       163

     accuracy                           0.90      1460
    macro avg       0.87      0.90      0.88      1460
 weighted avg       0.90      0.90      0.90      1460

2025-04-07 19:18:58,695 - INFO - New best model saved with accuracy: 89.86%
2025-04-07 19:21:52,033 - INFO - [Epoch 2] Train Loss: 36.9431, Accuracy: 92.82%
2025-04-07 19:22:26,684 - INFO - Validation Loss: 15.4446, Accuracy: 87.40%
2025-04-07 19:22:26,685 - INFO -   Class [asphalt] Accuracy: 81.57% (487/597)
2025-04-07 19:22:26,685 - INFO -   Class [concrete] Accuracy: 83.33% (130/156)
2025-04-07 19:22:26,685 - INFO -   Class [paving_stones] Accuracy: 93.56% (305/326)
2025-04-07 19:22:26,685 - INFO -   Class [sett] Accuracy: 89.45% (195/218)
2025-04-07 19:22:26,685 - INFO -   Class [unpaved] Accuracy: 97.55% (159/163)
2025-04-07 19:22:26,688 - INFO - 
Confusion Matrix:
[[487  80   4   1  25]
 [ 11 130   0   0  15]
 [  2   9 305   7   3]
 [  1   1  20 195   1]
 [  4   0   0   0 159]]
2025-04-07 19:22:26,701 - INFO - 
Classification Report:
               precision    recall  f1-score   support

      asphalt       0.96      0.82      0.88       597
     concrete       0.59      0.83      0.69       156
paving_stones       0.93      0.94      0.93       326
         sett       0.96      0.89      0.93       218
      unpaved       0.78      0.98      0.87       163

     accuracy                           0.87      1460
    macro avg       0.85      0.89      0.86      1460
 weighted avg       0.90      0.87      0.88      1460

2025-04-07 19:25:17,903 - INFO - [Epoch 3] Train Loss: 26.0533, Accuracy: 95.03%
2025-04-07 19:25:52,712 - INFO - Validation Loss: 11.3333, Accuracy: 92.88%
2025-04-07 19:25:52,713 - INFO -   Class [asphalt] Accuracy: 93.63% (559/597)
2025-04-07 19:25:52,713 - INFO -   Class [concrete] Accuracy: 80.13% (125/156)
2025-04-07 19:25:52,713 - INFO -   Class [paving_stones] Accuracy: 94.79% (309/326)
2025-04-07 19:25:52,713 - INFO -   Class [sett] Accuracy: 94.95% (207/218)
2025-04-07 19:25:52,713 - INFO -   Class [unpaved] Accuracy: 95.71% (156/163)
2025-04-07 19:25:52,716 - INFO - 
Confusion Matrix:
[[559  19   6   1  12]
 [ 23 125   0   0   8]
 [  1   4 309  11   1]
 [  2   0   9 207   0]
 [  6   0   0   1 156]]
2025-04-07 19:25:52,729 - INFO - 
Classification Report:
               precision    recall  f1-score   support

      asphalt       0.95      0.94      0.94       597
     concrete       0.84      0.80      0.82       156
paving_stones       0.95      0.95      0.95       326
         sett       0.94      0.95      0.95       218
      unpaved       0.88      0.96      0.92       163

     accuracy                           0.93      1460
    macro avg       0.91      0.92      0.92      1460
 weighted avg       0.93      0.93      0.93      1460

2025-04-07 19:25:53,801 - INFO - New best model saved with accuracy: 92.88%
2025-04-07 19:28:46,858 - INFO - [Epoch 4] Train Loss: 16.5435, Accuracy: 97.04%
2025-04-07 19:29:23,027 - INFO - Validation Loss: 12.3790, Accuracy: 91.23%
2025-04-07 19:29:23,027 - INFO -   Class [asphalt] Accuracy: 88.78% (530/597)
2025-04-07 19:29:23,027 - INFO -   Class [concrete] Accuracy: 85.26% (133/156)
2025-04-07 19:29:23,027 - INFO -   Class [paving_stones] Accuracy: 92.02% (300/326)
2025-04-07 19:29:23,027 - INFO -   Class [sett] Accuracy: 97.25% (212/218)
2025-04-07 19:29:23,027 - INFO -   Class [unpaved] Accuracy: 96.32% (157/163)
2025-04-07 19:29:23,030 - INFO - 
Confusion Matrix:
[[530  48   5   0  14]
 [ 14 133   0   0   9]
 [  1   6 300  16   3]
 [  0   1   4 212   1]
 [  4   1   0   1 157]]
2025-04-07 19:29:23,043 - INFO - 
Classification Report:
               precision    recall  f1-score   support

      asphalt       0.97      0.89      0.92       597
     concrete       0.70      0.85      0.77       156
paving_stones       0.97      0.92      0.94       326
         sett       0.93      0.97      0.95       218
      unpaved       0.85      0.96      0.90       163

     accuracy                           0.91      1460
    macro avg       0.88      0.92      0.90      1460
 weighted avg       0.92      0.91      0.91      1460

2025-04-07 19:32:11,874 - INFO - [Epoch 5] Train Loss: 14.4536, Accuracy: 97.28%
2025-04-07 19:32:46,463 - INFO - Validation Loss: 12.3550, Accuracy: 91.92%
2025-04-07 19:32:46,463 - INFO -   Class [asphalt] Accuracy: 89.45% (534/597)
2025-04-07 19:32:46,463 - INFO -   Class [concrete] Accuracy: 85.90% (134/156)
2025-04-07 19:32:46,463 - INFO -   Class [paving_stones] Accuracy: 96.93% (316/326)
2025-04-07 19:32:46,463 - INFO -   Class [sett] Accuracy: 92.66% (202/218)
2025-04-07 19:32:46,463 - INFO -   Class [unpaved] Accuracy: 95.71% (156/163)
2025-04-07 19:32:46,466 - INFO - 
Confusion Matrix:
[[534  44  10   1   8]
 [ 14 134   1   0   7]
 [  2   3 316   4   1]
 [  0   1  15 202   0]
 [  5   1   0   1 156]]
2025-04-07 19:32:46,479 - INFO - 
Classification Report:
               precision    recall  f1-score   support

      asphalt       0.96      0.89      0.93       597
     concrete       0.73      0.86      0.79       156
paving_stones       0.92      0.97      0.95       326
         sett       0.97      0.93      0.95       218
      unpaved       0.91      0.96      0.93       163

     accuracy                           0.92      1460
    macro avg       0.90      0.92      0.91      1460
 weighted avg       0.92      0.92      0.92      1460

2025-04-07 19:35:37,340 - INFO - [Epoch 6] Train Loss: 8.6416, Accuracy: 98.20%
2025-04-07 19:36:12,026 - INFO - Validation Loss: 17.9148, Accuracy: 93.56%
2025-04-07 19:36:12,026 - INFO -   Class [asphalt] Accuracy: 96.98% (579/597)
2025-04-07 19:36:12,026 - INFO -   Class [concrete] Accuracy: 76.28% (119/156)
2025-04-07 19:36:12,026 - INFO -   Class [paving_stones] Accuracy: 94.17% (307/326)
2025-04-07 19:36:12,026 - INFO -   Class [sett] Accuracy: 96.79% (211/218)
2025-04-07 19:36:12,026 - INFO -   Class [unpaved] Accuracy: 92.02% (150/163)
2025-04-07 19:36:12,029 - INFO - 
Confusion Matrix:
[[579  13   3   0   2]
 [ 29 119   1   1   6]
 [  2   4 307  13   0]
 [  1   1   5 211   0]
 [ 12   1   0   0 150]]
2025-04-07 19:36:12,042 - INFO - 
Classification Report:
               precision    recall  f1-score   support

      asphalt       0.93      0.97      0.95       597
     concrete       0.86      0.76      0.81       156
paving_stones       0.97      0.94      0.96       326
         sett       0.94      0.97      0.95       218
      unpaved       0.95      0.92      0.93       163

     accuracy                           0.94      1460
    macro avg       0.93      0.91      0.92      1460
 weighted avg       0.94      0.94      0.93      1460

2025-04-07 19:36:13,126 - INFO - New best model saved with accuracy: 93.56%
2025-04-07 19:39:01,735 - INFO - [Epoch 7] Train Loss: 5.8239, Accuracy: 99.23%
2025-04-07 19:39:36,357 - INFO - Validation Loss: 15.8228, Accuracy: 92.33%
2025-04-07 19:39:36,357 - INFO -   Class [asphalt] Accuracy: 92.96% (555/597)
2025-04-07 19:39:36,357 - INFO -   Class [concrete] Accuracy: 80.77% (126/156)
2025-04-07 19:39:36,357 - INFO -   Class [paving_stones] Accuracy: 93.87% (306/326)
2025-04-07 19:39:36,358 - INFO -   Class [sett] Accuracy: 95.41% (208/218)
2025-04-07 19:39:36,358 - INFO -   Class [unpaved] Accuracy: 93.87% (153/163)
2025-04-07 19:39:36,361 - INFO - 
Confusion Matrix:
[[555  30   3   1   8]
 [ 20 126   0   0  10]
 [  3   3 306  12   2]
 [  4   1   5 208   0]
 [  9   1   0   0 153]]
2025-04-07 19:39:36,373 - INFO - 
Classification Report:
               precision    recall  f1-score   support

      asphalt       0.94      0.93      0.93       597
     concrete       0.78      0.81      0.79       156
paving_stones       0.97      0.94      0.96       326
         sett       0.94      0.95      0.95       218
      unpaved       0.88      0.94      0.91       163

     accuracy                           0.92      1460
    macro avg       0.90      0.91      0.91      1460
 weighted avg       0.92      0.92      0.92      1460

2025-04-07 19:42:26,464 - INFO - [Epoch 8] Train Loss: 6.2919, Accuracy: 98.92%
2025-04-07 19:42:59,815 - INFO - Validation Loss: 21.3276, Accuracy: 92.53%
2025-04-07 19:42:59,815 - INFO -   Class [asphalt] Accuracy: 95.81% (572/597)
2025-04-07 19:42:59,815 - INFO -   Class [concrete] Accuracy: 66.03% (103/156)
2025-04-07 19:42:59,815 - INFO -   Class [paving_stones] Accuracy: 95.40% (311/326)
2025-04-07 19:42:59,815 - INFO -   Class [sett] Accuracy: 95.87% (209/218)
2025-04-07 19:42:59,815 - INFO -   Class [unpaved] Accuracy: 95.71% (156/163)
2025-04-07 19:42:59,818 - INFO - 
Confusion Matrix:
[[572  10   2   0  13]
 [ 39 103   0   0  14]
 [  2   3 311   9   1]
 [  0   2   7 209   0]
 [  5   0   1   1 156]]
2025-04-07 19:42:59,831 - INFO - 
Classification Report:
               precision    recall  f1-score   support

      asphalt       0.93      0.96      0.94       597
     concrete       0.87      0.66      0.75       156
paving_stones       0.97      0.95      0.96       326
         sett       0.95      0.96      0.96       218
      unpaved       0.85      0.96      0.90       163

     accuracy                           0.93      1460
    macro avg       0.91      0.90      0.90      1460
 weighted avg       0.93      0.93      0.92      1460

2025-04-07 19:45:50,829 - INFO - [Epoch 9] Train Loss: 4.5555, Accuracy: 99.18%
2025-04-07 19:46:24,213 - INFO - Validation Loss: 16.5734, Accuracy: 92.74%
2025-04-07 19:46:24,214 - INFO -   Class [asphalt] Accuracy: 92.63% (553/597)
2025-04-07 19:46:24,214 - INFO -   Class [concrete] Accuracy: 83.33% (130/156)
2025-04-07 19:46:24,214 - INFO -   Class [paving_stones] Accuracy: 96.32% (314/326)
2025-04-07 19:46:24,214 - INFO -   Class [sett] Accuracy: 92.20% (201/218)
2025-04-07 19:46:24,214 - INFO -   Class [unpaved] Accuracy: 95.71% (156/163)
2025-04-07 19:46:24,217 - INFO - 
Confusion Matrix:
[[553  27   6   1  10]
 [ 17 130   0   0   9]
 [  3   2 314   5   2]
 [  2   0  14 201   1]
 [  6   1   0   0 156]]
2025-04-07 19:46:24,230 - INFO - 
Classification Report:
               precision    recall  f1-score   support

      asphalt       0.95      0.93      0.94       597
     concrete       0.81      0.83      0.82       156
paving_stones       0.94      0.96      0.95       326
         sett       0.97      0.92      0.95       218
      unpaved       0.88      0.96      0.91       163

     accuracy                           0.93      1460
    macro avg       0.91      0.92      0.91      1460
 weighted avg       0.93      0.93      0.93      1460

2025-04-07 19:49:15,245 - INFO - [Epoch 10] Train Loss: 4.1093, Accuracy: 99.30%
2025-04-07 19:49:49,813 - INFO - Validation Loss: 16.6922, Accuracy: 93.42%
2025-04-07 19:49:49,814 - INFO -   Class [asphalt] Accuracy: 94.81% (566/597)
2025-04-07 19:49:49,814 - INFO -   Class [concrete] Accuracy: 78.21% (122/156)
2025-04-07 19:49:49,814 - INFO -   Class [paving_stones] Accuracy: 95.40% (311/326)
2025-04-07 19:49:49,814 - INFO -   Class [sett] Accuracy: 94.95% (207/218)
2025-04-07 19:49:49,814 - INFO -   Class [unpaved] Accuracy: 96.93% (158/163)
2025-04-07 19:49:49,817 - INFO - 
Confusion Matrix:
[[566  16   4   0  11]
 [ 22 122   0   0  12]
 [  2   4 311   7   2]
 [  3   1   7 207   0]
 [  4   1   0   0 158]]
2025-04-07 19:49:49,829 - INFO - 
Classification Report:
               precision    recall  f1-score   support

      asphalt       0.95      0.95      0.95       597
     concrete       0.85      0.78      0.81       156
paving_stones       0.97      0.95      0.96       326
         sett       0.97      0.95      0.96       218
      unpaved       0.86      0.97      0.91       163

     accuracy                           0.93      1460
    macro avg       0.92      0.92      0.92      1460
 weighted avg       0.93      0.93      0.93      1460

2025-04-07 19:52:38,878 - INFO - [Epoch 11] Train Loss: 2.6633, Accuracy: 99.45%
2025-04-07 19:53:13,592 - INFO - Validation Loss: 18.8999, Accuracy: 93.36%
2025-04-07 19:53:13,593 - INFO -   Class [asphalt] Accuracy: 94.64% (565/597)
2025-04-07 19:53:13,593 - INFO -   Class [concrete] Accuracy: 78.21% (122/156)
2025-04-07 19:53:13,593 - INFO -   Class [paving_stones] Accuracy: 95.71% (312/326)
2025-04-07 19:53:13,593 - INFO -   Class [sett] Accuracy: 95.87% (209/218)
2025-04-07 19:53:13,593 - INFO -   Class [unpaved] Accuracy: 95.09% (155/163)
2025-04-07 19:53:13,596 - INFO - 
Confusion Matrix:
[[565  16   7   2   7]
 [ 25 122   1   0   8]
 [  2   4 312   6   2]
 [  0   1   7 209   1]
 [  5   3   0   0 155]]
2025-04-07 19:53:13,609 - INFO - 
Classification Report:
               precision    recall  f1-score   support

      asphalt       0.95      0.95      0.95       597
     concrete       0.84      0.78      0.81       156
paving_stones       0.95      0.96      0.96       326
         sett       0.96      0.96      0.96       218
      unpaved       0.90      0.95      0.92       163

     accuracy                           0.93      1460
    macro avg       0.92      0.92      0.92      1460
 weighted avg       0.93      0.93      0.93      1460

2025-04-07 19:56:02,507 - INFO - [Epoch 12] Train Loss: 2.7288, Accuracy: 99.42%
2025-04-07 19:56:38,614 - INFO - Validation Loss: 21.3756, Accuracy: 93.22%
2025-04-07 19:56:38,614 - INFO -   Class [asphalt] Accuracy: 94.47% (564/597)
2025-04-07 19:56:38,614 - INFO -   Class [concrete] Accuracy: 81.41% (127/156)
2025-04-07 19:56:38,614 - INFO -   Class [paving_stones] Accuracy: 96.63% (315/326)
2025-04-07 19:56:38,614 - INFO -   Class [sett] Accuracy: 93.58% (204/218)
2025-04-07 19:56:38,614 - INFO -   Class [unpaved] Accuracy: 92.64% (151/163)
2025-04-07 19:56:38,617 - INFO - 
Confusion Matrix:
[[564  20   5   4   4]
 [ 22 127   1   1   5]
 [  1   3 315   5   2]
 [  0   0  14 204   0]
 [  8   1   0   3 151]]
2025-04-07 19:56:38,630 - INFO - 
Classification Report:
               precision    recall  f1-score   support

      asphalt       0.95      0.94      0.95       597
     concrete       0.84      0.81      0.83       156
paving_stones       0.94      0.97      0.95       326
         sett       0.94      0.94      0.94       218
      unpaved       0.93      0.93      0.93       163

     accuracy                           0.93      1460
    macro avg       0.92      0.92      0.92      1460
 weighted avg       0.93      0.93      0.93      1460

2025-04-07 19:59:28,325 - INFO - [Epoch 13] Train Loss: 2.1154, Accuracy: 99.62%
2025-04-07 20:00:02,883 - INFO - Validation Loss: 17.7635, Accuracy: 93.97%
2025-04-07 20:00:02,883 - INFO -   Class [asphalt] Accuracy: 94.14% (562/597)
2025-04-07 20:00:02,883 - INFO -   Class [concrete] Accuracy: 82.05% (128/156)
2025-04-07 20:00:02,883 - INFO -   Class [paving_stones] Accuracy: 95.40% (311/326)
2025-04-07 20:00:02,884 - INFO -   Class [sett] Accuracy: 97.71% (213/218)
2025-04-07 20:00:02,884 - INFO -   Class [unpaved] Accuracy: 96.93% (158/163)
2025-04-07 20:00:02,887 - INFO - 
Confusion Matrix:
[[562  17   6   0  12]
 [ 17 128   0   0  11]
 [  1   3 311   9   2]
 [  0   0   5 213   0]
 [  3   2   0   0 158]]
2025-04-07 20:00:02,899 - INFO - 
Classification Report:
               precision    recall  f1-score   support

      asphalt       0.96      0.94      0.95       597
     concrete       0.85      0.82      0.84       156
paving_stones       0.97      0.95      0.96       326
         sett       0.96      0.98      0.97       218
      unpaved       0.86      0.97      0.91       163

     accuracy                           0.94      1460
    macro avg       0.92      0.93      0.93      1460
 weighted avg       0.94      0.94      0.94      1460

2025-04-07 20:00:03,992 - INFO - New best model saved with accuracy: 93.97%
2025-04-07 20:02:54,259 - INFO - [Epoch 14] Train Loss: 2.1372, Accuracy: 99.62%
2025-04-07 20:03:29,132 - INFO - Validation Loss: 17.0275, Accuracy: 93.70%
2025-04-07 20:03:29,133 - INFO -   Class [asphalt] Accuracy: 94.14% (562/597)
2025-04-07 20:03:29,133 - INFO -   Class [concrete] Accuracy: 83.97% (131/156)
2025-04-07 20:03:29,133 - INFO -   Class [paving_stones] Accuracy: 96.01% (313/326)
2025-04-07 20:03:29,133 - INFO -   Class [sett] Accuracy: 94.04% (205/218)
2025-04-07 20:03:29,133 - INFO -   Class [unpaved] Accuracy: 96.32% (157/163)
2025-04-07 20:03:29,136 - INFO - 
Confusion Matrix:
[[562  18   4   1  12]
 [ 17 131   1   0   7]
 [  1   3 313   7   2]
 [  1   1  11 205   0]
 [  2   4   0   0 157]]
2025-04-07 20:03:29,148 - INFO - 
Classification Report:
               precision    recall  f1-score   support

      asphalt       0.96      0.94      0.95       597
     concrete       0.83      0.84      0.84       156
paving_stones       0.95      0.96      0.96       326
         sett       0.96      0.94      0.95       218
      unpaved       0.88      0.96      0.92       163

     accuracy                           0.94      1460
    macro avg       0.92      0.93      0.92      1460
 weighted avg       0.94      0.94      0.94      1460

2025-04-07 20:06:20,735 - INFO - [Epoch 15] Train Loss: 1.8908, Accuracy: 99.50%
2025-04-07 20:06:55,293 - INFO - Validation Loss: 20.2758, Accuracy: 93.22%
2025-04-07 20:06:55,294 - INFO -   Class [asphalt] Accuracy: 94.30% (563/597)
2025-04-07 20:06:55,294 - INFO -   Class [concrete] Accuracy: 78.85% (123/156)
2025-04-07 20:06:55,294 - INFO -   Class [paving_stones] Accuracy: 94.48% (308/326)
2025-04-07 20:06:55,294 - INFO -   Class [sett] Accuracy: 94.95% (207/218)
2025-04-07 20:06:55,294 - INFO -   Class [unpaved] Accuracy: 98.16% (160/163)
2025-04-07 20:06:55,297 - INFO - 
Confusion Matrix:
[[563  15   4   1  14]
 [ 19 123   0   0  14]
 [  2   2 308  12   2]
 [  2   0   8 207   1]
 [  3   0   0   0 160]]
2025-04-07 20:06:55,309 - INFO - 
Classification Report:
               precision    recall  f1-score   support

      asphalt       0.96      0.94      0.95       597
     concrete       0.88      0.79      0.83       156
paving_stones       0.96      0.94      0.95       326
         sett       0.94      0.95      0.95       218
      unpaved       0.84      0.98      0.90       163

     accuracy                           0.93      1460
    macro avg       0.92      0.92      0.92      1460
 weighted avg       0.93      0.93      0.93      1460

2025-04-07 20:09:47,363 - INFO - [Epoch 16] Train Loss: 1.7957, Accuracy: 99.69%
2025-04-07 20:10:20,478 - INFO - Validation Loss: 19.7815, Accuracy: 92.12%
2025-04-07 20:10:20,479 - INFO -   Class [asphalt] Accuracy: 91.79% (548/597)
2025-04-07 20:10:20,479 - INFO -   Class [concrete] Accuracy: 86.54% (135/156)
2025-04-07 20:10:20,479 - INFO -   Class [paving_stones] Accuracy: 93.87% (306/326)
2025-04-07 20:10:20,479 - INFO -   Class [sett] Accuracy: 93.58% (204/218)
2025-04-07 20:10:20,479 - INFO -   Class [unpaved] Accuracy: 93.25% (152/163)
2025-04-07 20:10:20,482 - INFO - 
Confusion Matrix:
[[548  36   3   2   8]
 [ 15 135   0   0   6]
 [  4   6 306  10   0]
 [  0   0  13 204   1]
 [  9   2   0   0 152]]
2025-04-07 20:10:20,494 - INFO - 
Classification Report:
               precision    recall  f1-score   support

      asphalt       0.95      0.92      0.93       597
     concrete       0.75      0.87      0.81       156
paving_stones       0.95      0.94      0.94       326
         sett       0.94      0.94      0.94       218
      unpaved       0.91      0.93      0.92       163

     accuracy                           0.92      1460
    macro avg       0.90      0.92      0.91      1460
 weighted avg       0.92      0.92      0.92      1460

2025-04-07 20:13:12,022 - INFO - [Epoch 17] Train Loss: 0.9738, Accuracy: 99.85%
2025-04-07 20:13:45,367 - INFO - Validation Loss: 22.1338, Accuracy: 93.29%
2025-04-07 20:13:45,367 - INFO -   Class [asphalt] Accuracy: 95.48% (570/597)
2025-04-07 20:13:45,367 - INFO -   Class [concrete] Accuracy: 80.13% (125/156)
2025-04-07 20:13:45,367 - INFO -   Class [paving_stones] Accuracy: 95.09% (310/326)
2025-04-07 20:13:45,367 - INFO -   Class [sett] Accuracy: 91.28% (199/218)
2025-04-07 20:13:45,367 - INFO -   Class [unpaved] Accuracy: 96.93% (158/163)
2025-04-07 20:13:45,370 - INFO - 
Confusion Matrix:
[[570  14   2   0  11]
 [ 21 125   0   0  10]
 [  3   5 310   7   1]
 [  0   2  17 199   0]
 [  4   0   0   1 158]]
2025-04-07 20:13:45,383 - INFO - 
Classification Report:
               precision    recall  f1-score   support

      asphalt       0.95      0.95      0.95       597
     concrete       0.86      0.80      0.83       156
paving_stones       0.94      0.95      0.95       326
         sett       0.96      0.91      0.94       218
      unpaved       0.88      0.97      0.92       163

     accuracy                           0.93      1460
    macro avg       0.92      0.92      0.92      1460
 weighted avg       0.93      0.93      0.93      1460

2025-04-07 20:16:34,893 - INFO - [Epoch 18] Train Loss: 1.2041, Accuracy: 99.79%
2025-04-07 20:17:09,444 - INFO - Validation Loss: 23.8979, Accuracy: 93.56%
2025-04-07 20:17:09,444 - INFO -   Class [asphalt] Accuracy: 95.81% (572/597)
2025-04-07 20:17:09,444 - INFO -   Class [concrete] Accuracy: 82.05% (128/156)
2025-04-07 20:17:09,444 - INFO -   Class [paving_stones] Accuracy: 94.48% (308/326)
2025-04-07 20:17:09,444 - INFO -   Class [sett] Accuracy: 94.04% (205/218)
2025-04-07 20:17:09,445 - INFO -   Class [unpaved] Accuracy: 93.87% (153/163)
2025-04-07 20:17:09,447 - INFO - 
Confusion Matrix:
[[572  16   2   0   7]
 [ 20 128   0   0   8]
 [  5   4 308   8   1]
 [  1   1  10 205   1]
 [  9   1   0   0 153]]
2025-04-07 20:17:09,460 - INFO - 
Classification Report:
               precision    recall  f1-score   support

      asphalt       0.94      0.96      0.95       597
     concrete       0.85      0.82      0.84       156
paving_stones       0.96      0.94      0.95       326
         sett       0.96      0.94      0.95       218
      unpaved       0.90      0.94      0.92       163

     accuracy                           0.94      1460
    macro avg       0.92      0.92      0.92      1460
 weighted avg       0.94      0.94      0.94      1460

2025-04-07 20:20:00,318 - INFO - [Epoch 19] Train Loss: 1.1153, Accuracy: 99.83%
2025-04-07 20:20:35,089 - INFO - Validation Loss: 21.5172, Accuracy: 93.36%
2025-04-07 20:20:35,089 - INFO -   Class [asphalt] Accuracy: 94.97% (567/597)
2025-04-07 20:20:35,089 - INFO -   Class [concrete] Accuracy: 82.69% (129/156)
2025-04-07 20:20:35,089 - INFO -   Class [paving_stones] Accuracy: 94.17% (307/326)
2025-04-07 20:20:35,089 - INFO -   Class [sett] Accuracy: 95.87% (209/218)
2025-04-07 20:20:35,090 - INFO -   Class [unpaved] Accuracy: 92.64% (151/163)
2025-04-07 20:20:35,092 - INFO - 
Confusion Matrix:
[[567  19   3   1   7]
 [ 20 129   0   0   7]
 [  3   4 307  11   1]
 [  0   0   8 209   1]
 [ 11   1   0   0 151]]
2025-04-07 20:20:35,105 - INFO - 
Classification Report:
               precision    recall  f1-score   support

      asphalt       0.94      0.95      0.95       597
     concrete       0.84      0.83      0.83       156
paving_stones       0.97      0.94      0.95       326
         sett       0.95      0.96      0.95       218
      unpaved       0.90      0.93      0.92       163

     accuracy                           0.93      1460
    macro avg       0.92      0.92      0.92      1460
 weighted avg       0.93      0.93      0.93      1460

2025-04-07 20:23:25,473 - INFO - [Epoch 20] Train Loss: 1.5671, Accuracy: 99.73%
2025-04-07 20:24:00,560 - INFO - Validation Loss: 21.0848, Accuracy: 93.77%
2025-04-07 20:24:00,561 - INFO -   Class [asphalt] Accuracy: 95.14% (568/597)
2025-04-07 20:24:00,561 - INFO -   Class [concrete] Accuracy: 82.05% (128/156)
2025-04-07 20:24:00,561 - INFO -   Class [paving_stones] Accuracy: 96.63% (315/326)
2025-04-07 20:24:00,561 - INFO -   Class [sett] Accuracy: 94.50% (206/218)
2025-04-07 20:24:00,561 - INFO -   Class [unpaved] Accuracy: 93.25% (152/163)
2025-04-07 20:24:00,564 - INFO - 
Confusion Matrix:
[[568  19   5   1   4]
 [ 18 128   0   0  10]
 [  1   3 315   5   2]
 [  0   0  11 206   1]
 [ 10   1   0   0 152]]
2025-04-07 20:24:00,576 - INFO - 
Classification Report:
               precision    recall  f1-score   support

      asphalt       0.95      0.95      0.95       597
     concrete       0.85      0.82      0.83       156
paving_stones       0.95      0.97      0.96       326
         sett       0.97      0.94      0.96       218
      unpaved       0.90      0.93      0.92       163

     accuracy                           0.94      1460
    macro avg       0.92      0.92      0.92      1460
 weighted avg       0.94      0.94      0.94      1460

2025-04-07 20:26:51,833 - INFO - [Epoch 21] Train Loss: 0.4115, Accuracy: 99.97%
2025-04-07 20:27:24,951 - INFO - Validation Loss: 19.3165, Accuracy: 93.84%
2025-04-07 20:27:24,951 - INFO -   Class [asphalt] Accuracy: 95.48% (570/597)
2025-04-07 20:27:24,951 - INFO -   Class [concrete] Accuracy: 80.13% (125/156)
2025-04-07 20:27:24,951 - INFO -   Class [paving_stones] Accuracy: 93.87% (306/326)
2025-04-07 20:27:24,951 - INFO -   Class [sett] Accuracy: 97.25% (212/218)
2025-04-07 20:27:24,951 - INFO -   Class [unpaved] Accuracy: 96.32% (157/163)
2025-04-07 20:27:24,955 - INFO - 
Confusion Matrix:
[[570  12   2   3  10]
 [ 20 125   0   0  11]
 [  2   4 306  12   2]
 [  0   0   5 212   1]
 [  6   0   0   0 157]]
2025-04-07 20:27:24,967 - INFO - 
Classification Report:
               precision    recall  f1-score   support

      asphalt       0.95      0.95      0.95       597
     concrete       0.89      0.80      0.84       156
paving_stones       0.98      0.94      0.96       326
         sett       0.93      0.97      0.95       218
      unpaved       0.87      0.96      0.91       163

     accuracy                           0.94      1460
    macro avg       0.92      0.93      0.92      1460
 weighted avg       0.94      0.94      0.94      1460

2025-04-07 20:30:15,721 - INFO - [Epoch 22] Train Loss: 0.5961, Accuracy: 99.91%
2025-04-07 20:30:50,419 - INFO - Validation Loss: 22.2920, Accuracy: 93.42%
2025-04-07 20:30:50,419 - INFO -   Class [asphalt] Accuracy: 96.15% (574/597)
2025-04-07 20:30:50,419 - INFO -   Class [concrete] Accuracy: 78.85% (123/156)
2025-04-07 20:30:50,419 - INFO -   Class [paving_stones] Accuracy: 96.32% (314/326)
2025-04-07 20:30:50,419 - INFO -   Class [sett] Accuracy: 92.66% (202/218)
2025-04-07 20:30:50,419 - INFO -   Class [unpaved] Accuracy: 92.64% (151/163)
2025-04-07 20:30:50,422 - INFO - 
Confusion Matrix:
[[574  10   5   1   7]
 [ 26 123   0   0   7]
 [  1   4 314   7   0]
 [  2   0  14 202   0]
 [ 10   2   0   0 151]]
2025-04-07 20:30:50,435 - INFO - 
Classification Report:
               precision    recall  f1-score   support

      asphalt       0.94      0.96      0.95       597
     concrete       0.88      0.79      0.83       156
paving_stones       0.94      0.96      0.95       326
         sett       0.96      0.93      0.94       218
      unpaved       0.92      0.93      0.92       163

     accuracy                           0.93      1460
    macro avg       0.93      0.91      0.92      1460
 weighted avg       0.93      0.93      0.93      1460

2025-04-07 20:33:39,725 - INFO - [Epoch 23] Train Loss: 1.2802, Accuracy: 99.78%
2025-04-07 20:34:14,772 - INFO - Validation Loss: 20.8329, Accuracy: 92.74%
2025-04-07 20:34:14,773 - INFO -   Class [asphalt] Accuracy: 93.47% (558/597)
2025-04-07 20:34:14,773 - INFO -   Class [concrete] Accuracy: 82.05% (128/156)
2025-04-07 20:34:14,773 - INFO -   Class [paving_stones] Accuracy: 94.79% (309/326)
2025-04-07 20:34:14,773 - INFO -   Class [sett] Accuracy: 93.58% (204/218)
2025-04-07 20:34:14,773 - INFO -   Class [unpaved] Accuracy: 95.09% (155/163)
2025-04-07 20:34:14,776 - INFO - 
Confusion Matrix:
[[558  28   3   1   7]
 [ 18 128   0   0  10]
 [  2   3 309  10   2]
 [  2   0  11 204   1]
 [  6   2   0   0 155]]
2025-04-07 20:34:14,788 - INFO - 
Classification Report:
               precision    recall  f1-score   support

      asphalt       0.95      0.93      0.94       597
     concrete       0.80      0.82      0.81       156
paving_stones       0.96      0.95      0.95       326
         sett       0.95      0.94      0.94       218
      unpaved       0.89      0.95      0.92       163

     accuracy                           0.93      1460
    macro avg       0.91      0.92      0.91      1460
 weighted avg       0.93      0.93      0.93      1460

2025-04-07 20:37:05,373 - INFO - [Epoch 24] Train Loss: 0.3897, Accuracy: 99.91%
2025-04-07 20:37:38,592 - INFO - Validation Loss: 22.7443, Accuracy: 92.74%
2025-04-07 20:37:38,592 - INFO -   Class [asphalt] Accuracy: 92.63% (553/597)
2025-04-07 20:37:38,592 - INFO -   Class [concrete] Accuracy: 83.97% (131/156)
2025-04-07 20:37:38,592 - INFO -   Class [paving_stones] Accuracy: 94.17% (307/326)
2025-04-07 20:37:38,592 - INFO -   Class [sett] Accuracy: 97.25% (212/218)
2025-04-07 20:37:38,592 - INFO -   Class [unpaved] Accuracy: 92.64% (151/163)
2025-04-07 20:37:38,595 - INFO - 
Confusion Matrix:
[[553  36   3   1   4]
 [ 15 131   0   0  10]
 [  0   7 307  10   2]
 [  0   0   6 212   0]
 [ 11   1   0   0 151]]
2025-04-07 20:37:38,608 - INFO - 
Classification Report:
               precision    recall  f1-score   support

      asphalt       0.96      0.93      0.94       597
     concrete       0.75      0.84      0.79       156
paving_stones       0.97      0.94      0.96       326
         sett       0.95      0.97      0.96       218
      unpaved       0.90      0.93      0.92       163

     accuracy                           0.93      1460
    macro avg       0.91      0.92      0.91      1460
 weighted avg       0.93      0.93      0.93      1460

2025-04-07 20:40:28,745 - INFO - [Epoch 25] Train Loss: 0.8623, Accuracy: 99.83%
2025-04-07 20:41:03,346 - INFO - Validation Loss: 24.0572, Accuracy: 93.08%
2025-04-07 20:41:03,347 - INFO -   Class [asphalt] Accuracy: 95.98% (573/597)
2025-04-07 20:41:03,347 - INFO -   Class [concrete] Accuracy: 77.56% (121/156)
2025-04-07 20:41:03,347 - INFO -   Class [paving_stones] Accuracy: 93.87% (306/326)
2025-04-07 20:41:03,347 - INFO -   Class [sett] Accuracy: 95.87% (209/218)
2025-04-07 20:41:03,347 - INFO -   Class [unpaved] Accuracy: 92.02% (150/163)
2025-04-07 20:41:03,350 - INFO - 
Confusion Matrix:
[[573  16   4   0   4]
 [ 28 121   0   0   7]
 [  2   4 306  13   1]
 [  0   0   8 209   1]
 [ 12   1   0   0 150]]
2025-04-07 20:41:03,363 - INFO - 
Classification Report:
               precision    recall  f1-score   support

      asphalt       0.93      0.96      0.95       597
     concrete       0.85      0.78      0.81       156
paving_stones       0.96      0.94      0.95       326
         sett       0.94      0.96      0.95       218
      unpaved       0.92      0.92      0.92       163

     accuracy                           0.93      1460
    macro avg       0.92      0.91      0.92      1460
 weighted avg       0.93      0.93      0.93      1460

2025-04-07 20:43:53,450 - INFO - [Epoch 26] Train Loss: 1.0556, Accuracy: 99.90%
2025-04-07 20:44:28,043 - INFO - Validation Loss: 18.7222, Accuracy: 93.01%
2025-04-07 20:44:28,043 - INFO -   Class [asphalt] Accuracy: 92.46% (552/597)
2025-04-07 20:44:28,043 - INFO -   Class [concrete] Accuracy: 85.26% (133/156)
2025-04-07 20:44:28,043 - INFO -   Class [paving_stones] Accuracy: 95.09% (310/326)
2025-04-07 20:44:28,043 - INFO -   Class [sett] Accuracy: 95.87% (209/218)
2025-04-07 20:44:28,043 - INFO -   Class [unpaved] Accuracy: 94.48% (154/163)
2025-04-07 20:44:28,046 - INFO - 
Confusion Matrix:
[[552  30   5   2   8]
 [ 12 133   1   0  10]
 [  1   5 310   9   1]
 [  0   1   8 209   0]
 [  8   1   0   0 154]]
2025-04-07 20:44:28,059 - INFO - 
Classification Report:
               precision    recall  f1-score   support

      asphalt       0.96      0.92      0.94       597
     concrete       0.78      0.85      0.82       156
paving_stones       0.96      0.95      0.95       326
         sett       0.95      0.96      0.95       218
      unpaved       0.89      0.94      0.92       163

     accuracy                           0.93      1460
    macro avg       0.91      0.93      0.92      1460
 weighted avg       0.93      0.93      0.93      1460

2025-04-07 20:47:17,157 - INFO - [Epoch 27] Train Loss: 0.2736, Accuracy: 99.97%
2025-04-07 20:47:50,274 - INFO - Validation Loss: 22.1590, Accuracy: 93.42%
2025-04-07 20:47:50,275 - INFO -   Class [asphalt] Accuracy: 94.97% (567/597)
2025-04-07 20:47:50,275 - INFO -   Class [concrete] Accuracy: 83.33% (130/156)
2025-04-07 20:47:50,275 - INFO -   Class [paving_stones] Accuracy: 94.48% (308/326)
2025-04-07 20:47:50,275 - INFO -   Class [sett] Accuracy: 94.04% (205/218)
2025-04-07 20:47:50,275 - INFO -   Class [unpaved] Accuracy: 94.48% (154/163)
2025-04-07 20:47:50,278 - INFO - 
Confusion Matrix:
[[567  18   2   0  10]
 [ 17 130   0   0   9]
 [  3   5 308   8   2]
 [  0   1  12 205   0]
 [  7   2   0   0 154]]
2025-04-07 20:47:50,290 - INFO - 
Classification Report:
               precision    recall  f1-score   support

      asphalt       0.95      0.95      0.95       597
     concrete       0.83      0.83      0.83       156
paving_stones       0.96      0.94      0.95       326
         sett       0.96      0.94      0.95       218
      unpaved       0.88      0.94      0.91       163

     accuracy                           0.93      1460
    macro avg       0.92      0.92      0.92      1460
 weighted avg       0.93      0.93      0.93      1460

2025-04-07 20:50:42,281 - INFO - [Epoch 28] Train Loss: 0.0804, Accuracy: 99.98%
2025-04-07 20:51:18,381 - INFO - Validation Loss: 22.9145, Accuracy: 93.29%
2025-04-07 20:51:18,381 - INFO -   Class [asphalt] Accuracy: 95.64% (571/597)
2025-04-07 20:51:18,381 - INFO -   Class [concrete] Accuracy: 76.28% (119/156)
2025-04-07 20:51:18,381 - INFO -   Class [paving_stones] Accuracy: 94.48% (308/326)
2025-04-07 20:51:18,381 - INFO -   Class [sett] Accuracy: 95.87% (209/218)
2025-04-07 20:51:18,381 - INFO -   Class [unpaved] Accuracy: 95.09% (155/163)
2025-04-07 20:51:18,385 - INFO - 
Confusion Matrix:
[[571  14   4   0   8]
 [ 24 119   0   0  13]
 [  2   3 308  12   1]
 [  0   0   8 209   1]
 [  7   1   0   0 155]]
2025-04-07 20:51:18,397 - INFO - 
Classification Report:
               precision    recall  f1-score   support

      asphalt       0.95      0.96      0.95       597
     concrete       0.87      0.76      0.81       156
paving_stones       0.96      0.94      0.95       326
         sett       0.95      0.96      0.95       218
      unpaved       0.87      0.95      0.91       163

     accuracy                           0.93      1460
    macro avg       0.92      0.91      0.92      1460
 weighted avg       0.93      0.93      0.93      1460

2025-04-07 20:54:09,642 - INFO - [Epoch 29] Train Loss: 0.1239, Accuracy: 100.00%
2025-04-07 20:54:44,233 - INFO - Validation Loss: 25.1561, Accuracy: 93.49%
2025-04-07 20:54:44,233 - INFO -   Class [asphalt] Accuracy: 96.65% (577/597)
2025-04-07 20:54:44,233 - INFO -   Class [concrete] Accuracy: 76.92% (120/156)
2025-04-07 20:54:44,233 - INFO -   Class [paving_stones] Accuracy: 95.40% (311/326)
2025-04-07 20:54:44,233 - INFO -   Class [sett] Accuracy: 93.58% (204/218)
2025-04-07 20:54:44,233 - INFO -   Class [unpaved] Accuracy: 93.87% (153/163)
2025-04-07 20:54:44,236 - INFO - 
Confusion Matrix:
[[577  11   3   0   6]
 [ 26 120   0   0  10]
 [  2   4 311   8   1]
 [  2   1  11 204   0]
 [  9   1   0   0 153]]
2025-04-07 20:54:44,249 - INFO - 
Classification Report:
               precision    recall  f1-score   support

      asphalt       0.94      0.97      0.95       597
     concrete       0.88      0.77      0.82       156
paving_stones       0.96      0.95      0.96       326
         sett       0.96      0.94      0.95       218
      unpaved       0.90      0.94      0.92       163

     accuracy                           0.93      1460
    macro avg       0.93      0.91      0.92      1460
 weighted avg       0.93      0.93      0.93      1460

