Activating Conda environment...
Retrieving notices: ...working... done
Collecting package metadata (current_repodata.json): ...working... done
Solving environment: ...working... unsuccessful initial attempt using frozen solve. Retrying with flexible solve.
Solving environment: ...working... unsuccessful attempt using repodata from current_repodata.json, retrying with next repodata source.
Collecting package metadata (repodata.json): ...working... done
Solving environment: ...working... done

## Package Plan ##

  environment location: /home/hd/hd_hd/hd_sm330/.conda/envs/geoai

  added / updated specs:
    - pytorch
    - pytorch-cuda=12.1
    - torchaudio
    - torchvision


The following packages will be downloaded:

    package                    |            build
    ---------------------------|-----------------
    cuda-cudart-12.1.105       |                0         189 KB  nvidia
    cuda-cupti-12.1.105        |                0        15.4 MB  nvidia
    cuda-libraries-12.1.0      |                0           2 KB  nvidia
    cuda-nvrtc-12.1.105        |                0        19.7 MB  nvidia
    cuda-nvtx-12.1.105         |                0          57 KB  nvidia
    cuda-opencl-12.8.90        |                0          25 KB  nvidia
    cuda-runtime-12.1.0        |                0           1 KB  nvidia
    cuda-version-12.8          |                3          17 KB  nvidia
    ffmpeg-4.3                 |       hf484d3e_0         9.9 MB  pytorch
    filelock-3.13.1            |   py38h06a4308_0          21 KB
    giflib-5.2.2               |       h5eee18b_0          80 KB
    gmp-6.3.0                  |       h6a678d5_0         608 KB
    gmpy2-2.1.2                |   py38heeb90bb_0         191 KB
    gnutls-3.6.15              |       he1e5248_0         1.0 MB
    lame-3.100                 |       h7b6447c_0         323 KB
    libcublas-12.1.0.26        |                0       329.0 MB  nvidia
    libcufft-11.0.2.4          |                0       102.9 MB  nvidia
    libcufile-1.13.1.3         |                0         936 KB  nvidia
    libcurand-10.3.9.90        |                0        43.5 MB  nvidia
    libcusolver-11.4.4.55      |                0        98.3 MB  nvidia
    libcusparse-12.0.2.55      |                0       163.0 MB  nvidia
    libidn2-2.3.4              |       h5eee18b_0         146 KB
    libjpeg-turbo-2.0.0        |       h9bf148f_0         950 KB  pytorch
    libnpp-12.0.2.50           |                0       139.8 MB  nvidia
    libnvjitlink-12.1.105      |                0        16.9 MB  nvidia
    libnvjpeg-12.1.1.14        |                0         2.9 MB  nvidia
    libtasn1-4.19.0            |       h5eee18b_0          63 KB
    libunistring-0.9.10        |       h27cfd23_0         536 KB
    libwebp-1.3.2              |       h11a3e52_0          87 KB
    llvm-openmp-14.0.6         |       h9e868ea_0         4.4 MB
    mpc-1.3.1                  |       h5eee18b_0         129 KB
    mpfr-4.2.1                 |       h5eee18b_0         821 KB
    mpmath-1.3.0               |   py38h06a4308_0         832 KB
    nettle-3.7.3               |       hbbd107a_1         809 KB
    networkx-3.1               |   py38h06a4308_0         2.7 MB
    ocl-icd-2.3.2              |       h5eee18b_1         136 KB
    openh264-2.1.1             |       h4ff587b_0         711 KB
    pytorch-2.4.1              |py3.8_cuda12.1_cudnn9.1.0_0        1.35 GB  pytorch
    pytorch-cuda-12.1          |       ha16c6d3_6           7 KB  pytorch
    pytorch-mutex-1.0          |             cuda           3 KB  pytorch
    sympy-1.13.3               |   py38h06a4308_0        11.2 MB
    torchaudio-2.4.1           |       py38_cu121         6.2 MB  pytorch
    torchtriton-3.0.0          |             py38       233.4 MB  pytorch
    torchvision-0.20.0         |       py38_cu121        13.3 MB  pytorch
    ------------------------------------------------------------
                                           Total:        2.54 GB

The following NEW packages will be INSTALLED:

  cuda-cudart        nvidia/linux-64::cuda-cudart-12.1.105-0 
  cuda-cupti         nvidia/linux-64::cuda-cupti-12.1.105-0 
  cuda-libraries     nvidia/linux-64::cuda-libraries-12.1.0-0 
  cuda-nvrtc         nvidia/linux-64::cuda-nvrtc-12.1.105-0 
  cuda-nvtx          nvidia/linux-64::cuda-nvtx-12.1.105-0 
  cuda-opencl        nvidia/linux-64::cuda-opencl-12.8.90-0 
  cuda-runtime       nvidia/linux-64::cuda-runtime-12.1.0-0 
  cuda-version       nvidia/noarch::cuda-version-12.8-3 
  ffmpeg             pytorch/linux-64::ffmpeg-4.3-hf484d3e_0 
  filelock           pkgs/main/linux-64::filelock-3.13.1-py38h06a4308_0 
  giflib             pkgs/main/linux-64::giflib-5.2.2-h5eee18b_0 
  gmp                pkgs/main/linux-64::gmp-6.3.0-h6a678d5_0 
  gmpy2              pkgs/main/linux-64::gmpy2-2.1.2-py38heeb90bb_0 
  gnutls             pkgs/main/linux-64::gnutls-3.6.15-he1e5248_0 
  lame               pkgs/main/linux-64::lame-3.100-h7b6447c_0 
  libcublas          nvidia/linux-64::libcublas-12.1.0.26-0 
  libcufft           nvidia/linux-64::libcufft-11.0.2.4-0 
  libcufile          nvidia/linux-64::libcufile-1.13.1.3-0 
  libcurand          nvidia/linux-64::libcurand-10.3.9.90-0 
  libcusolver        nvidia/linux-64::libcusolver-11.4.4.55-0 
  libcusparse        nvidia/linux-64::libcusparse-12.0.2.55-0 
  libidn2            pkgs/main/linux-64::libidn2-2.3.4-h5eee18b_0 
  libjpeg-turbo      pytorch/linux-64::libjpeg-turbo-2.0.0-h9bf148f_0 
  libnpp             nvidia/linux-64::libnpp-12.0.2.50-0 
  libnvjitlink       nvidia/linux-64::libnvjitlink-12.1.105-0 
  libnvjpeg          nvidia/linux-64::libnvjpeg-12.1.1.14-0 
  libtasn1           pkgs/main/linux-64::libtasn1-4.19.0-h5eee18b_0 
  libunistring       pkgs/main/linux-64::libunistring-0.9.10-h27cfd23_0 
  libwebp            pkgs/main/linux-64::libwebp-1.3.2-h11a3e52_0 
  llvm-openmp        pkgs/main/linux-64::llvm-openmp-14.0.6-h9e868ea_0 
  mpc                pkgs/main/linux-64::mpc-1.3.1-h5eee18b_0 
  mpfr               pkgs/main/linux-64::mpfr-4.2.1-h5eee18b_0 
  mpmath             pkgs/main/linux-64::mpmath-1.3.0-py38h06a4308_0 
  nettle             pkgs/main/linux-64::nettle-3.7.3-hbbd107a_1 
  networkx           pkgs/main/linux-64::networkx-3.1-py38h06a4308_0 
  ocl-icd            pkgs/main/linux-64::ocl-icd-2.3.2-h5eee18b_1 
  openh264           pkgs/main/linux-64::openh264-2.1.1-h4ff587b_0 
  pytorch-cuda       pytorch/linux-64::pytorch-cuda-12.1-ha16c6d3_6 
  pytorch-mutex      pytorch/noarch::pytorch-mutex-1.0-cuda 
  sympy              pkgs/main/linux-64::sympy-1.13.3-py38h06a4308_0 
  torchaudio         pytorch/linux-64::torchaudio-2.4.1-py38_cu121 
  torchtriton        pytorch/linux-64::torchtriton-3.0.0-py38 

The following packages will be UPDATED:

  pytorch            pkgs/main::pytorch-1.12.1-cpu_py38hb1~ --> pytorch::pytorch-2.4.1-py3.8_cuda12.1_cudnn9.1.0_0 
  torchvision        pkgs/main::torchvision-0.13.1-cpu_py3~ --> pytorch::torchvision-0.20.0-py38_cu121 


Proceed ([y]/n)? 

Downloading and Extracting Packages: ...working... done
Preparing transaction: ...working... done
Verifying transaction: ...working... done
Executing transaction: ...working... done
Requirement already satisfied: segmentation-models-pytorch in /pfs/data5/home/hd/hd_hd/hd_sm330/.conda/envs/geoai/lib/python3.8/site-packages (0.3.3)
Requirement already satisfied: torchvision>=0.5.0 in /pfs/data5/home/hd/hd_hd/hd_sm330/.conda/envs/geoai/lib/python3.8/site-packages (from segmentation-models-pytorch) (0.20.0)
Requirement already satisfied: pretrainedmodels==0.7.4 in /pfs/data5/home/hd/hd_hd/hd_sm330/.conda/envs/geoai/lib/python3.8/site-packages (from segmentation-models-pytorch) (0.7.4)
Requirement already satisfied: efficientnet-pytorch==0.7.1 in /pfs/data5/home/hd/hd_hd/hd_sm330/.conda/envs/geoai/lib/python3.8/site-packages (from segmentation-models-pytorch) (0.7.1)
Requirement already satisfied: timm==0.9.2 in /pfs/data5/home/hd/hd_hd/hd_sm330/.conda/envs/geoai/lib/python3.8/site-packages (from segmentation-models-pytorch) (0.9.2)
Requirement already satisfied: tqdm in /pfs/data5/home/hd/hd_hd/hd_sm330/.conda/envs/geoai/lib/python3.8/site-packages (from segmentation-models-pytorch) (4.67.1)
Requirement already satisfied: pillow in /pfs/data5/home/hd/hd_hd/hd_sm330/.conda/envs/geoai/lib/python3.8/site-packages (from segmentation-models-pytorch) (10.4.0)
Requirement already satisfied: torch in /pfs/data5/home/hd/hd_hd/hd_sm330/.conda/envs/geoai/lib/python3.8/site-packages (from efficientnet-pytorch==0.7.1->segmentation-models-pytorch) (2.4.1)
Requirement already satisfied: munch in /pfs/data5/home/hd/hd_hd/hd_sm330/.conda/envs/geoai/lib/python3.8/site-packages (from pretrainedmodels==0.7.4->segmentation-models-pytorch) (4.0.0)
Requirement already satisfied: pyyaml in /pfs/data5/home/hd/hd_hd/hd_sm330/.conda/envs/geoai/lib/python3.8/site-packages (from timm==0.9.2->segmentation-models-pytorch) (6.0.2)
Requirement already satisfied: huggingface-hub in /pfs/data5/home/hd/hd_hd/hd_sm330/.conda/envs/geoai/lib/python3.8/site-packages (from timm==0.9.2->segmentation-models-pytorch) (0.29.3)
Requirement already satisfied: safetensors in /pfs/data5/home/hd/hd_hd/hd_sm330/.conda/envs/geoai/lib/python3.8/site-packages (from timm==0.9.2->segmentation-models-pytorch) (0.5.3)
Requirement already satisfied: numpy in /pfs/data5/home/hd/hd_hd/hd_sm330/.conda/envs/geoai/lib/python3.8/site-packages (from torchvision>=0.5.0->segmentation-models-pytorch) (1.24.3)
Requirement already satisfied: filelock in /pfs/data5/home/hd/hd_hd/hd_sm330/.conda/envs/geoai/lib/python3.8/site-packages (from torch->efficientnet-pytorch==0.7.1->segmentation-models-pytorch) (3.13.1)
Requirement already satisfied: typing-extensions>=4.8.0 in /pfs/data5/home/hd/hd_hd/hd_sm330/.conda/envs/geoai/lib/python3.8/site-packages (from torch->efficientnet-pytorch==0.7.1->segmentation-models-pytorch) (4.11.0)
Requirement already satisfied: sympy in /pfs/data5/home/hd/hd_hd/hd_sm330/.conda/envs/geoai/lib/python3.8/site-packages (from torch->efficientnet-pytorch==0.7.1->segmentation-models-pytorch) (1.13.3)
Requirement already satisfied: networkx in /pfs/data5/home/hd/hd_hd/hd_sm330/.conda/envs/geoai/lib/python3.8/site-packages (from torch->efficientnet-pytorch==0.7.1->segmentation-models-pytorch) (3.1)
Requirement already satisfied: jinja2 in /pfs/data5/home/hd/hd_hd/hd_sm330/.conda/envs/geoai/lib/python3.8/site-packages (from torch->efficientnet-pytorch==0.7.1->segmentation-models-pytorch) (3.1.4)
Requirement already satisfied: fsspec in /pfs/data5/home/hd/hd_hd/hd_sm330/.conda/envs/geoai/lib/python3.8/site-packages (from torch->efficientnet-pytorch==0.7.1->segmentation-models-pytorch) (2025.3.0)
Requirement already satisfied: packaging>=20.9 in /pfs/data5/home/hd/hd_hd/hd_sm330/.conda/envs/geoai/lib/python3.8/site-packages (from huggingface-hub->timm==0.9.2->segmentation-models-pytorch) (24.1)
Requirement already satisfied: requests in /pfs/data5/home/hd/hd_hd/hd_sm330/.conda/envs/geoai/lib/python3.8/site-packages (from huggingface-hub->timm==0.9.2->segmentation-models-pytorch) (2.32.3)
Requirement already satisfied: MarkupSafe>=2.0 in /pfs/data5/home/hd/hd_hd/hd_sm330/.conda/envs/geoai/lib/python3.8/site-packages (from jinja2->torch->efficientnet-pytorch==0.7.1->segmentation-models-pytorch) (2.1.3)
Requirement already satisfied: charset-normalizer<4,>=2 in /pfs/data5/home/hd/hd_hd/hd_sm330/.conda/envs/geoai/lib/python3.8/site-packages (from requests->huggingface-hub->timm==0.9.2->segmentation-models-pytorch) (3.3.2)
Requirement already satisfied: idna<4,>=2.5 in /pfs/data5/home/hd/hd_hd/hd_sm330/.conda/envs/geoai/lib/python3.8/site-packages (from requests->huggingface-hub->timm==0.9.2->segmentation-models-pytorch) (3.7)
Requirement already satisfied: urllib3<3,>=1.21.1 in /pfs/data5/home/hd/hd_hd/hd_sm330/.conda/envs/geoai/lib/python3.8/site-packages (from requests->huggingface-hub->timm==0.9.2->segmentation-models-pytorch) (2.2.3)
Requirement already satisfied: certifi>=2017.4.17 in /pfs/data5/home/hd/hd_hd/hd_sm330/.conda/envs/geoai/lib/python3.8/site-packages (from requests->huggingface-hub->timm==0.9.2->segmentation-models-pytorch) (2024.8.30)
Requirement already satisfied: mpmath<1.4,>=1.1.0 in /pfs/data5/home/hd/hd_hd/hd_sm330/.conda/envs/geoai/lib/python3.8/site-packages (from sympy->torch->efficientnet-pytorch==0.7.1->segmentation-models-pytorch) (1.3.0)
Starting training...
True
12.1
Tesla V100-SXM2-32GB
Classification Training complete!
Starting evaluation...
Classification Evaluation complete!

============================= JOB FEEDBACK =============================

NodeName=uc2n489
Job ID: 25391836
Cluster: uc2
User/Group: hd_sm330/hd_hd
State: COMPLETED (exit code 0)
Nodes: 1
Cores per node: 64
CPU Utilized: 03:43:24
CPU Efficiency: 7.17% of 2-03:57:52 core-walltime
Job Wall-clock time: 00:48:43
Memory Utilized: 4.86 GB
Memory Efficiency: 7.60% of 64.00 GB
