2025-03-09 18:53:53,347 - INFO - Logging setup complete.
2025-03-09 18:53:53,348 - INFO - Created directory: data/processed
2025-03-09 18:53:53,348 - INFO - Created directory: models
2025-03-09 18:53:53,348 - INFO - Created directory: logs
2025-03-09 18:53:53,348 - INFO - Created directory: results
2025-03-09 18:53:53,897 - INFO - Data split and saved to data/processed
/home/hd/hd_hd/hd_sm330/.conda/envs/geoai/lib/python3.8/site-packages/torchvision/models/_utils.py:208: UserWarning: The parameter 'pretrained' is deprecated since 0.13 and will be removed in 0.15, please use 'weights' instead.
  warnings.warn(
/home/hd/hd_hd/hd_sm330/.conda/envs/geoai/lib/python3.8/site-packages/torchvision/models/_utils.py:223: UserWarning: Arguments other than a weight enum or `None` for 'weights' are deprecated since 0.13 and will be removed in 0.15. The current behavior is equivalent to passing `weights=EfficientNet_B0_Weights.IMAGENET1K_V1`. You can also use `weights=EfficientNet_B0_Weights.DEFAULT` to get the most up-to-date weights.
  warnings.warn(msg)
/home/hd/hd_hd/hd_sm330/.conda/envs/geoai/lib/python3.8/site-packages/torch/cuda/amp/grad_scaler.py:115: UserWarning: torch.cuda.amp.GradScaler is enabled, but CUDA is not available.  Disabling.
  warnings.warn("torch.cuda.amp.GradScaler is enabled, but CUDA is not available.  Disabling.")
/home/hd/hd_hd/hd_sm330/.conda/envs/geoai/lib/python3.8/site-packages/torch/amp/autocast_mode.py:198: UserWarning: User provided device_type of 'cuda', but CUDA is not available. Disabling
  warnings.warn('User provided device_type of \'cuda\', but CUDA is not available. Disabling')
2025-03-09 18:54:10,943 - INFO - Train Epoch: 1 [0/8346 (0%)]	Loss: 10.224560
2025-03-09 18:56:18,811 - INFO - Train Epoch: 1 [160/8346 (2%)]	Loss: 8.097030
2025-03-09 18:58:16,565 - INFO - Train Epoch: 1 [320/8346 (4%)]	Loss: 5.313240
2025-03-09 19:00:14,467 - INFO - Train Epoch: 1 [480/8346 (6%)]	Loss: 2.328593
2025-03-09 19:02:12,444 - INFO - Train Epoch: 1 [640/8346 (8%)]	Loss: 2.320088
2025-03-09 19:04:09,624 - INFO - Train Epoch: 1 [800/8346 (10%)]	Loss: 5.242781
2025-03-09 19:06:07,379 - INFO - Train Epoch: 1 [960/8346 (11%)]	Loss: 0.724440
2025-03-09 19:08:07,433 - INFO - Train Epoch: 1 [1120/8346 (13%)]	Loss: 3.305330
2025-03-09 19:10:05,461 - INFO - Train Epoch: 1 [1280/8346 (15%)]	Loss: 2.075995
2025-03-09 19:12:03,130 - INFO - Train Epoch: 1 [1440/8346 (17%)]	Loss: 1.942685
2025-03-09 19:14:02,491 - INFO - Train Epoch: 1 [1600/8346 (19%)]	Loss: 1.530382
2025-03-09 19:16:00,989 - INFO - Train Epoch: 1 [1760/8346 (21%)]	Loss: 7.175448
2025-03-09 19:17:59,046 - INFO - Train Epoch: 1 [1920/8346 (23%)]	Loss: 4.377184
2025-03-09 19:19:56,410 - INFO - Train Epoch: 1 [2080/8346 (25%)]	Loss: 2.224974
2025-03-09 19:21:53,375 - INFO - Train Epoch: 1 [2240/8346 (27%)]	Loss: 2.014149
2025-03-09 19:23:50,484 - INFO - Train Epoch: 1 [2400/8346 (29%)]	Loss: 3.229650
2025-03-09 19:25:47,143 - INFO - Train Epoch: 1 [2560/8346 (31%)]	Loss: 2.767431
2025-03-09 19:27:44,811 - INFO - Train Epoch: 1 [2720/8346 (33%)]	Loss: 1.591253
2025-03-09 19:29:43,096 - INFO - Train Epoch: 1 [2880/8346 (34%)]	Loss: 3.317289
2025-03-09 19:31:40,842 - INFO - Train Epoch: 1 [3040/8346 (36%)]	Loss: 1.786946
2025-03-09 19:33:38,353 - INFO - Train Epoch: 1 [3200/8346 (38%)]	Loss: 1.458587
2025-03-09 19:35:36,436 - INFO - Train Epoch: 1 [3360/8346 (40%)]	Loss: 1.862394
2025-03-09 19:37:36,160 - INFO - Train Epoch: 1 [3520/8346 (42%)]	Loss: 3.500080
2025-03-09 19:39:33,602 - INFO - Train Epoch: 1 [3680/8346 (44%)]	Loss: 1.276003
2025-03-09 19:41:31,549 - INFO - Train Epoch: 1 [3840/8346 (46%)]	Loss: 3.142376
2025-03-09 19:43:29,905 - INFO - Train Epoch: 1 [4000/8346 (48%)]	Loss: 1.175995
2025-03-09 19:45:27,646 - INFO - Train Epoch: 1 [4160/8346 (50%)]	Loss: 3.889268
2025-03-09 19:47:25,472 - INFO - Train Epoch: 1 [4320/8346 (52%)]	Loss: 5.668529
2025-03-09 19:49:23,502 - INFO - Train Epoch: 1 [4480/8346 (54%)]	Loss: 4.252684
2025-03-09 19:51:20,617 - INFO - Train Epoch: 1 [4640/8346 (56%)]	Loss: 3.386349
2025-03-09 19:53:17,888 - INFO - Train Epoch: 1 [4800/8346 (57%)]	Loss: 0.771211
2025-03-09 19:55:15,710 - INFO - Train Epoch: 1 [4960/8346 (59%)]	Loss: 1.142521
2025-03-09 19:57:12,790 - INFO - Train Epoch: 1 [5120/8346 (61%)]	Loss: 3.263056
2025-03-09 19:59:12,617 - INFO - Train Epoch: 1 [5280/8346 (63%)]	Loss: 1.593115
2025-03-09 20:01:11,336 - INFO - Train Epoch: 1 [5440/8346 (65%)]	Loss: 0.634672
2025-03-09 20:03:09,945 - INFO - Train Epoch: 1 [5600/8346 (67%)]	Loss: 0.507363
2025-03-09 20:05:08,862 - INFO - Train Epoch: 1 [5760/8346 (69%)]	Loss: 2.335498
2025-03-09 20:07:10,261 - INFO - Train Epoch: 1 [5920/8346 (71%)]	Loss: 7.288457
2025-03-09 20:09:07,860 - INFO - Train Epoch: 1 [6080/8346 (73%)]	Loss: 2.887235
2025-03-09 20:11:11,226 - INFO - Train Epoch: 1 [6240/8346 (75%)]	Loss: 1.457206
2025-03-09 20:13:10,800 - INFO - Train Epoch: 1 [6400/8346 (77%)]	Loss: 0.784733
2025-03-09 20:15:09,146 - INFO - Train Epoch: 1 [6560/8346 (79%)]	Loss: 0.540100
2025-03-09 20:17:06,319 - INFO - Train Epoch: 1 [6720/8346 (80%)]	Loss: 1.507622
2025-03-09 20:19:03,618 - INFO - Train Epoch: 1 [6880/8346 (82%)]	Loss: 2.545032
2025-03-09 20:21:01,710 - INFO - Train Epoch: 1 [7040/8346 (84%)]	Loss: 4.106046
2025-03-09 20:22:59,181 - INFO - Train Epoch: 1 [7200/8346 (86%)]	Loss: 1.172206
2025-03-09 20:24:57,723 - INFO - Train Epoch: 1 [7360/8346 (88%)]	Loss: 4.074132
2025-03-09 20:26:49,910 - INFO - Train Epoch: 1 [7520/8346 (90%)]	Loss: 1.209708
2025-03-09 20:28:41,962 - INFO - Train Epoch: 1 [7680/8346 (92%)]	Loss: 1.140329
2025-03-09 20:30:34,617 - INFO - Train Epoch: 1 [7840/8346 (94%)]	Loss: 0.985889
2025-03-09 20:32:27,011 - INFO - Train Epoch: 1 [8000/8346 (96%)]	Loss: 2.299879
2025-03-09 20:34:19,292 - INFO - Train Epoch: 1 [8160/8346 (98%)]	Loss: 0.995956
2025-03-09 20:36:11,473 - INFO - Train Epoch: 1 [8320/8346 (100%)]	Loss: 0.786064
2025-03-09 20:38:18,437 - INFO - Validation set: Average loss: 0.1277, Accuracy: 669/776 (86.21%)
2025-03-09 20:38:18,440 - INFO - Epoch 1 - Train Loss: 11.3525, Val Loss: 0.1277, Val Accuracy: 86.21%
2025-03-09 20:38:18,509 - INFO - Model saved to models/best_road_surface_classification.pth
2025-03-09 20:38:34,354 - INFO - Train Epoch: 2 [0/8346 (0%)]	Loss: 2.573904
2025-03-09 20:40:32,178 - INFO - Train Epoch: 2 [160/8346 (2%)]	Loss: 0.707340
2025-03-09 20:42:29,031 - INFO - Train Epoch: 2 [320/8346 (4%)]	Loss: 2.779031
2025-03-09 20:44:25,356 - INFO - Train Epoch: 2 [480/8346 (6%)]	Loss: 3.064777
2025-03-09 20:46:21,593 - INFO - Train Epoch: 2 [640/8346 (8%)]	Loss: 2.264732
2025-03-09 20:48:18,285 - INFO - Train Epoch: 2 [800/8346 (10%)]	Loss: 1.374118
2025-03-09 20:50:14,459 - INFO - Train Epoch: 2 [960/8346 (11%)]	Loss: 2.043859
2025-03-09 20:52:09,765 - INFO - Train Epoch: 2 [1120/8346 (13%)]	Loss: 4.756531
2025-03-09 20:54:04,794 - INFO - Train Epoch: 2 [1280/8346 (15%)]	Loss: 0.106804
2025-03-09 20:55:58,941 - INFO - Train Epoch: 2 [1440/8346 (17%)]	Loss: 0.898310
2025-03-09 20:57:53,671 - INFO - Train Epoch: 2 [1600/8346 (19%)]	Loss: 0.023244
2025-03-09 20:59:48,521 - INFO - Train Epoch: 2 [1760/8346 (21%)]	Loss: 2.267810
2025-03-09 21:01:42,912 - INFO - Train Epoch: 2 [1920/8346 (23%)]	Loss: 2.908442
2025-03-09 21:03:37,068 - INFO - Train Epoch: 2 [2080/8346 (25%)]	Loss: 1.193959
2025-03-09 21:05:31,262 - INFO - Train Epoch: 2 [2240/8346 (27%)]	Loss: 1.562378
2025-03-09 21:07:25,880 - INFO - Train Epoch: 2 [2400/8346 (29%)]	Loss: 1.345579
2025-03-09 21:09:21,455 - INFO - Train Epoch: 2 [2560/8346 (31%)]	Loss: 4.527677
2025-03-09 21:11:17,093 - INFO - Train Epoch: 2 [2720/8346 (33%)]	Loss: 1.485837
2025-03-09 21:13:13,419 - INFO - Train Epoch: 2 [2880/8346 (34%)]	Loss: 0.281068
2025-03-09 21:15:09,442 - INFO - Train Epoch: 2 [3040/8346 (36%)]	Loss: 8.424350
2025-03-09 21:17:05,319 - INFO - Train Epoch: 2 [3200/8346 (38%)]	Loss: 1.894739
2025-03-09 21:19:01,349 - INFO - Train Epoch: 2 [3360/8346 (40%)]	Loss: 0.733531
2025-03-09 21:20:57,688 - INFO - Train Epoch: 2 [3520/8346 (42%)]	Loss: 0.225649
2025-03-09 21:22:53,871 - INFO - Train Epoch: 2 [3680/8346 (44%)]	Loss: 0.597768
2025-03-09 21:24:49,319 - INFO - Train Epoch: 2 [3840/8346 (46%)]	Loss: 1.144229
2025-03-09 21:26:45,278 - INFO - Train Epoch: 2 [4000/8346 (48%)]	Loss: 0.931414
2025-03-09 21:28:41,212 - INFO - Train Epoch: 2 [4160/8346 (50%)]	Loss: 0.385398
2025-03-09 21:30:36,886 - INFO - Train Epoch: 2 [4320/8346 (52%)]	Loss: 3.275471
2025-03-09 21:32:32,669 - INFO - Train Epoch: 2 [4480/8346 (54%)]	Loss: 1.120214
2025-03-09 21:34:28,829 - INFO - Train Epoch: 2 [4640/8346 (56%)]	Loss: 0.206816
2025-03-09 21:36:24,620 - INFO - Train Epoch: 2 [4800/8346 (57%)]	Loss: 0.567244
2025-03-09 21:38:20,934 - INFO - Train Epoch: 2 [4960/8346 (59%)]	Loss: 1.810389
2025-03-09 21:40:17,318 - INFO - Train Epoch: 2 [5120/8346 (61%)]	Loss: 0.752215
2025-03-09 21:42:14,109 - INFO - Train Epoch: 2 [5280/8346 (63%)]	Loss: 0.408634
2025-03-09 21:44:12,019 - INFO - Train Epoch: 2 [5440/8346 (65%)]	Loss: 1.632973
2025-03-09 21:46:06,794 - INFO - Train Epoch: 2 [5600/8346 (67%)]	Loss: 2.577540
2025-03-09 21:48:00,908 - INFO - Train Epoch: 2 [5760/8346 (69%)]	Loss: 1.831342
2025-03-09 21:49:55,746 - INFO - Train Epoch: 2 [5920/8346 (71%)]	Loss: 1.938232
2025-03-09 21:51:50,560 - INFO - Train Epoch: 2 [6080/8346 (73%)]	Loss: 1.954471
2025-03-09 21:53:45,358 - INFO - Train Epoch: 2 [6240/8346 (75%)]	Loss: 0.709954
2025-03-09 21:55:40,683 - INFO - Train Epoch: 2 [6400/8346 (77%)]	Loss: 2.113217
2025-03-09 21:57:35,596 - INFO - Train Epoch: 2 [6560/8346 (79%)]	Loss: 0.792859
2025-03-09 21:59:30,146 - INFO - Train Epoch: 2 [6720/8346 (80%)]	Loss: 2.374629
2025-03-09 22:01:25,010 - INFO - Train Epoch: 2 [6880/8346 (82%)]	Loss: 2.674208
2025-03-09 22:03:18,980 - INFO - Train Epoch: 2 [7040/8346 (84%)]	Loss: 0.561973
2025-03-09 22:05:12,810 - INFO - Train Epoch: 2 [7200/8346 (86%)]	Loss: 1.280902
2025-03-09 22:07:07,692 - INFO - Train Epoch: 2 [7360/8346 (88%)]	Loss: 0.572376
2025-03-09 22:09:06,539 - INFO - Train Epoch: 2 [7520/8346 (90%)]	Loss: 1.776982
2025-03-09 22:11:04,848 - INFO - Train Epoch: 2 [7680/8346 (92%)]	Loss: 0.371910
2025-03-09 22:13:02,532 - INFO - Train Epoch: 2 [7840/8346 (94%)]	Loss: 1.003909
2025-03-09 22:14:59,761 - INFO - Train Epoch: 2 [8000/8346 (96%)]	Loss: 4.104803
2025-03-09 22:16:57,650 - INFO - Train Epoch: 2 [8160/8346 (98%)]	Loss: 0.374718
2025-03-09 22:18:55,537 - INFO - Train Epoch: 2 [8320/8346 (100%)]	Loss: 3.723180
2025-03-09 22:21:07,449 - INFO - Validation set: Average loss: 0.0667, Accuracy: 647/776 (83.38%)
2025-03-09 22:21:07,453 - INFO - Epoch 2 - Train Loss: 6.9563, Val Loss: 0.0667, Val Accuracy: 83.38%
2025-03-09 22:21:07,627 - INFO - Model saved to models/best_road_surface_classification.pth
2025-03-09 22:21:24,022 - INFO - Train Epoch: 3 [0/8346 (0%)]	Loss: 4.547487
2025-03-09 22:23:23,798 - INFO - Train Epoch: 3 [160/8346 (2%)]	Loss: 0.991733
2025-03-09 22:25:23,992 - INFO - Train Epoch: 3 [320/8346 (4%)]	Loss: 1.005302
2025-03-09 22:27:23,591 - INFO - Train Epoch: 3 [480/8346 (6%)]	Loss: 2.077686
2025-03-09 22:29:21,617 - INFO - Train Epoch: 3 [640/8346 (8%)]	Loss: 0.401524
2025-03-09 22:31:20,986 - INFO - Train Epoch: 3 [800/8346 (10%)]	Loss: 0.197877
2025-03-09 22:33:18,368 - INFO - Train Epoch: 3 [960/8346 (11%)]	Loss: 1.468494
2025-03-09 22:35:16,807 - INFO - Train Epoch: 3 [1120/8346 (13%)]	Loss: 1.992965
2025-03-09 22:37:14,261 - INFO - Train Epoch: 3 [1280/8346 (15%)]	Loss: 3.106112
2025-03-09 22:39:12,564 - INFO - Train Epoch: 3 [1440/8346 (17%)]	Loss: 2.548326
2025-03-09 22:41:10,090 - INFO - Train Epoch: 3 [1600/8346 (19%)]	Loss: 0.829025
2025-03-09 22:43:08,369 - INFO - Train Epoch: 3 [1760/8346 (21%)]	Loss: 0.112260
2025-03-09 22:45:07,591 - INFO - Train Epoch: 3 [1920/8346 (23%)]	Loss: 6.341303
2025-03-09 22:47:05,588 - INFO - Train Epoch: 3 [2080/8346 (25%)]	Loss: 0.783476
2025-03-09 22:49:04,057 - INFO - Train Epoch: 3 [2240/8346 (27%)]	Loss: 0.973959
2025-03-09 22:51:01,538 - INFO - Train Epoch: 3 [2400/8346 (29%)]	Loss: 0.462466
2025-03-09 22:52:58,023 - INFO - Train Epoch: 3 [2560/8346 (31%)]	Loss: 1.417451
2025-03-09 22:54:54,603 - INFO - Train Epoch: 3 [2720/8346 (33%)]	Loss: 2.588104
2025-03-09 22:56:51,156 - INFO - Train Epoch: 3 [2880/8346 (34%)]	Loss: 0.825933
2025-03-09 22:58:48,329 - INFO - Train Epoch: 3 [3040/8346 (36%)]	Loss: 1.562293
2025-03-09 23:00:44,881 - INFO - Train Epoch: 3 [3200/8346 (38%)]	Loss: 1.105211
2025-03-09 23:02:41,586 - INFO - Train Epoch: 3 [3360/8346 (40%)]	Loss: 0.594570
2025-03-09 23:04:37,853 - INFO - Train Epoch: 3 [3520/8346 (42%)]	Loss: 1.881412
2025-03-09 23:06:35,408 - INFO - Train Epoch: 3 [3680/8346 (44%)]	Loss: 1.986480
2025-03-09 23:08:31,667 - INFO - Train Epoch: 3 [3840/8346 (46%)]	Loss: 1.423500
2025-03-09 23:10:28,113 - INFO - Train Epoch: 3 [4000/8346 (48%)]	Loss: 0.812100
2025-03-09 23:12:24,835 - INFO - Train Epoch: 3 [4160/8346 (50%)]	Loss: 1.459048
2025-03-09 23:14:21,613 - INFO - Train Epoch: 3 [4320/8346 (52%)]	Loss: 1.347653
2025-03-09 23:16:18,443 - INFO - Train Epoch: 3 [4480/8346 (54%)]	Loss: 1.489710
2025-03-09 23:18:14,289 - INFO - Train Epoch: 3 [4640/8346 (56%)]	Loss: 1.236568
2025-03-09 23:20:10,664 - INFO - Train Epoch: 3 [4800/8346 (57%)]	Loss: 0.847031
2025-03-09 23:22:07,277 - INFO - Train Epoch: 3 [4960/8346 (59%)]	Loss: 0.073518
2025-03-09 23:24:04,158 - INFO - Train Epoch: 3 [5120/8346 (61%)]	Loss: 3.908374
2025-03-09 23:26:01,730 - INFO - Train Epoch: 3 [5280/8346 (63%)]	Loss: 6.226577
2025-03-09 23:27:58,815 - INFO - Train Epoch: 3 [5440/8346 (65%)]	Loss: 0.402083
2025-03-09 23:29:54,818 - INFO - Train Epoch: 3 [5600/8346 (67%)]	Loss: 1.459783
2025-03-09 23:31:50,968 - INFO - Train Epoch: 3 [5760/8346 (69%)]	Loss: 2.733477
2025-03-09 23:33:47,978 - INFO - Train Epoch: 3 [5920/8346 (71%)]	Loss: 1.620390
2025-03-09 23:35:44,909 - INFO - Train Epoch: 3 [6080/8346 (73%)]	Loss: 0.927625
2025-03-09 23:37:41,757 - INFO - Train Epoch: 3 [6240/8346 (75%)]	Loss: 0.000045
2025-03-09 23:39:37,339 - INFO - Train Epoch: 3 [6400/8346 (77%)]	Loss: 4.091054
2025-03-09 23:41:33,788 - INFO - Train Epoch: 3 [6560/8346 (79%)]	Loss: 1.654113
2025-03-09 23:43:30,118 - INFO - Train Epoch: 3 [6720/8346 (80%)]	Loss: 0.973825
2025-03-09 23:45:26,405 - INFO - Train Epoch: 3 [6880/8346 (82%)]	Loss: 0.996476
2025-03-09 23:47:22,992 - INFO - Train Epoch: 3 [7040/8346 (84%)]	Loss: 0.920669
2025-03-09 23:49:19,949 - INFO - Train Epoch: 3 [7200/8346 (86%)]	Loss: 1.152247
2025-03-09 23:51:15,664 - INFO - Train Epoch: 3 [7360/8346 (88%)]	Loss: 0.664540
2025-03-09 23:53:12,298 - INFO - Train Epoch: 3 [7520/8346 (90%)]	Loss: 2.435322
2025-03-09 23:55:08,726 - INFO - Train Epoch: 3 [7680/8346 (92%)]	Loss: 1.191757
2025-03-09 23:57:03,617 - INFO - Train Epoch: 3 [7840/8346 (94%)]	Loss: 0.295151
2025-03-09 23:59:00,401 - INFO - Train Epoch: 3 [8000/8346 (96%)]	Loss: 0.484423
2025-03-10 00:00:56,213 - INFO - Train Epoch: 3 [8160/8346 (98%)]	Loss: 0.891078
2025-03-10 00:02:51,147 - INFO - Train Epoch: 3 [8320/8346 (100%)]	Loss: 0.830692
2025-03-10 00:05:01,115 - INFO - Validation set: Average loss: 0.3419, Accuracy: 599/776 (77.19%)
2025-03-10 00:05:01,121 - INFO - Epoch 3 - Train Loss: 6.6955, Val Loss: 0.3419, Val Accuracy: 77.19%
2025-03-10 00:05:17,034 - INFO - Train Epoch: 4 [0/8346 (0%)]	Loss: 1.025421
2025-03-10 00:07:14,407 - INFO - Train Epoch: 4 [160/8346 (2%)]	Loss: 0.172908
2025-03-10 00:09:26,742 - INFO - Train Epoch: 4 [320/8346 (4%)]	Loss: 4.073835
2025-03-10 00:11:32,919 - INFO - Train Epoch: 4 [480/8346 (6%)]	Loss: 3.743140
2025-03-10 00:13:37,989 - INFO - Train Epoch: 4 [640/8346 (8%)]	Loss: 1.212377
2025-03-10 00:15:46,850 - INFO - Train Epoch: 4 [800/8346 (10%)]	Loss: 1.847274
2025-03-10 00:17:48,697 - INFO - Train Epoch: 4 [960/8346 (11%)]	Loss: 0.563474
2025-03-10 00:19:49,751 - INFO - Train Epoch: 4 [1120/8346 (13%)]	Loss: 0.640718
2025-03-10 00:21:52,402 - INFO - Train Epoch: 4 [1280/8346 (15%)]	Loss: 4.189946
2025-03-10 00:24:00,255 - INFO - Train Epoch: 4 [1440/8346 (17%)]	Loss: 3.250183
2025-03-10 00:26:08,334 - INFO - Train Epoch: 4 [1600/8346 (19%)]	Loss: 1.712206
2025-03-10 00:28:14,373 - INFO - Train Epoch: 4 [1760/8346 (21%)]	Loss: 0.411540
2025-03-10 00:30:20,630 - INFO - Train Epoch: 4 [1920/8346 (23%)]	Loss: 0.308531
2025-03-10 00:32:24,077 - INFO - Train Epoch: 4 [2080/8346 (25%)]	Loss: 0.097298
2025-03-10 00:34:29,468 - INFO - Train Epoch: 4 [2240/8346 (27%)]	Loss: 1.907377
2025-03-10 00:36:33,328 - INFO - Train Epoch: 4 [2400/8346 (29%)]	Loss: 1.020980
2025-03-10 00:38:41,623 - INFO - Train Epoch: 4 [2560/8346 (31%)]	Loss: 1.720789
2025-03-10 00:40:47,251 - INFO - Train Epoch: 4 [2720/8346 (33%)]	Loss: 6.703182
2025-03-10 00:42:51,489 - INFO - Train Epoch: 4 [2880/8346 (34%)]	Loss: 3.100869
2025-03-10 00:44:58,055 - INFO - Train Epoch: 4 [3040/8346 (36%)]	Loss: 0.416168
2025-03-10 00:47:01,765 - INFO - Train Epoch: 4 [3200/8346 (38%)]	Loss: 3.844752
2025-03-10 00:49:06,866 - INFO - Train Epoch: 4 [3360/8346 (40%)]	Loss: 1.100729
2025-03-10 00:51:07,192 - INFO - Train Epoch: 4 [3520/8346 (42%)]	Loss: 0.073927
2025-03-10 00:53:07,693 - INFO - Train Epoch: 4 [3680/8346 (44%)]	Loss: 0.063743
2025-03-10 00:55:08,437 - INFO - Train Epoch: 4 [3840/8346 (46%)]	Loss: 1.865893
2025-03-10 00:57:19,119 - INFO - Train Epoch: 4 [4000/8346 (48%)]	Loss: 1.293147
2025-03-10 00:59:25,703 - INFO - Train Epoch: 4 [4160/8346 (50%)]	Loss: 1.267913
2025-03-10 01:01:29,365 - INFO - Train Epoch: 4 [4320/8346 (52%)]	Loss: 7.204872
2025-03-10 01:03:36,144 - INFO - Train Epoch: 4 [4480/8346 (54%)]	Loss: 0.480819
2025-03-10 01:05:44,736 - INFO - Train Epoch: 4 [4640/8346 (56%)]	Loss: 0.149296
2025-03-10 01:07:54,939 - INFO - Train Epoch: 4 [4800/8346 (57%)]	Loss: 0.394949
2025-03-10 01:10:03,317 - INFO - Train Epoch: 4 [4960/8346 (59%)]	Loss: 1.047068
2025-03-10 01:12:09,559 - INFO - Train Epoch: 4 [5120/8346 (61%)]	Loss: 4.818065
2025-03-10 01:14:18,197 - INFO - Train Epoch: 4 [5280/8346 (63%)]	Loss: 1.371518
2025-03-10 01:16:26,634 - INFO - Train Epoch: 4 [5440/8346 (65%)]	Loss: 1.330100
2025-03-10 01:18:35,847 - INFO - Train Epoch: 4 [5600/8346 (67%)]	Loss: 0.190728
2025-03-10 01:20:46,544 - INFO - Train Epoch: 4 [5760/8346 (69%)]	Loss: 1.092861
2025-03-10 01:22:55,849 - INFO - Train Epoch: 4 [5920/8346 (71%)]	Loss: 1.528591
2025-03-10 01:25:04,749 - INFO - Train Epoch: 4 [6080/8346 (73%)]	Loss: 0.484951
2025-03-10 01:27:15,348 - INFO - Train Epoch: 4 [6240/8346 (75%)]	Loss: 0.471750
2025-03-10 01:29:24,070 - INFO - Train Epoch: 4 [6400/8346 (77%)]	Loss: 0.559252
2025-03-10 01:31:30,681 - INFO - Train Epoch: 4 [6560/8346 (79%)]	Loss: 0.140904
2025-03-10 01:33:39,235 - INFO - Train Epoch: 4 [6720/8346 (80%)]	Loss: 0.428495
2025-03-10 01:35:47,257 - INFO - Train Epoch: 4 [6880/8346 (82%)]	Loss: 6.231991
2025-03-10 01:37:51,969 - INFO - Train Epoch: 4 [7040/8346 (84%)]	Loss: 3.021988
2025-03-10 01:40:00,343 - INFO - Train Epoch: 4 [7200/8346 (86%)]	Loss: 0.680245
2025-03-10 01:42:14,102 - INFO - Train Epoch: 4 [7360/8346 (88%)]	Loss: 0.185765
2025-03-10 01:44:20,164 - INFO - Train Epoch: 4 [7520/8346 (90%)]	Loss: 1.300671
2025-03-10 01:46:28,032 - INFO - Train Epoch: 4 [7680/8346 (92%)]	Loss: 1.417495
2025-03-10 01:48:30,688 - INFO - Train Epoch: 4 [7840/8346 (94%)]	Loss: 0.657399
2025-03-10 01:50:33,450 - INFO - Train Epoch: 4 [8000/8346 (96%)]	Loss: 0.164142
2025-03-10 01:52:35,966 - INFO - Train Epoch: 4 [8160/8346 (98%)]	Loss: 0.000132
2025-03-10 01:54:38,859 - INFO - Train Epoch: 4 [8320/8346 (100%)]	Loss: 0.556748
2025-03-10 01:56:54,646 - INFO - Validation set: Average loss: 0.1380, Accuracy: 652/776 (84.02%)
2025-03-10 01:56:54,651 - INFO - Epoch 4 - Train Loss: 5.8520, Val Loss: 0.1380, Val Accuracy: 84.02%
2025-03-10 01:57:12,500 - INFO - Train Epoch: 5 [0/8346 (0%)]	Loss: 0.251945
2025-03-10 01:59:15,705 - INFO - Train Epoch: 5 [160/8346 (2%)]	Loss: 0.125721
2025-03-10 02:01:18,517 - INFO - Train Epoch: 5 [320/8346 (4%)]	Loss: 0.945754
2025-03-10 02:03:21,311 - INFO - Train Epoch: 5 [480/8346 (6%)]	Loss: 0.481806
2025-03-10 02:05:24,296 - INFO - Train Epoch: 5 [640/8346 (8%)]	Loss: 4.568598
2025-03-10 02:07:26,265 - INFO - Train Epoch: 5 [800/8346 (10%)]	Loss: 1.130048
2025-03-10 02:09:28,657 - INFO - Train Epoch: 5 [960/8346 (11%)]	Loss: 0.442422
2025-03-10 02:11:31,481 - INFO - Train Epoch: 5 [1120/8346 (13%)]	Loss: 0.604359
2025-03-10 02:13:34,220 - INFO - Train Epoch: 5 [1280/8346 (15%)]	Loss: 0.165068
2025-03-10 02:15:36,737 - INFO - Train Epoch: 5 [1440/8346 (17%)]	Loss: 2.436593
2025-03-10 02:17:39,171 - INFO - Train Epoch: 5 [1600/8346 (19%)]	Loss: 0.186359
2025-03-10 02:19:42,580 - INFO - Train Epoch: 5 [1760/8346 (21%)]	Loss: 1.677012
2025-03-10 02:21:45,601 - INFO - Train Epoch: 5 [1920/8346 (23%)]	Loss: 0.331928
2025-03-10 02:23:52,447 - INFO - Train Epoch: 5 [2080/8346 (25%)]	Loss: 1.145386
2025-03-10 02:25:57,269 - INFO - Train Epoch: 5 [2240/8346 (27%)]	Loss: 0.507215
2025-03-10 02:28:01,683 - INFO - Train Epoch: 5 [2400/8346 (29%)]	Loss: 0.422850
2025-03-10 02:30:04,866 - INFO - Train Epoch: 5 [2560/8346 (31%)]	Loss: 3.793032
2025-03-10 02:32:08,933 - INFO - Train Epoch: 5 [2720/8346 (33%)]	Loss: 0.338059
2025-03-10 02:34:12,597 - INFO - Train Epoch: 5 [2880/8346 (34%)]	Loss: 6.633666
2025-03-10 02:36:16,867 - INFO - Train Epoch: 5 [3040/8346 (36%)]	Loss: 0.138211
2025-03-10 02:38:26,142 - INFO - Train Epoch: 5 [3200/8346 (38%)]	Loss: 0.330824
2025-03-10 02:40:35,429 - INFO - Train Epoch: 5 [3360/8346 (40%)]	Loss: 0.586806
2025-03-10 02:42:40,905 - INFO - Train Epoch: 5 [3520/8346 (42%)]	Loss: 0.476901
2025-03-10 02:44:45,566 - INFO - Train Epoch: 5 [3680/8346 (44%)]	Loss: 0.749303
2025-03-10 02:46:46,006 - INFO - Train Epoch: 5 [3840/8346 (46%)]	Loss: 1.828259
2025-03-10 02:48:50,903 - INFO - Train Epoch: 5 [4000/8346 (48%)]	Loss: 0.605038
2025-03-10 02:50:53,256 - INFO - Train Epoch: 5 [4160/8346 (50%)]	Loss: 0.871821
2025-03-10 02:52:55,944 - INFO - Train Epoch: 5 [4320/8346 (52%)]	Loss: 1.086209
2025-03-10 02:54:58,854 - INFO - Train Epoch: 5 [4480/8346 (54%)]	Loss: 0.402997
2025-03-10 02:57:01,676 - INFO - Train Epoch: 5 [4640/8346 (56%)]	Loss: 0.571577
2025-03-10 02:59:05,236 - INFO - Train Epoch: 5 [4800/8346 (57%)]	Loss: 0.267155
2025-03-10 03:01:08,015 - INFO - Train Epoch: 5 [4960/8346 (59%)]	Loss: 7.207043
2025-03-10 03:03:17,307 - INFO - Train Epoch: 5 [5120/8346 (61%)]	Loss: 0.717623
2025-03-10 03:05:20,982 - INFO - Train Epoch: 5 [5280/8346 (63%)]	Loss: 3.704765
2025-03-10 03:07:24,235 - INFO - Train Epoch: 5 [5440/8346 (65%)]	Loss: 0.112979
2025-03-10 03:09:27,043 - INFO - Train Epoch: 5 [5600/8346 (67%)]	Loss: 0.932032
2025-03-10 03:11:30,590 - INFO - Train Epoch: 5 [5760/8346 (69%)]	Loss: 0.022029
2025-03-10 03:13:33,254 - INFO - Train Epoch: 5 [5920/8346 (71%)]	Loss: 0.209925
2025-03-10 03:15:36,670 - INFO - Train Epoch: 5 [6080/8346 (73%)]	Loss: 0.451217
2025-03-10 03:17:39,447 - INFO - Train Epoch: 5 [6240/8346 (75%)]	Loss: 0.730470
2025-03-10 03:19:43,376 - INFO - Train Epoch: 5 [6400/8346 (77%)]	Loss: 2.196764
2025-03-10 03:21:47,412 - INFO - Train Epoch: 5 [6560/8346 (79%)]	Loss: 0.279106
2025-03-10 03:23:50,844 - INFO - Train Epoch: 5 [6720/8346 (80%)]	Loss: 0.692980
2025-03-10 03:25:54,424 - INFO - Train Epoch: 5 [6880/8346 (82%)]	Loss: 0.170165
2025-03-10 03:27:57,417 - INFO - Train Epoch: 5 [7040/8346 (84%)]	Loss: 1.175781
2025-03-10 03:30:00,573 - INFO - Train Epoch: 5 [7200/8346 (86%)]	Loss: 1.711380
2025-03-10 03:32:04,076 - INFO - Train Epoch: 5 [7360/8346 (88%)]	Loss: 5.236928
2025-03-10 03:34:06,573 - INFO - Train Epoch: 5 [7520/8346 (90%)]	Loss: 0.626431
2025-03-10 03:36:09,951 - INFO - Train Epoch: 5 [7680/8346 (92%)]	Loss: 0.579784
2025-03-10 03:38:13,117 - INFO - Train Epoch: 5 [7840/8346 (94%)]	Loss: 0.604493
2025-03-10 03:40:16,086 - INFO - Train Epoch: 5 [8000/8346 (96%)]	Loss: 0.372268
2025-03-10 03:42:18,709 - INFO - Train Epoch: 5 [8160/8346 (98%)]	Loss: 1.168970
2025-03-10 03:44:22,126 - INFO - Train Epoch: 5 [8320/8346 (100%)]	Loss: 0.529822
2025-03-10 03:46:39,211 - INFO - Validation set: Average loss: 0.1497, Accuracy: 597/776 (76.93%)
2025-03-10 03:46:39,214 - INFO - Epoch 5 - Train Loss: 4.2351, Val Loss: 0.1497, Val Accuracy: 76.93%
2025-03-10 03:46:56,644 - INFO - Train Epoch: 6 [0/8346 (0%)]	Loss: 0.374927
2025-03-10 03:49:03,721 - INFO - Train Epoch: 6 [160/8346 (2%)]	Loss: 1.446332
2025-03-10 03:51:11,051 - INFO - Train Epoch: 6 [320/8346 (4%)]	Loss: 1.129731
2025-03-10 03:53:14,124 - INFO - Train Epoch: 6 [480/8346 (6%)]	Loss: 0.751363
2025-03-10 03:55:16,903 - INFO - Train Epoch: 6 [640/8346 (8%)]	Loss: 0.426061
2025-03-10 03:57:25,463 - INFO - Train Epoch: 6 [800/8346 (10%)]	Loss: 0.798303
2025-03-10 03:59:28,831 - INFO - Train Epoch: 6 [960/8346 (11%)]	Loss: 0.709474
2025-03-10 04:01:30,520 - INFO - Train Epoch: 6 [1120/8346 (13%)]	Loss: 0.865222
2025-03-10 04:03:32,846 - INFO - Train Epoch: 6 [1280/8346 (15%)]	Loss: 0.306424
2025-03-10 04:05:36,582 - INFO - Train Epoch: 6 [1440/8346 (17%)]	Loss: 0.353238
2025-03-10 04:07:38,337 - INFO - Train Epoch: 6 [1600/8346 (19%)]	Loss: 0.000835
2025-03-10 04:09:40,180 - INFO - Train Epoch: 6 [1760/8346 (21%)]	Loss: 2.467027
2025-03-10 04:11:41,855 - INFO - Train Epoch: 6 [1920/8346 (23%)]	Loss: 3.217406
2025-03-10 04:13:44,398 - INFO - Train Epoch: 6 [2080/8346 (25%)]	Loss: 0.120184
2025-03-10 04:15:46,302 - INFO - Train Epoch: 6 [2240/8346 (27%)]	Loss: 0.753252
2025-03-10 04:17:47,916 - INFO - Train Epoch: 6 [2400/8346 (29%)]	Loss: 2.640626
2025-03-10 04:19:50,332 - INFO - Train Epoch: 6 [2560/8346 (31%)]	Loss: 1.816812
2025-03-10 04:21:55,355 - INFO - Train Epoch: 6 [2720/8346 (33%)]	Loss: 0.914139
2025-03-10 04:23:57,193 - INFO - Train Epoch: 6 [2880/8346 (34%)]	Loss: 1.050908
2025-03-10 04:25:59,570 - INFO - Train Epoch: 6 [3040/8346 (36%)]	Loss: 1.410015
2025-03-10 04:28:01,647 - INFO - Train Epoch: 6 [3200/8346 (38%)]	Loss: 0.830339
2025-03-10 04:30:03,666 - INFO - Train Epoch: 6 [3360/8346 (40%)]	Loss: 6.630308
2025-03-10 04:32:05,972 - INFO - Train Epoch: 6 [3520/8346 (42%)]	Loss: 0.841635
2025-03-10 04:34:07,984 - INFO - Train Epoch: 6 [3680/8346 (44%)]	Loss: 0.282009
2025-03-10 04:36:10,879 - INFO - Train Epoch: 6 [3840/8346 (46%)]	Loss: 0.661679
2025-03-10 04:38:11,679 - INFO - Train Epoch: 6 [4000/8346 (48%)]	Loss: 0.280197
2025-03-10 04:40:12,810 - INFO - Train Epoch: 6 [4160/8346 (50%)]	Loss: 1.094288
2025-03-10 04:42:15,646 - INFO - Train Epoch: 6 [4320/8346 (52%)]	Loss: 0.123041
2025-03-10 04:44:17,600 - INFO - Train Epoch: 6 [4480/8346 (54%)]	Loss: 0.212258
2025-03-10 04:46:17,908 - INFO - Train Epoch: 6 [4640/8346 (56%)]	Loss: 0.301106
2025-03-10 04:48:18,746 - INFO - Train Epoch: 6 [4800/8346 (57%)]	Loss: 1.159643
2025-03-10 04:50:20,325 - INFO - Train Epoch: 6 [4960/8346 (59%)]	Loss: 0.819786
2025-03-10 04:52:27,077 - INFO - Train Epoch: 6 [5120/8346 (61%)]	Loss: 7.909556
2025-03-10 04:54:28,845 - INFO - Train Epoch: 6 [5280/8346 (63%)]	Loss: 0.118488
2025-03-10 04:56:30,486 - INFO - Train Epoch: 6 [5440/8346 (65%)]	Loss: 1.478894
2025-03-10 04:58:32,136 - INFO - Train Epoch: 6 [5600/8346 (67%)]	Loss: 0.254557
2025-03-10 05:00:35,171 - INFO - Train Epoch: 6 [5760/8346 (69%)]	Loss: 0.623247
2025-03-10 05:02:40,319 - INFO - Train Epoch: 6 [5920/8346 (71%)]	Loss: 0.204614
2025-03-10 05:04:40,522 - INFO - Train Epoch: 6 [6080/8346 (73%)]	Loss: 2.129673
2025-03-10 05:06:41,422 - INFO - Train Epoch: 6 [6240/8346 (75%)]	Loss: 0.069112
2025-03-10 05:08:42,751 - INFO - Train Epoch: 6 [6400/8346 (77%)]	Loss: 0.397766
2025-03-10 05:10:42,648 - INFO - Train Epoch: 6 [6560/8346 (79%)]	Loss: 4.014836
2025-03-10 05:12:42,601 - INFO - Train Epoch: 6 [6720/8346 (80%)]	Loss: 2.891404
2025-03-10 05:14:43,826 - INFO - Train Epoch: 6 [6880/8346 (82%)]	Loss: 0.514192
2025-03-10 05:16:44,619 - INFO - Train Epoch: 6 [7040/8346 (84%)]	Loss: 2.643197
2025-03-10 05:18:44,696 - INFO - Train Epoch: 6 [7200/8346 (86%)]	Loss: 0.524938
2025-03-10 05:20:45,985 - INFO - Train Epoch: 6 [7360/8346 (88%)]	Loss: 1.135921
2025-03-10 05:22:46,545 - INFO - Train Epoch: 6 [7520/8346 (90%)]	Loss: 0.211218
2025-03-10 05:24:46,945 - INFO - Train Epoch: 6 [7680/8346 (92%)]	Loss: 6.481048
2025-03-10 05:26:47,259 - INFO - Train Epoch: 6 [7840/8346 (94%)]	Loss: 3.130445
2025-03-10 05:28:48,120 - INFO - Train Epoch: 6 [8000/8346 (96%)]	Loss: 7.360109
2025-03-10 05:30:48,603 - INFO - Train Epoch: 6 [8160/8346 (98%)]	Loss: 1.110225
2025-03-10 05:32:48,709 - INFO - Train Epoch: 6 [8320/8346 (100%)]	Loss: 0.454323
2025-03-10 05:35:05,566 - INFO - Validation set: Average loss: 0.5295, Accuracy: 650/776 (83.76%)
2025-03-10 05:35:05,569 - INFO - Epoch 6 - Train Loss: 4.8214, Val Loss: 0.5295, Val Accuracy: 83.76%
2025-03-10 05:35:22,822 - INFO - Train Epoch: 7 [0/8346 (0%)]	Loss: 0.494173
2025-03-10 05:37:25,713 - INFO - Train Epoch: 7 [160/8346 (2%)]	Loss: 0.456924
2025-03-10 05:39:28,769 - INFO - Train Epoch: 7 [320/8346 (4%)]	Loss: 0.413616
2025-03-10 05:41:31,350 - INFO - Train Epoch: 7 [480/8346 (6%)]	Loss: 4.452814
2025-03-10 05:43:34,110 - INFO - Train Epoch: 7 [640/8346 (8%)]	Loss: 6.243167
2025-03-10 05:45:40,578 - INFO - Train Epoch: 7 [800/8346 (10%)]	Loss: 0.141461
2025-03-10 05:47:41,248 - INFO - Train Epoch: 7 [960/8346 (11%)]	Loss: 2.859517
2025-03-10 05:49:47,219 - INFO - Train Epoch: 7 [1120/8346 (13%)]	Loss: 0.595443
2025-03-10 05:51:49,752 - INFO - Train Epoch: 7 [1280/8346 (15%)]	Loss: 0.201376
2025-03-10 05:53:52,895 - INFO - Train Epoch: 7 [1440/8346 (17%)]	Loss: 0.849152
2025-03-10 05:55:54,938 - INFO - Train Epoch: 7 [1600/8346 (19%)]	Loss: 0.813156
2025-03-10 05:58:02,965 - INFO - Train Epoch: 7 [1760/8346 (21%)]	Loss: 0.150492
2025-03-10 06:00:07,538 - INFO - Train Epoch: 7 [1920/8346 (23%)]	Loss: 4.885728
2025-03-10 06:02:13,194 - INFO - Train Epoch: 7 [2080/8346 (25%)]	Loss: 0.767573
2025-03-10 06:04:20,830 - INFO - Train Epoch: 7 [2240/8346 (27%)]	Loss: 0.380921
2025-03-10 06:06:22,450 - INFO - Train Epoch: 7 [2400/8346 (29%)]	Loss: 1.104876
2025-03-10 06:08:23,404 - INFO - Train Epoch: 7 [2560/8346 (31%)]	Loss: 0.280784
2025-03-10 06:10:24,171 - INFO - Train Epoch: 7 [2720/8346 (33%)]	Loss: 0.392692
2025-03-10 06:12:31,002 - INFO - Train Epoch: 7 [2880/8346 (34%)]	Loss: 0.107708
2025-03-10 06:14:33,928 - INFO - Train Epoch: 7 [3040/8346 (36%)]	Loss: 0.350046
2025-03-10 06:16:38,379 - INFO - Train Epoch: 7 [3200/8346 (38%)]	Loss: 0.379811
2025-03-10 06:18:42,176 - INFO - Train Epoch: 7 [3360/8346 (40%)]	Loss: 0.712580
2025-03-10 06:20:44,192 - INFO - Train Epoch: 7 [3520/8346 (42%)]	Loss: 0.415170
2025-03-10 06:22:45,324 - INFO - Train Epoch: 7 [3680/8346 (44%)]	Loss: 0.477372
2025-03-10 06:24:54,291 - INFO - Train Epoch: 7 [3840/8346 (46%)]	Loss: 0.439318
2025-03-10 06:26:57,958 - INFO - Train Epoch: 7 [4000/8346 (48%)]	Loss: 0.717182
2025-03-10 06:29:01,855 - INFO - Train Epoch: 7 [4160/8346 (50%)]	Loss: 0.273390
2025-03-10 06:31:02,253 - INFO - Train Epoch: 7 [4320/8346 (52%)]	Loss: 6.174715
2025-03-10 06:33:06,415 - INFO - Train Epoch: 7 [4480/8346 (54%)]	Loss: 0.498927
2025-03-10 06:35:08,825 - INFO - Train Epoch: 7 [4640/8346 (56%)]	Loss: 0.368416
2025-03-10 06:37:14,649 - INFO - Train Epoch: 7 [4800/8346 (57%)]	Loss: 0.179659
2025-03-10 06:39:19,375 - INFO - Train Epoch: 7 [4960/8346 (59%)]	Loss: 1.056405
2025-03-10 06:41:30,278 - INFO - Train Epoch: 7 [5120/8346 (61%)]	Loss: 0.213455
2025-03-10 06:43:34,951 - INFO - Train Epoch: 7 [5280/8346 (63%)]	Loss: 0.853094
2025-03-10 06:45:38,986 - INFO - Train Epoch: 7 [5440/8346 (65%)]	Loss: 0.053185
2025-03-10 06:47:38,677 - INFO - Train Epoch: 7 [5600/8346 (67%)]	Loss: 0.604868
2025-03-10 06:49:38,230 - INFO - Train Epoch: 7 [5760/8346 (69%)]	Loss: 0.851456
2025-03-10 06:51:41,219 - INFO - Train Epoch: 7 [5920/8346 (71%)]	Loss: 0.933337
2025-03-10 06:53:40,879 - INFO - Train Epoch: 7 [6080/8346 (73%)]	Loss: 0.575244
2025-03-10 06:55:40,790 - INFO - Train Epoch: 7 [6240/8346 (75%)]	Loss: 6.135870
2025-03-10 06:57:46,058 - INFO - Train Epoch: 7 [6400/8346 (77%)]	Loss: 0.091617
2025-03-10 06:59:45,732 - INFO - Train Epoch: 7 [6560/8346 (79%)]	Loss: 1.367333
2025-03-10 07:01:45,673 - INFO - Train Epoch: 7 [6720/8346 (80%)]	Loss: 0.326900
2025-03-10 07:03:45,087 - INFO - Train Epoch: 7 [6880/8346 (82%)]	Loss: 0.068915
2025-03-10 07:05:44,899 - INFO - Train Epoch: 7 [7040/8346 (84%)]	Loss: 0.879410
2025-03-10 07:07:44,709 - INFO - Train Epoch: 7 [7200/8346 (86%)]	Loss: 0.185210
2025-03-10 07:09:45,580 - INFO - Train Epoch: 7 [7360/8346 (88%)]	Loss: 0.204348
2025-03-10 07:11:46,592 - INFO - Train Epoch: 7 [7520/8346 (90%)]	Loss: 0.793730
2025-03-10 07:13:51,531 - INFO - Train Epoch: 7 [7680/8346 (92%)]	Loss: 0.259232
2025-03-10 07:15:54,432 - INFO - Train Epoch: 7 [7840/8346 (94%)]	Loss: 2.650859
2025-03-10 07:18:02,816 - INFO - Train Epoch: 7 [8000/8346 (96%)]	Loss: 0.477307
2025-03-10 07:20:04,320 - INFO - Train Epoch: 7 [8160/8346 (98%)]	Loss: 0.258627
2025-03-10 07:22:06,516 - INFO - Train Epoch: 7 [8320/8346 (100%)]	Loss: 0.419862
2025-03-10 07:24:28,671 - INFO - Validation set: Average loss: 0.2735, Accuracy: 676/776 (87.11%)
2025-03-10 07:24:28,675 - INFO - Epoch 7 - Train Loss: 4.1491, Val Loss: 0.2735, Val Accuracy: 87.11%
2025-03-10 07:24:28,675 - INFO - Early stopping triggered!
2025-03-10 07:24:28,810 - INFO - Model saved to models/final_road_surface_classification.pth
2025-03-10 07:25:33,511 - INFO - Logging setup complete.
/home/hd/hd_hd/hd_sm330/.conda/envs/geoai/lib/python3.8/site-packages/torchvision/models/_utils.py:208: UserWarning: The parameter 'pretrained' is deprecated since 0.13 and will be removed in 0.15, please use 'weights' instead.
  warnings.warn(
/home/hd/hd_hd/hd_sm330/.conda/envs/geoai/lib/python3.8/site-packages/torchvision/models/_utils.py:223: UserWarning: Arguments other than a weight enum or `None` for 'weights' are deprecated since 0.13 and will be removed in 0.15. The current behavior is equivalent to passing `weights=EfficientNet_B0_Weights.IMAGENET1K_V1`. You can also use `weights=EfficientNet_B0_Weights.DEFAULT` to get the most up-to-date weights.
  warnings.warn(msg)
Traceback (most recent call last):
  File "src/evaluate.py", line 116, in <module>
    main()
  File "src/evaluate.py", line 102, in main
    model = load_model(model, args.model_path, device)
  File "/pfs/data5/home/hd/hd_hd/hd_sm330/project/myproject/src/utils/utils.py", line 24, in load_model
    model.load_state_dict(torch.load(path, map_location=device))
  File "/home/hd/hd_hd/hd_sm330/.conda/envs/geoai/lib/python3.8/site-packages/torch/serialization.py", line 699, in load
    with _open_file_like(f, 'rb') as opened_file:
  File "/home/hd/hd_hd/hd_sm330/.conda/envs/geoai/lib/python3.8/site-packages/torch/serialization.py", line 230, in _open_file_like
    return _open_file(name_or_buffer, mode)
  File "/home/hd/hd_hd/hd_sm330/.conda/envs/geoai/lib/python3.8/site-packages/torch/serialization.py", line 211, in __init__
    super(_open_file, self).__init__(open(name, mode))
FileNotFoundError: [Errno 2] No such file or directory: 'models/road_surface_classification.pth'
