2025-04-07 21:30:26,309 - INFO - Train Set Class Distribution:
surface_type
asphalt          2390
paving_stones    1303
sett              872
unpaved           650
concrete          622
Name: count, dtype: int64
2025-04-07 21:30:26,310 - INFO - Validation Set Class Distribution:
surface_type
asphalt          597
paving_stones    326
sett             218
unpaved          163
concrete         156
Name: count, dtype: int64
2025-04-07 21:30:26,312 - INFO - Test Set Class Distribution:
surface_type
asphalt          747
paving_stones    408
sett             273
unpaved          203
concrete         194
Name: count, dtype: int64
2025-04-07 21:33:37,372 - INFO - [Epoch 1] Train Loss: 310.8097, Accuracy: 67.86%
2025-04-07 21:34:11,441 - INFO - Validation Loss: 33.9552, Accuracy: 80.96%
2025-04-07 21:34:11,441 - INFO -   Class [asphalt] Accuracy: 65.16% (389/597)
2025-04-07 21:34:11,441 - INFO -   Class [concrete] Accuracy: 87.18% (136/156)
2025-04-07 21:34:11,441 - INFO -   Class [paving_stones] Accuracy: 90.18% (294/326)
2025-04-07 21:34:11,441 - INFO -   Class [sett] Accuracy: 95.87% (209/218)
2025-04-07 21:34:11,441 - INFO -   Class [unpaved] Accuracy: 94.48% (154/163)
2025-04-07 21:34:11,445 - INFO - 
Confusion Matrix:
[[389 151  16   2  39]
 [ 10 136   0   0  10]
 [  1   5 294  25   1]
 [  1   2   6 209   0]
 [  0   9   0   0 154]]
2025-04-07 21:34:11,457 - INFO - 
Classification Report:
               precision    recall  f1-score   support

      asphalt       0.97      0.65      0.78       597
     concrete       0.45      0.87      0.59       156
paving_stones       0.93      0.90      0.92       326
         sett       0.89      0.96      0.92       218
      unpaved       0.75      0.94      0.84       163

     accuracy                           0.81      1460
    macro avg       0.80      0.87      0.81      1460
 weighted avg       0.87      0.81      0.82      1460

2025-04-07 21:34:12,302 - INFO - New best model saved with accuracy: 80.96%
2025-04-07 21:37:22,165 - INFO - [Epoch 2] Train Loss: 129.2239, Accuracy: 86.40%
2025-04-07 21:37:57,997 - INFO - Validation Loss: 23.7308, Accuracy: 90.48%
2025-04-07 21:37:57,997 - INFO -   Class [asphalt] Accuracy: 87.10% (520/597)
2025-04-07 21:37:57,997 - INFO -   Class [concrete] Accuracy: 82.69% (129/156)
2025-04-07 21:37:57,997 - INFO -   Class [paving_stones] Accuracy: 95.09% (310/326)
2025-04-07 21:37:57,997 - INFO -   Class [sett] Accuracy: 94.50% (206/218)
2025-04-07 21:37:57,997 - INFO -   Class [unpaved] Accuracy: 95.71% (156/163)
2025-04-07 21:37:58,000 - INFO - 
Confusion Matrix:
[[520  45   7   2  23]
 [ 14 129   0   0  13]
 [  3   3 310   9   1]
 [  2   0   9 206   1]
 [  4   3   0   0 156]]
2025-04-07 21:37:58,013 - INFO - 
Classification Report:
               precision    recall  f1-score   support

      asphalt       0.96      0.87      0.91       597
     concrete       0.72      0.83      0.77       156
paving_stones       0.95      0.95      0.95       326
         sett       0.95      0.94      0.95       218
      unpaved       0.80      0.96      0.87       163

     accuracy                           0.90      1460
    macro avg       0.88      0.91      0.89      1460
 weighted avg       0.91      0.90      0.91      1460

2025-04-07 21:37:58,904 - INFO - New best model saved with accuracy: 90.48%
2025-04-07 21:41:07,141 - INFO - [Epoch 3] Train Loss: 92.6126, Accuracy: 91.11%
2025-04-07 21:41:44,060 - INFO - Validation Loss: 21.9133, Accuracy: 90.96%
2025-04-07 21:41:44,060 - INFO -   Class [asphalt] Accuracy: 87.60% (523/597)
2025-04-07 21:41:44,060 - INFO -   Class [concrete] Accuracy: 85.26% (133/156)
2025-04-07 21:41:44,060 - INFO -   Class [paving_stones] Accuracy: 96.93% (316/326)
2025-04-07 21:41:44,060 - INFO -   Class [sett] Accuracy: 93.58% (204/218)
2025-04-07 21:41:44,060 - INFO -   Class [unpaved] Accuracy: 93.25% (152/163)
2025-04-07 21:41:44,063 - INFO - 
Confusion Matrix:
[[523  50   9   3  12]
 [ 14 133   0   0   9]
 [  0   1 316   8   1]
 [  0   0  14 204   0]
 [  7   4   0   0 152]]
2025-04-07 21:41:44,076 - INFO - 
Classification Report:
               precision    recall  f1-score   support

      asphalt       0.96      0.88      0.92       597
     concrete       0.71      0.85      0.77       156
paving_stones       0.93      0.97      0.95       326
         sett       0.95      0.94      0.94       218
      unpaved       0.87      0.93      0.90       163

     accuracy                           0.91      1460
    macro avg       0.88      0.91      0.90      1460
 weighted avg       0.92      0.91      0.91      1460

2025-04-07 21:41:44,971 - INFO - New best model saved with accuracy: 90.96%
2025-04-07 21:44:53,932 - INFO - [Epoch 4] Train Loss: 71.7246, Accuracy: 92.87%
2025-04-07 21:45:29,673 - INFO - Validation Loss: 22.7645, Accuracy: 93.63%
2025-04-07 21:45:29,674 - INFO -   Class [asphalt] Accuracy: 94.97% (567/597)
2025-04-07 21:45:29,674 - INFO -   Class [concrete] Accuracy: 82.69% (129/156)
2025-04-07 21:45:29,674 - INFO -   Class [paving_stones] Accuracy: 96.63% (315/326)
2025-04-07 21:45:29,674 - INFO -   Class [sett] Accuracy: 93.58% (204/218)
2025-04-07 21:45:29,674 - INFO -   Class [unpaved] Accuracy: 93.25% (152/163)
2025-04-07 21:45:29,677 - INFO - 
Confusion Matrix:
[[567  19   3   1   7]
 [ 19 129   0   0   8]
 [  2   3 315   5   1]
 [  0   1  13 204   0]
 [  8   3   0   0 152]]
2025-04-07 21:45:29,689 - INFO - 
Classification Report:
               precision    recall  f1-score   support

      asphalt       0.95      0.95      0.95       597
     concrete       0.83      0.83      0.83       156
paving_stones       0.95      0.97      0.96       326
         sett       0.97      0.94      0.95       218
      unpaved       0.90      0.93      0.92       163

     accuracy                           0.94      1460
    macro avg       0.92      0.92      0.92      1460
 weighted avg       0.94      0.94      0.94      1460

2025-04-07 21:45:30,588 - INFO - New best model saved with accuracy: 93.63%
2025-04-07 21:48:40,041 - INFO - [Epoch 5] Train Loss: 52.5358, Accuracy: 95.12%
2025-04-07 21:49:15,633 - INFO - Validation Loss: 26.4491, Accuracy: 93.70%
2025-04-07 21:49:15,634 - INFO -   Class [asphalt] Accuracy: 94.97% (567/597)
2025-04-07 21:49:15,634 - INFO -   Class [concrete] Accuracy: 81.41% (127/156)
2025-04-07 21:49:15,634 - INFO -   Class [paving_stones] Accuracy: 95.09% (310/326)
2025-04-07 21:49:15,634 - INFO -   Class [sett] Accuracy: 96.33% (210/218)
2025-04-07 21:49:15,634 - INFO -   Class [unpaved] Accuracy: 94.48% (154/163)
2025-04-07 21:49:15,637 - INFO - 
Confusion Matrix:
[[567  17   3   2   8]
 [ 15 127   0   0  14]
 [  1   2 310  11   2]
 [  0   0   8 210   0]
 [  8   1   0   0 154]]
2025-04-07 21:49:15,649 - INFO - 
Classification Report:
               precision    recall  f1-score   support

      asphalt       0.96      0.95      0.95       597
     concrete       0.86      0.81      0.84       156
paving_stones       0.97      0.95      0.96       326
         sett       0.94      0.96      0.95       218
      unpaved       0.87      0.94      0.90       163

     accuracy                           0.94      1460
    macro avg       0.92      0.92      0.92      1460
 weighted avg       0.94      0.94      0.94      1460

2025-04-07 21:49:16,547 - INFO - New best model saved with accuracy: 93.70%
2025-04-07 21:52:26,626 - INFO - [Epoch 6] Train Loss: 40.4950, Accuracy: 96.21%
2025-04-07 21:53:03,781 - INFO - Validation Loss: 28.5357, Accuracy: 94.18%
2025-04-07 21:53:03,781 - INFO -   Class [asphalt] Accuracy: 96.65% (577/597)
2025-04-07 21:53:03,781 - INFO -   Class [concrete] Accuracy: 82.05% (128/156)
2025-04-07 21:53:03,781 - INFO -   Class [paving_stones] Accuracy: 94.79% (309/326)
2025-04-07 21:53:03,781 - INFO -   Class [sett] Accuracy: 96.79% (211/218)
2025-04-07 21:53:03,781 - INFO -   Class [unpaved] Accuracy: 92.02% (150/163)
2025-04-07 21:53:03,784 - INFO - 
Confusion Matrix:
[[577  14   1   1   4]
 [ 19 128   0   0   9]
 [  3   2 309  11   1]
 [  0   0   7 211   0]
 [ 12   1   0   0 150]]
2025-04-07 21:53:03,797 - INFO - 
Classification Report:
               precision    recall  f1-score   support

      asphalt       0.94      0.97      0.96       597
     concrete       0.88      0.82      0.85       156
paving_stones       0.97      0.95      0.96       326
         sett       0.95      0.97      0.96       218
      unpaved       0.91      0.92      0.92       163

     accuracy                           0.94      1460
    macro avg       0.93      0.92      0.93      1460
 weighted avg       0.94      0.94      0.94      1460

2025-04-07 21:53:04,676 - INFO - New best model saved with accuracy: 94.18%
2025-04-07 21:56:13,178 - INFO - [Epoch 7] Train Loss: 30.8645, Accuracy: 97.19%
2025-04-07 21:56:48,670 - INFO - Validation Loss: 29.6357, Accuracy: 94.04%
2025-04-07 21:56:48,670 - INFO -   Class [asphalt] Accuracy: 94.97% (567/597)
2025-04-07 21:56:48,670 - INFO -   Class [concrete] Accuracy: 84.62% (132/156)
2025-04-07 21:56:48,670 - INFO -   Class [paving_stones] Accuracy: 94.79% (309/326)
2025-04-07 21:56:48,670 - INFO -   Class [sett] Accuracy: 96.33% (210/218)
2025-04-07 21:56:48,670 - INFO -   Class [unpaved] Accuracy: 95.09% (155/163)
2025-04-07 21:56:48,673 - INFO - 
Confusion Matrix:
[[567  15   2   1  12]
 [ 14 132   0   0  10]
 [  2   3 309  11   1]
 [  0   0   7 210   1]
 [  7   1   0   0 155]]
2025-04-07 21:56:48,686 - INFO - 
Classification Report:
               precision    recall  f1-score   support

      asphalt       0.96      0.95      0.96       597
     concrete       0.87      0.85      0.86       156
paving_stones       0.97      0.95      0.96       326
         sett       0.95      0.96      0.95       218
      unpaved       0.87      0.95      0.91       163

     accuracy                           0.94      1460
    macro avg       0.92      0.93      0.93      1460
 weighted avg       0.94      0.94      0.94      1460

2025-04-07 21:59:57,364 - INFO - [Epoch 8] Train Loss: 27.0125, Accuracy: 97.74%
2025-04-07 22:00:31,339 - INFO - Validation Loss: 32.6564, Accuracy: 92.05%
2025-04-07 22:00:31,339 - INFO -   Class [asphalt] Accuracy: 91.12% (544/597)
2025-04-07 22:00:31,339 - INFO -   Class [concrete] Accuracy: 89.10% (139/156)
2025-04-07 22:00:31,339 - INFO -   Class [paving_stones] Accuracy: 92.94% (303/326)
2025-04-07 22:00:31,339 - INFO -   Class [sett] Accuracy: 94.95% (207/218)
2025-04-07 22:00:31,339 - INFO -   Class [unpaved] Accuracy: 92.64% (151/163)
2025-04-07 22:00:31,342 - INFO - 
Confusion Matrix:
[[544  44   2   3   4]
 [ 11 139   0   0   6]
 [  2   4 303  16   1]
 [  0   1  10 207   0]
 [  8   4   0   0 151]]
2025-04-07 22:00:31,355 - INFO - 
Classification Report:
               precision    recall  f1-score   support

      asphalt       0.96      0.91      0.94       597
     concrete       0.72      0.89      0.80       156
paving_stones       0.96      0.93      0.95       326
         sett       0.92      0.95      0.93       218
      unpaved       0.93      0.93      0.93       163

     accuracy                           0.92      1460
    macro avg       0.90      0.92      0.91      1460
 weighted avg       0.93      0.92      0.92      1460

2025-04-07 22:03:40,607 - INFO - [Epoch 9] Train Loss: 20.9195, Accuracy: 97.94%
2025-04-07 22:04:17,457 - INFO - Validation Loss: 34.9477, Accuracy: 92.74%
2025-04-07 22:04:17,457 - INFO -   Class [asphalt] Accuracy: 92.13% (550/597)
2025-04-07 22:04:17,457 - INFO -   Class [concrete] Accuracy: 86.54% (135/156)
2025-04-07 22:04:17,457 - INFO -   Class [paving_stones] Accuracy: 93.25% (304/326)
2025-04-07 22:04:17,457 - INFO -   Class [sett] Accuracy: 96.33% (210/218)
2025-04-07 22:04:17,457 - INFO -   Class [unpaved] Accuracy: 95.09% (155/163)
2025-04-07 22:04:17,460 - INFO - 
Confusion Matrix:
[[550  27   5   3  12]
 [ 13 135   0   0   8]
 [  1   2 304  18   1]
 [  0   0   8 210   0]
 [  7   1   0   0 155]]
2025-04-07 22:04:17,473 - INFO - 
Classification Report:
               precision    recall  f1-score   support

      asphalt       0.96      0.92      0.94       597
     concrete       0.82      0.87      0.84       156
paving_stones       0.96      0.93      0.95       326
         sett       0.91      0.96      0.94       218
      unpaved       0.88      0.95      0.91       163

     accuracy                           0.93      1460
    macro avg       0.91      0.93      0.92      1460
 weighted avg       0.93      0.93      0.93      1460

2025-04-07 22:07:25,857 - INFO - [Epoch 10] Train Loss: 15.6035, Accuracy: 98.65%
2025-04-07 22:08:02,943 - INFO - Validation Loss: 38.4155, Accuracy: 93.22%
2025-04-07 22:08:02,943 - INFO -   Class [asphalt] Accuracy: 95.14% (568/597)
2025-04-07 22:08:02,943 - INFO -   Class [concrete] Accuracy: 83.33% (130/156)
2025-04-07 22:08:02,943 - INFO -   Class [paving_stones] Accuracy: 94.17% (307/326)
2025-04-07 22:08:02,943 - INFO -   Class [sett] Accuracy: 95.41% (208/218)
2025-04-07 22:08:02,943 - INFO -   Class [unpaved] Accuracy: 90.80% (148/163)
2025-04-07 22:08:02,946 - INFO - 
Confusion Matrix:
[[568  20   4   1   4]
 [ 17 130   1   0   8]
 [  1   3 307  14   1]
 [  0   0  10 208   0]
 [ 12   3   0   0 148]]
2025-04-07 22:08:02,959 - INFO - 
Classification Report:
               precision    recall  f1-score   support

      asphalt       0.95      0.95      0.95       597
     concrete       0.83      0.83      0.83       156
paving_stones       0.95      0.94      0.95       326
         sett       0.93      0.95      0.94       218
      unpaved       0.92      0.91      0.91       163

     accuracy                           0.93      1460
    macro avg       0.92      0.92      0.92      1460
 weighted avg       0.93      0.93      0.93      1460

2025-04-07 22:11:11,868 - INFO - [Epoch 11] Train Loss: 10.0187, Accuracy: 98.89%
2025-04-07 22:11:46,018 - INFO - Validation Loss: 39.9286, Accuracy: 92.81%
2025-04-07 22:11:46,018 - INFO -   Class [asphalt] Accuracy: 92.96% (555/597)
2025-04-07 22:11:46,018 - INFO -   Class [concrete] Accuracy: 87.82% (137/156)
2025-04-07 22:11:46,018 - INFO -   Class [paving_stones] Accuracy: 93.56% (305/326)
2025-04-07 22:11:46,018 - INFO -   Class [sett] Accuracy: 96.79% (211/218)
2025-04-07 22:11:46,018 - INFO -   Class [unpaved] Accuracy: 90.18% (147/163)
2025-04-07 22:11:46,021 - INFO - 
Confusion Matrix:
[[555  28   4   4   6]
 [ 11 137   1   0   7]
 [  1   2 305  18   0]
 [  0   0   7 211   0]
 [ 10   4   1   1 147]]
2025-04-07 22:11:46,034 - INFO - 
Classification Report:
               precision    recall  f1-score   support

      asphalt       0.96      0.93      0.95       597
     concrete       0.80      0.88      0.84       156
paving_stones       0.96      0.94      0.95       326
         sett       0.90      0.97      0.93       218
      unpaved       0.92      0.90      0.91       163

     accuracy                           0.93      1460
    macro avg       0.91      0.92      0.91      1460
 weighted avg       0.93      0.93      0.93      1460

2025-04-07 22:14:53,705 - INFO - [Epoch 12] Train Loss: 14.8113, Accuracy: 98.77%
2025-04-07 22:15:29,399 - INFO - Validation Loss: 41.6817, Accuracy: 93.77%
2025-04-07 22:15:29,400 - INFO -   Class [asphalt] Accuracy: 94.81% (566/597)
2025-04-07 22:15:29,400 - INFO -   Class [concrete] Accuracy: 88.46% (138/156)
2025-04-07 22:15:29,400 - INFO -   Class [paving_stones] Accuracy: 95.40% (311/326)
2025-04-07 22:15:29,400 - INFO -   Class [sett] Accuracy: 95.87% (209/218)
2025-04-07 22:15:29,400 - INFO -   Class [unpaved] Accuracy: 88.96% (145/163)
2025-04-07 22:15:29,403 - INFO - 
Confusion Matrix:
[[566  18   3   4   6]
 [ 12 138   0   0   6]
 [  1   3 311  11   0]
 [  0   0   9 209   0]
 [ 12   4   1   1 145]]
2025-04-07 22:15:29,415 - INFO - 
Classification Report:
               precision    recall  f1-score   support

      asphalt       0.96      0.95      0.95       597
     concrete       0.85      0.88      0.87       156
paving_stones       0.96      0.95      0.96       326
         sett       0.93      0.96      0.94       218
      unpaved       0.92      0.89      0.91       163

     accuracy                           0.94      1460
    macro avg       0.92      0.93      0.92      1460
 weighted avg       0.94      0.94      0.94      1460

2025-04-07 22:18:36,961 - INFO - [Epoch 13] Train Loss: 10.3036, Accuracy: 99.02%
2025-04-07 22:19:13,806 - INFO - Validation Loss: 42.7853, Accuracy: 93.42%
2025-04-07 22:19:13,807 - INFO -   Class [asphalt] Accuracy: 93.97% (561/597)
2025-04-07 22:19:13,807 - INFO -   Class [concrete] Accuracy: 87.82% (137/156)
2025-04-07 22:19:13,807 - INFO -   Class [paving_stones] Accuracy: 95.09% (310/326)
2025-04-07 22:19:13,807 - INFO -   Class [sett] Accuracy: 95.87% (209/218)
2025-04-07 22:19:13,807 - INFO -   Class [unpaved] Accuracy: 90.18% (147/163)
2025-04-07 22:19:13,810 - INFO - 
Confusion Matrix:
[[561  28   3   1   4]
 [ 12 137   0   0   7]
 [  1   4 310  11   0]
 [  0   0   9 209   0]
 [ 11   5   0   0 147]]
2025-04-07 22:19:13,823 - INFO - 
Classification Report:
               precision    recall  f1-score   support

      asphalt       0.96      0.94      0.95       597
     concrete       0.79      0.88      0.83       156
paving_stones       0.96      0.95      0.96       326
         sett       0.95      0.96      0.95       218
      unpaved       0.93      0.90      0.92       163

     accuracy                           0.93      1460
    macro avg       0.92      0.93      0.92      1460
 weighted avg       0.94      0.93      0.93      1460

2025-04-07 22:22:21,649 - INFO - [Epoch 14] Train Loss: 8.7296, Accuracy: 99.26%
2025-04-07 22:22:55,697 - INFO - Validation Loss: 43.4194, Accuracy: 93.22%
2025-04-07 22:22:55,698 - INFO -   Class [asphalt] Accuracy: 93.47% (558/597)
2025-04-07 22:22:55,698 - INFO -   Class [concrete] Accuracy: 86.54% (135/156)
2025-04-07 22:22:55,698 - INFO -   Class [paving_stones] Accuracy: 94.48% (308/326)
2025-04-07 22:22:55,698 - INFO -   Class [sett] Accuracy: 94.95% (207/218)
2025-04-07 22:22:55,698 - INFO -   Class [unpaved] Accuracy: 93.87% (153/163)
2025-04-07 22:22:55,701 - INFO - 
Confusion Matrix:
[[558  27   4   2   6]
 [ 13 135   0   0   8]
 [  1   2 308  13   2]
 [  0   0  11 207   0]
 [  8   2   0   0 153]]
2025-04-07 22:22:55,714 - INFO - 
Classification Report:
               precision    recall  f1-score   support

      asphalt       0.96      0.93      0.95       597
     concrete       0.81      0.87      0.84       156
paving_stones       0.95      0.94      0.95       326
         sett       0.93      0.95      0.94       218
      unpaved       0.91      0.94      0.92       163

     accuracy                           0.93      1460
    macro avg       0.91      0.93      0.92      1460
 weighted avg       0.93      0.93      0.93      1460

2025-04-07 22:26:05,401 - INFO - [Epoch 15] Train Loss: 11.1462, Accuracy: 99.14%
2025-04-07 22:26:41,182 - INFO - Validation Loss: 46.0340, Accuracy: 94.11%
2025-04-07 22:26:41,182 - INFO -   Class [asphalt] Accuracy: 95.64% (571/597)
2025-04-07 22:26:41,182 - INFO -   Class [concrete] Accuracy: 83.33% (130/156)
2025-04-07 22:26:41,182 - INFO -   Class [paving_stones] Accuracy: 95.09% (310/326)
2025-04-07 22:26:41,182 - INFO -   Class [sett] Accuracy: 95.87% (209/218)
2025-04-07 22:26:41,182 - INFO -   Class [unpaved] Accuracy: 94.48% (154/163)
2025-04-07 22:26:41,185 - INFO - 
Confusion Matrix:
[[571  17   3   1   5]
 [ 17 130   1   0   8]
 [  1   3 310  11   1]
 [  0   0   9 209   0]
 [  8   1   0   0 154]]
2025-04-07 22:26:41,198 - INFO - 
Classification Report:
               precision    recall  f1-score   support

      asphalt       0.96      0.96      0.96       597
     concrete       0.86      0.83      0.85       156
paving_stones       0.96      0.95      0.96       326
         sett       0.95      0.96      0.95       218
      unpaved       0.92      0.94      0.93       163

     accuracy                           0.94      1460
    macro avg       0.93      0.93      0.93      1460
 weighted avg       0.94      0.94      0.94      1460

2025-04-07 22:29:49,206 - INFO - [Epoch 16] Train Loss: 8.9603, Accuracy: 99.25%
2025-04-07 22:30:26,149 - INFO - Validation Loss: 39.2763, Accuracy: 93.36%
2025-04-07 22:30:26,149 - INFO -   Class [asphalt] Accuracy: 92.80% (554/597)
2025-04-07 22:30:26,150 - INFO -   Class [concrete] Accuracy: 87.82% (137/156)
2025-04-07 22:30:26,150 - INFO -   Class [paving_stones] Accuracy: 95.40% (311/326)
2025-04-07 22:30:26,150 - INFO -   Class [sett] Accuracy: 96.33% (210/218)
2025-04-07 22:30:26,150 - INFO -   Class [unpaved] Accuracy: 92.64% (151/163)
2025-04-07 22:30:26,153 - INFO - 
Confusion Matrix:
[[554  28   6   4   5]
 [ 13 137   0   0   6]
 [  1   3 311  10   1]
 [  0   0   8 210   0]
 [  9   3   0   0 151]]
2025-04-07 22:30:26,166 - INFO - 
Classification Report:
               precision    recall  f1-score   support

      asphalt       0.96      0.93      0.94       597
     concrete       0.80      0.88      0.84       156
paving_stones       0.96      0.95      0.96       326
         sett       0.94      0.96      0.95       218
      unpaved       0.93      0.93      0.93       163

     accuracy                           0.93      1460
    macro avg       0.92      0.93      0.92      1460
 weighted avg       0.94      0.93      0.93      1460

2025-04-07 22:33:34,974 - INFO - [Epoch 17] Train Loss: 8.5388, Accuracy: 99.26%
2025-04-07 22:34:10,472 - INFO - Validation Loss: 51.5062, Accuracy: 93.63%
2025-04-07 22:34:10,472 - INFO -   Class [asphalt] Accuracy: 96.65% (577/597)
2025-04-07 22:34:10,472 - INFO -   Class [concrete] Accuracy: 81.41% (127/156)
2025-04-07 22:34:10,473 - INFO -   Class [paving_stones] Accuracy: 95.40% (311/326)
2025-04-07 22:34:10,473 - INFO -   Class [sett] Accuracy: 94.95% (207/218)
2025-04-07 22:34:10,473 - INFO -   Class [unpaved] Accuracy: 88.96% (145/163)
2025-04-07 22:34:10,476 - INFO - 
Confusion Matrix:
[[577  13   2   3   2]
 [ 22 127   0   0   7]
 [  1   2 311  11   1]
 [  0   0  11 207   0]
 [ 16   2   0   0 145]]
2025-04-07 22:34:10,488 - INFO - 
Classification Report:
               precision    recall  f1-score   support

      asphalt       0.94      0.97      0.95       597
     concrete       0.88      0.81      0.85       156
paving_stones       0.96      0.95      0.96       326
         sett       0.94      0.95      0.94       218
      unpaved       0.94      0.89      0.91       163

     accuracy                           0.94      1460
    macro avg       0.93      0.91      0.92      1460
 weighted avg       0.94      0.94      0.94      1460

2025-04-07 22:37:19,284 - INFO - [Epoch 18] Train Loss: 5.9985, Accuracy: 99.55%
2025-04-07 22:37:54,962 - INFO - Validation Loss: 47.8178, Accuracy: 92.95%
2025-04-07 22:37:54,962 - INFO -   Class [asphalt] Accuracy: 93.30% (557/597)
2025-04-07 22:37:54,962 - INFO -   Class [concrete] Accuracy: 87.18% (136/156)
2025-04-07 22:37:54,962 - INFO -   Class [paving_stones] Accuracy: 95.71% (312/326)
2025-04-07 22:37:54,962 - INFO -   Class [sett] Accuracy: 96.79% (211/218)
2025-04-07 22:37:54,962 - INFO -   Class [unpaved] Accuracy: 86.50% (141/163)
2025-04-07 22:37:54,965 - INFO - 
Confusion Matrix:
[[557  30   4   4   2]
 [ 16 136   0   0   4]
 [  1   2 312  10   1]
 [  0   0   7 211   0]
 [ 19   3   0   0 141]]
2025-04-07 22:37:54,978 - INFO - 
Classification Report:
               precision    recall  f1-score   support

      asphalt       0.94      0.93      0.94       597
     concrete       0.80      0.87      0.83       156
paving_stones       0.97      0.96      0.96       326
         sett       0.94      0.97      0.95       218
      unpaved       0.95      0.87      0.91       163

     accuracy                           0.93      1460
    macro avg       0.92      0.92      0.92      1460
 weighted avg       0.93      0.93      0.93      1460

2025-04-07 22:41:03,565 - INFO - [Epoch 19] Train Loss: 7.0216, Accuracy: 99.37%
2025-04-07 22:41:39,285 - INFO - Validation Loss: 51.7077, Accuracy: 93.84%
2025-04-07 22:41:39,285 - INFO -   Class [asphalt] Accuracy: 95.48% (570/597)
2025-04-07 22:41:39,285 - INFO -   Class [concrete] Accuracy: 84.62% (132/156)
2025-04-07 22:41:39,285 - INFO -   Class [paving_stones] Accuracy: 97.24% (317/326)
2025-04-07 22:41:39,285 - INFO -   Class [sett] Accuracy: 94.95% (207/218)
2025-04-07 22:41:39,285 - INFO -   Class [unpaved] Accuracy: 88.34% (144/163)
2025-04-07 22:41:39,288 - INFO - 
Confusion Matrix:
[[570  18   3   1   5]
 [ 17 132   0   0   7]
 [  1   3 317   4   1]
 [  0   0  11 207   0]
 [ 16   3   0   0 144]]
2025-04-07 22:41:39,301 - INFO - 
Classification Report:
               precision    recall  f1-score   support

      asphalt       0.94      0.95      0.95       597
     concrete       0.85      0.85      0.85       156
paving_stones       0.96      0.97      0.96       326
         sett       0.98      0.95      0.96       218
      unpaved       0.92      0.88      0.90       163

     accuracy                           0.94      1460
    macro avg       0.93      0.92      0.92      1460
 weighted avg       0.94      0.94      0.94      1460

2025-04-07 22:44:48,537 - INFO - [Epoch 20] Train Loss: 5.6585, Accuracy: 99.43%
2025-04-07 22:45:22,618 - INFO - Validation Loss: 48.1286, Accuracy: 94.25%
2025-04-07 22:45:22,618 - INFO -   Class [asphalt] Accuracy: 95.81% (572/597)
2025-04-07 22:45:22,618 - INFO -   Class [concrete] Accuracy: 84.62% (132/156)
2025-04-07 22:45:22,618 - INFO -   Class [paving_stones] Accuracy: 95.40% (311/326)
2025-04-07 22:45:22,618 - INFO -   Class [sett] Accuracy: 96.33% (210/218)
2025-04-07 22:45:22,618 - INFO -   Class [unpaved] Accuracy: 92.64% (151/163)
2025-04-07 22:45:22,622 - INFO - 
Confusion Matrix:
[[572  15   3   2   5]
 [ 16 132   0   0   8]
 [  1   3 311  10   1]
 [  0   0   8 210   0]
 [  9   3   0   0 151]]
2025-04-07 22:45:22,634 - INFO - 
Classification Report:
               precision    recall  f1-score   support

      asphalt       0.96      0.96      0.96       597
     concrete       0.86      0.85      0.85       156
paving_stones       0.97      0.95      0.96       326
         sett       0.95      0.96      0.95       218
      unpaved       0.92      0.93      0.92       163

     accuracy                           0.94      1460
    macro avg       0.93      0.93      0.93      1460
 weighted avg       0.94      0.94      0.94      1460

2025-04-07 22:45:23,533 - INFO - New best model saved with accuracy: 94.25%
2025-04-07 22:48:33,523 - INFO - [Epoch 21] Train Loss: 2.9186, Accuracy: 99.78%
2025-04-07 22:49:07,692 - INFO - Validation Loss: 45.2624, Accuracy: 93.56%
2025-04-07 22:49:07,692 - INFO -   Class [asphalt] Accuracy: 93.13% (556/597)
2025-04-07 22:49:07,692 - INFO -   Class [concrete] Accuracy: 86.54% (135/156)
2025-04-07 22:49:07,692 - INFO -   Class [paving_stones] Accuracy: 95.40% (311/326)
2025-04-07 22:49:07,692 - INFO -   Class [sett] Accuracy: 96.33% (210/218)
2025-04-07 22:49:07,692 - INFO -   Class [unpaved] Accuracy: 94.48% (154/163)
2025-04-07 22:49:07,695 - INFO - 
Confusion Matrix:
[[556  27   5   2   7]
 [ 13 135   0   0   8]
 [  1   3 311  10   1]
 [  0   0   8 210   0]
 [  5   4   0   0 154]]
2025-04-07 22:49:07,708 - INFO - 
Classification Report:
               precision    recall  f1-score   support

      asphalt       0.97      0.93      0.95       597
     concrete       0.80      0.87      0.83       156
paving_stones       0.96      0.95      0.96       326
         sett       0.95      0.96      0.95       218
      unpaved       0.91      0.94      0.92       163

     accuracy                           0.94      1460
    macro avg       0.92      0.93      0.92      1460
 weighted avg       0.94      0.94      0.94      1460

2025-04-07 22:52:17,676 - INFO - [Epoch 22] Train Loss: 3.1855, Accuracy: 99.71%
2025-04-07 22:52:54,468 - INFO - Validation Loss: 50.3201, Accuracy: 93.90%
2025-04-07 22:52:54,468 - INFO -   Class [asphalt] Accuracy: 94.64% (565/597)
2025-04-07 22:52:54,468 - INFO -   Class [concrete] Accuracy: 83.33% (130/156)
2025-04-07 22:52:54,468 - INFO -   Class [paving_stones] Accuracy: 97.55% (318/326)
2025-04-07 22:52:54,468 - INFO -   Class [sett] Accuracy: 93.58% (204/218)
2025-04-07 22:52:54,468 - INFO -   Class [unpaved] Accuracy: 94.48% (154/163)
2025-04-07 22:52:54,471 - INFO - 
Confusion Matrix:
[[565  19   4   2   7]
 [ 16 130   1   0   9]
 [  1   2 318   4   1]
 [  0   0  14 204   0]
 [  6   3   0   0 154]]
2025-04-07 22:52:54,484 - INFO - 
Classification Report:
               precision    recall  f1-score   support

      asphalt       0.96      0.95      0.95       597
     concrete       0.84      0.83      0.84       156
paving_stones       0.94      0.98      0.96       326
         sett       0.97      0.94      0.95       218
      unpaved       0.90      0.94      0.92       163

     accuracy                           0.94      1460
    macro avg       0.92      0.93      0.93      1460
 weighted avg       0.94      0.94      0.94      1460

2025-04-07 22:56:02,895 - INFO - [Epoch 23] Train Loss: 3.6916, Accuracy: 99.71%
2025-04-07 22:56:40,212 - INFO - Validation Loss: 52.4875, Accuracy: 94.11%
2025-04-07 22:56:40,212 - INFO -   Class [asphalt] Accuracy: 95.48% (570/597)
2025-04-07 22:56:40,212 - INFO -   Class [concrete] Accuracy: 82.69% (129/156)
2025-04-07 22:56:40,212 - INFO -   Class [paving_stones] Accuracy: 97.55% (318/326)
2025-04-07 22:56:40,212 - INFO -   Class [sett] Accuracy: 94.50% (206/218)
2025-04-07 22:56:40,212 - INFO -   Class [unpaved] Accuracy: 92.64% (151/163)
2025-04-07 22:56:40,215 - INFO - 
Confusion Matrix:
[[570  14   5   2   6]
 [ 16 129   1   0  10]
 [  1   1 318   5   1]
 [  0   0  12 206   0]
 [  9   3   0   0 151]]
2025-04-07 22:56:40,228 - INFO - 
Classification Report:
               precision    recall  f1-score   support

      asphalt       0.96      0.95      0.96       597
     concrete       0.88      0.83      0.85       156
paving_stones       0.95      0.98      0.96       326
         sett       0.97      0.94      0.96       218
      unpaved       0.90      0.93      0.91       163

     accuracy                           0.94      1460
    macro avg       0.93      0.93      0.93      1460
 weighted avg       0.94      0.94      0.94      1460

2025-04-07 22:59:46,939 - INFO - [Epoch 24] Train Loss: 3.7543, Accuracy: 99.57%
2025-04-07 23:00:21,110 - INFO - Validation Loss: 50.9366, Accuracy: 94.18%
2025-04-07 23:00:21,111 - INFO -   Class [asphalt] Accuracy: 95.48% (570/597)
2025-04-07 23:00:21,111 - INFO -   Class [concrete] Accuracy: 86.54% (135/156)
2025-04-07 23:00:21,111 - INFO -   Class [paving_stones] Accuracy: 96.93% (316/326)
2025-04-07 23:00:21,111 - INFO -   Class [sett] Accuracy: 94.04% (205/218)
2025-04-07 23:00:21,111 - INFO -   Class [unpaved] Accuracy: 91.41% (149/163)
2025-04-07 23:00:21,114 - INFO - 
Confusion Matrix:
[[570  17   3   2   5]
 [ 16 135   0   0   5]
 [  1   3 316   5   1]
 [  0   0  13 205   0]
 [ 11   3   0   0 149]]
2025-04-07 23:00:21,126 - INFO - 
Classification Report:
               precision    recall  f1-score   support

      asphalt       0.95      0.95      0.95       597
     concrete       0.85      0.87      0.86       156
paving_stones       0.95      0.97      0.96       326
         sett       0.97      0.94      0.95       218
      unpaved       0.93      0.91      0.92       163

     accuracy                           0.94      1460
    macro avg       0.93      0.93      0.93      1460
 weighted avg       0.94      0.94      0.94      1460

2025-04-07 23:03:30,071 - INFO - [Epoch 25] Train Loss: 2.8118, Accuracy: 99.76%
2025-04-07 23:04:05,488 - INFO - Validation Loss: 50.4499, Accuracy: 94.18%
2025-04-07 23:04:05,488 - INFO -   Class [asphalt] Accuracy: 95.64% (571/597)
2025-04-07 23:04:05,488 - INFO -   Class [concrete] Accuracy: 84.62% (132/156)
2025-04-07 23:04:05,489 - INFO -   Class [paving_stones] Accuracy: 95.71% (312/326)
2025-04-07 23:04:05,489 - INFO -   Class [sett] Accuracy: 95.41% (208/218)
2025-04-07 23:04:05,489 - INFO -   Class [unpaved] Accuracy: 93.25% (152/163)
2025-04-07 23:04:05,492 - INFO - 
Confusion Matrix:
[[571  13   4   3   6]
 [ 16 132   1   0   7]
 [  1   2 312  10   1]
 [  0   0  10 208   0]
 [  9   2   0   0 152]]
2025-04-07 23:04:05,504 - INFO - 
Classification Report:
               precision    recall  f1-score   support

      asphalt       0.96      0.96      0.96       597
     concrete       0.89      0.85      0.87       156
paving_stones       0.95      0.96      0.96       326
         sett       0.94      0.95      0.95       218
      unpaved       0.92      0.93      0.92       163

     accuracy                           0.94      1460
    macro avg       0.93      0.93      0.93      1460
 weighted avg       0.94      0.94      0.94      1460

2025-04-07 23:07:14,213 - INFO - [Epoch 26] Train Loss: 2.5904, Accuracy: 99.74%
2025-04-07 23:07:51,292 - INFO - Validation Loss: 49.7985, Accuracy: 93.22%
2025-04-07 23:07:51,293 - INFO -   Class [asphalt] Accuracy: 92.96% (555/597)
2025-04-07 23:07:51,293 - INFO -   Class [concrete] Accuracy: 87.18% (136/156)
2025-04-07 23:07:51,293 - INFO -   Class [paving_stones] Accuracy: 94.79% (309/326)
2025-04-07 23:07:51,293 - INFO -   Class [sett] Accuracy: 97.71% (213/218)
2025-04-07 23:07:51,293 - INFO -   Class [unpaved] Accuracy: 90.80% (148/163)
2025-04-07 23:07:51,296 - INFO - 
Confusion Matrix:
[[555  29   4   3   6]
 [ 15 136   1   0   4]
 [  1   1 309  14   1]
 [  0   0   5 213   0]
 [ 12   3   0   0 148]]
2025-04-07 23:07:51,308 - INFO - 
Classification Report:
               precision    recall  f1-score   support

      asphalt       0.95      0.93      0.94       597
     concrete       0.80      0.87      0.84       156
paving_stones       0.97      0.95      0.96       326
         sett       0.93      0.98      0.95       218
      unpaved       0.93      0.91      0.92       163

     accuracy                           0.93      1460
    macro avg       0.92      0.93      0.92      1460
 weighted avg       0.93      0.93      0.93      1460

2025-04-07 23:10:59,928 - INFO - [Epoch 27] Train Loss: 1.2680, Accuracy: 99.85%
2025-04-07 23:11:34,103 - INFO - Validation Loss: 44.6910, Accuracy: 93.49%
2025-04-07 23:11:34,103 - INFO -   Class [asphalt] Accuracy: 92.46% (552/597)
2025-04-07 23:11:34,103 - INFO -   Class [concrete] Accuracy: 87.18% (136/156)
2025-04-07 23:11:34,104 - INFO -   Class [paving_stones] Accuracy: 96.63% (315/326)
2025-04-07 23:11:34,104 - INFO -   Class [sett] Accuracy: 94.95% (207/218)
2025-04-07 23:11:34,104 - INFO -   Class [unpaved] Accuracy: 95.09% (155/163)
2025-04-07 23:11:34,107 - INFO - 
Confusion Matrix:
[[552  30   5   3   7]
 [ 11 136   1   0   8]
 [  1   2 315   7   1]
 [  0   0  11 207   0]
 [  6   2   0   0 155]]
2025-04-07 23:11:34,120 - INFO - 
Classification Report:
               precision    recall  f1-score   support

      asphalt       0.97      0.92      0.95       597
     concrete       0.80      0.87      0.83       156
paving_stones       0.95      0.97      0.96       326
         sett       0.95      0.95      0.95       218
      unpaved       0.91      0.95      0.93       163

     accuracy                           0.93      1460
    macro avg       0.92      0.93      0.92      1460
 weighted avg       0.94      0.93      0.94      1460

2025-04-07 23:14:44,593 - INFO - [Epoch 28] Train Loss: 3.5679, Accuracy: 99.76%
2025-04-07 23:15:18,837 - INFO - Validation Loss: 49.4017, Accuracy: 93.84%
2025-04-07 23:15:18,838 - INFO -   Class [asphalt] Accuracy: 94.47% (564/597)
2025-04-07 23:15:18,838 - INFO -   Class [concrete] Accuracy: 85.90% (134/156)
2025-04-07 23:15:18,838 - INFO -   Class [paving_stones] Accuracy: 96.01% (313/326)
2025-04-07 23:15:18,838 - INFO -   Class [sett] Accuracy: 94.50% (206/218)
2025-04-07 23:15:18,838 - INFO -   Class [unpaved] Accuracy: 93.87% (153/163)
2025-04-07 23:15:18,841 - INFO - 
Confusion Matrix:
[[564  20   4   3   6]
 [ 14 134   0   0   8]
 [  1   3 313   8   1]
 [  0   0  12 206   0]
 [  9   1   0   0 153]]
2025-04-07 23:15:18,853 - INFO - 
Classification Report:
               precision    recall  f1-score   support

      asphalt       0.96      0.94      0.95       597
     concrete       0.85      0.86      0.85       156
paving_stones       0.95      0.96      0.96       326
         sett       0.95      0.94      0.95       218
      unpaved       0.91      0.94      0.92       163

     accuracy                           0.94      1460
    macro avg       0.92      0.93      0.93      1460
 weighted avg       0.94      0.94      0.94      1460

2025-04-07 23:18:27,010 - INFO - [Epoch 29] Train Loss: 1.3186, Accuracy: 99.88%
2025-04-07 23:19:04,406 - INFO - Validation Loss: 48.8040, Accuracy: 93.22%
2025-04-07 23:19:04,406 - INFO -   Class [asphalt] Accuracy: 93.80% (560/597)
2025-04-07 23:19:04,406 - INFO -   Class [concrete] Accuracy: 86.54% (135/156)
2025-04-07 23:19:04,406 - INFO -   Class [paving_stones] Accuracy: 94.79% (309/326)
2025-04-07 23:19:04,406 - INFO -   Class [sett] Accuracy: 95.41% (208/218)
2025-04-07 23:19:04,406 - INFO -   Class [unpaved] Accuracy: 91.41% (149/163)
2025-04-07 23:19:04,409 - INFO - 
Confusion Matrix:
[[560  25   4   3   5]
 [ 15 135   0   0   6]
 [  1   3 309  12   1]
 [  0   0  10 208   0]
 [ 12   2   0   0 149]]
2025-04-07 23:19:04,422 - INFO - 
Classification Report:
               precision    recall  f1-score   support

      asphalt       0.95      0.94      0.95       597
     concrete       0.82      0.87      0.84       156
paving_stones       0.96      0.95      0.95       326
         sett       0.93      0.95      0.94       218
      unpaved       0.93      0.91      0.92       163

     accuracy                           0.93      1460
    macro avg       0.92      0.92      0.92      1460
 weighted avg       0.93      0.93      0.93      1460

2025-04-07 23:22:12,754 - INFO - [Epoch 30] Train Loss: 3.0708, Accuracy: 99.76%
2025-04-07 23:22:46,983 - INFO - Validation Loss: 52.1514, Accuracy: 93.90%
2025-04-07 23:22:46,983 - INFO -   Class [asphalt] Accuracy: 95.64% (571/597)
2025-04-07 23:22:46,983 - INFO -   Class [concrete] Accuracy: 83.97% (131/156)
2025-04-07 23:22:46,983 - INFO -   Class [paving_stones] Accuracy: 96.63% (315/326)
2025-04-07 23:22:46,983 - INFO -   Class [sett] Accuracy: 94.04% (205/218)
2025-04-07 23:22:46,983 - INFO -   Class [unpaved] Accuracy: 91.41% (149/163)
2025-04-07 23:22:46,986 - INFO - 
Confusion Matrix:
[[571  15   5   2   4]
 [ 17 131   1   0   7]
 [  1   2 315   7   1]
 [  0   0  13 205   0]
 [ 11   3   0   0 149]]
2025-04-07 23:22:46,999 - INFO - 
Classification Report:
               precision    recall  f1-score   support

      asphalt       0.95      0.96      0.95       597
     concrete       0.87      0.84      0.85       156
paving_stones       0.94      0.97      0.95       326
         sett       0.96      0.94      0.95       218
      unpaved       0.93      0.91      0.92       163

     accuracy                           0.94      1460
    macro avg       0.93      0.92      0.93      1460
 weighted avg       0.94      0.94      0.94      1460

2025-04-07 23:25:56,133 - INFO - [Epoch 31] Train Loss: 2.2639, Accuracy: 99.78%
2025-04-07 23:26:31,778 - INFO - Validation Loss: 50.4152, Accuracy: 93.84%
2025-04-07 23:26:31,778 - INFO -   Class [asphalt] Accuracy: 95.14% (568/597)
2025-04-07 23:26:31,778 - INFO -   Class [concrete] Accuracy: 86.54% (135/156)
2025-04-07 23:26:31,778 - INFO -   Class [paving_stones] Accuracy: 96.32% (314/326)
2025-04-07 23:26:31,778 - INFO -   Class [sett] Accuracy: 93.58% (204/218)
2025-04-07 23:26:31,778 - INFO -   Class [unpaved] Accuracy: 91.41% (149/163)
2025-04-07 23:26:31,781 - INFO - 
Confusion Matrix:
[[568  19   5   2   3]
 [ 16 135   1   0   4]
 [  1   2 314   8   1]
 [  0   0  14 204   0]
 [ 11   3   0   0 149]]
2025-04-07 23:26:31,794 - INFO - 
Classification Report:
               precision    recall  f1-score   support

      asphalt       0.95      0.95      0.95       597
     concrete       0.85      0.87      0.86       156
paving_stones       0.94      0.96      0.95       326
         sett       0.95      0.94      0.94       218
      unpaved       0.95      0.91      0.93       163

     accuracy                           0.94      1460
    macro avg       0.93      0.93      0.93      1460
 weighted avg       0.94      0.94      0.94      1460

2025-04-07 23:29:40,346 - INFO - [Epoch 32] Train Loss: 1.5281, Accuracy: 99.85%
2025-04-07 23:30:14,836 - INFO - Validation Loss: 46.0540, Accuracy: 93.29%
2025-04-07 23:30:14,836 - INFO -   Class [asphalt] Accuracy: 93.30% (557/597)
2025-04-07 23:30:14,836 - INFO -   Class [concrete] Accuracy: 86.54% (135/156)
2025-04-07 23:30:14,836 - INFO -   Class [paving_stones] Accuracy: 94.48% (308/326)
2025-04-07 23:30:14,837 - INFO -   Class [sett] Accuracy: 96.79% (211/218)
2025-04-07 23:30:14,837 - INFO -   Class [unpaved] Accuracy: 92.64% (151/163)
2025-04-07 23:30:14,839 - INFO - 
Confusion Matrix:
[[557  27   5   3   5]
 [ 12 135   0   0   9]
 [  1   3 308  13   1]
 [  0   0   7 211   0]
 [  9   3   0   0 151]]
2025-04-07 23:30:14,852 - INFO - 
Classification Report:
               precision    recall  f1-score   support

      asphalt       0.96      0.93      0.95       597
     concrete       0.80      0.87      0.83       156
paving_stones       0.96      0.94      0.95       326
         sett       0.93      0.97      0.95       218
      unpaved       0.91      0.93      0.92       163

     accuracy                           0.93      1460
    macro avg       0.91      0.93      0.92      1460
 weighted avg       0.93      0.93      0.93      1460

2025-04-07 23:33:22,662 - INFO - [Epoch 33] Train Loss: 1.3155, Accuracy: 99.90%
2025-04-07 23:33:58,360 - INFO - Validation Loss: 48.3844, Accuracy: 93.70%
2025-04-07 23:33:58,361 - INFO -   Class [asphalt] Accuracy: 93.80% (560/597)
2025-04-07 23:33:58,361 - INFO -   Class [concrete] Accuracy: 85.90% (134/156)
2025-04-07 23:33:58,361 - INFO -   Class [paving_stones] Accuracy: 94.79% (309/326)
2025-04-07 23:33:58,361 - INFO -   Class [sett] Accuracy: 97.71% (213/218)
2025-04-07 23:33:58,361 - INFO -   Class [unpaved] Accuracy: 93.25% (152/163)
2025-04-07 23:33:58,364 - INFO - 
Confusion Matrix:
[[560  24   4   4   5]
 [ 14 134   0   0   8]
 [  1   4 309  11   1]
 [  0   0   5 213   0]
 [  9   2   0   0 152]]
2025-04-07 23:33:58,376 - INFO - 
Classification Report:
               precision    recall  f1-score   support

      asphalt       0.96      0.94      0.95       597
     concrete       0.82      0.86      0.84       156
paving_stones       0.97      0.95      0.96       326
         sett       0.93      0.98      0.96       218
      unpaved       0.92      0.93      0.92       163

     accuracy                           0.94      1460
    macro avg       0.92      0.93      0.92      1460
 weighted avg       0.94      0.94      0.94      1460

2025-04-07 23:37:07,132 - INFO - [Epoch 34] Train Loss: 0.7461, Accuracy: 99.91%
2025-04-07 23:37:42,541 - INFO - Validation Loss: 50.1419, Accuracy: 93.77%
2025-04-07 23:37:42,541 - INFO -   Class [asphalt] Accuracy: 94.47% (564/597)
2025-04-07 23:37:42,541 - INFO -   Class [concrete] Accuracy: 83.97% (131/156)
2025-04-07 23:37:42,541 - INFO -   Class [paving_stones] Accuracy: 96.32% (314/326)
2025-04-07 23:37:42,541 - INFO -   Class [sett] Accuracy: 95.87% (209/218)
2025-04-07 23:37:42,541 - INFO -   Class [unpaved] Accuracy: 92.64% (151/163)
2025-04-07 23:37:42,544 - INFO - 
Confusion Matrix:
[[564  20   5   3   5]
 [ 16 131   1   0   8]
 [  1   2 314   9   0]
 [  0   0   9 209   0]
 [  9   3   0   0 151]]
2025-04-07 23:37:42,557 - INFO - 
Classification Report:
               precision    recall  f1-score   support

      asphalt       0.96      0.94      0.95       597
     concrete       0.84      0.84      0.84       156
paving_stones       0.95      0.96      0.96       326
         sett       0.95      0.96      0.95       218
      unpaved       0.92      0.93      0.92       163

     accuracy                           0.94      1460
    macro avg       0.92      0.93      0.92      1460
 weighted avg       0.94      0.94      0.94      1460

2025-04-07 23:40:51,647 - INFO - [Epoch 35] Train Loss: 1.2123, Accuracy: 99.90%
2025-04-07 23:41:28,530 - INFO - Validation Loss: 55.8818, Accuracy: 93.97%
2025-04-07 23:41:28,530 - INFO -   Class [asphalt] Accuracy: 95.64% (571/597)
2025-04-07 23:41:28,530 - INFO -   Class [concrete] Accuracy: 83.97% (131/156)
2025-04-07 23:41:28,530 - INFO -   Class [paving_stones] Accuracy: 96.01% (313/326)
2025-04-07 23:41:28,530 - INFO -   Class [sett] Accuracy: 94.50% (206/218)
2025-04-07 23:41:28,530 - INFO -   Class [unpaved] Accuracy: 92.64% (151/163)
2025-04-07 23:41:28,533 - INFO - 
Confusion Matrix:
[[571  15   5   2   4]
 [ 18 131   1   0   6]
 [  1   2 313   9   1]
 [  0   0  12 206   0]
 [  9   3   0   0 151]]
2025-04-07 23:41:28,546 - INFO - 
Classification Report:
               precision    recall  f1-score   support

      asphalt       0.95      0.96      0.95       597
     concrete       0.87      0.84      0.85       156
paving_stones       0.95      0.96      0.95       326
         sett       0.95      0.94      0.95       218
      unpaved       0.93      0.93      0.93       163

     accuracy                           0.94      1460
    macro avg       0.93      0.93      0.93      1460
 weighted avg       0.94      0.94      0.94      1460

2025-04-07 23:44:36,228 - INFO - [Epoch 36] Train Loss: 1.8529, Accuracy: 99.85%
2025-04-07 23:45:11,778 - INFO - Validation Loss: 50.7443, Accuracy: 93.29%
2025-04-07 23:45:11,778 - INFO -   Class [asphalt] Accuracy: 93.63% (559/597)
2025-04-07 23:45:11,778 - INFO -   Class [concrete] Accuracy: 85.90% (134/156)
2025-04-07 23:45:11,778 - INFO -   Class [paving_stones] Accuracy: 95.09% (310/326)
2025-04-07 23:45:11,779 - INFO -   Class [sett] Accuracy: 95.41% (208/218)
2025-04-07 23:45:11,779 - INFO -   Class [unpaved] Accuracy: 92.64% (151/163)
2025-04-07 23:45:11,782 - INFO - 
Confusion Matrix:
[[559  25   5   2   6]
 [ 15 134   0   0   7]
 [  1   4 310  10   1]
 [  0   0  10 208   0]
 [  9   3   0   0 151]]
2025-04-07 23:45:11,794 - INFO - 
Classification Report:
               precision    recall  f1-score   support

      asphalt       0.96      0.94      0.95       597
     concrete       0.81      0.86      0.83       156
paving_stones       0.95      0.95      0.95       326
         sett       0.95      0.95      0.95       218
      unpaved       0.92      0.93      0.92       163

     accuracy                           0.93      1460
    macro avg       0.92      0.93      0.92      1460
 weighted avg       0.93      0.93      0.93      1460

2025-04-07 23:48:20,566 - INFO - [Epoch 37] Train Loss: 1.0769, Accuracy: 99.90%
2025-04-07 23:48:55,085 - INFO - Validation Loss: 53.4441, Accuracy: 93.29%
2025-04-07 23:48:55,085 - INFO -   Class [asphalt] Accuracy: 93.47% (558/597)
2025-04-07 23:48:55,085 - INFO -   Class [concrete] Accuracy: 84.62% (132/156)
2025-04-07 23:48:55,085 - INFO -   Class [paving_stones] Accuracy: 95.71% (312/326)
2025-04-07 23:48:55,085 - INFO -   Class [sett] Accuracy: 94.04% (205/218)
2025-04-07 23:48:55,086 - INFO -   Class [unpaved] Accuracy: 95.09% (155/163)
2025-04-07 23:48:55,089 - INFO - 
Confusion Matrix:
[[558  23   5   2   9]
 [ 14 132   0   0  10]
 [  1   3 312   9   1]
 [  0   0  12 205   1]
 [  7   1   0   0 155]]
2025-04-07 23:48:55,101 - INFO - 
Classification Report:
               precision    recall  f1-score   support

      asphalt       0.96      0.93      0.95       597
     concrete       0.83      0.85      0.84       156
paving_stones       0.95      0.96      0.95       326
         sett       0.95      0.94      0.94       218
      unpaved       0.88      0.95      0.91       163

     accuracy                           0.93      1460
    macro avg       0.91      0.93      0.92      1460
 weighted avg       0.93      0.93      0.93      1460

2025-04-07 23:52:03,829 - INFO - [Epoch 38] Train Loss: 3.0857, Accuracy: 99.83%
2025-04-07 23:52:39,237 - INFO - Validation Loss: 51.2109, Accuracy: 93.29%
2025-04-07 23:52:39,237 - INFO -   Class [asphalt] Accuracy: 93.47% (558/597)
2025-04-07 23:52:39,237 - INFO -   Class [concrete] Accuracy: 85.26% (133/156)
2025-04-07 23:52:39,237 - INFO -   Class [paving_stones] Accuracy: 94.17% (307/326)
2025-04-07 23:52:39,237 - INFO -   Class [sett] Accuracy: 95.87% (209/218)
2025-04-07 23:52:39,237 - INFO -   Class [unpaved] Accuracy: 95.09% (155/163)
2025-04-07 23:52:39,240 - INFO - 
Confusion Matrix:
[[558  25   5   3   6]
 [ 14 133   0   0   9]
 [  1   4 307  13   1]
 [  0   0   9 209   0]
 [  7   1   0   0 155]]
2025-04-07 23:52:39,253 - INFO - 
Classification Report:
               precision    recall  f1-score   support

      asphalt       0.96      0.93      0.95       597
     concrete       0.82      0.85      0.83       156
paving_stones       0.96      0.94      0.95       326
         sett       0.93      0.96      0.94       218
      unpaved       0.91      0.95      0.93       163

     accuracy                           0.93      1460
    macro avg       0.91      0.93      0.92      1460
 weighted avg       0.93      0.93      0.93      1460

2025-04-07 23:55:48,150 - INFO - [Epoch 39] Train Loss: 1.2393, Accuracy: 99.90%
2025-04-07 23:56:23,742 - INFO - Validation Loss: 52.3228, Accuracy: 93.22%
2025-04-07 23:56:23,743 - INFO -   Class [asphalt] Accuracy: 93.13% (556/597)
2025-04-07 23:56:23,743 - INFO -   Class [concrete] Accuracy: 85.26% (133/156)
2025-04-07 23:56:23,743 - INFO -   Class [paving_stones] Accuracy: 95.71% (312/326)
2025-04-07 23:56:23,743 - INFO -   Class [sett] Accuracy: 94.95% (207/218)
2025-04-07 23:56:23,743 - INFO -   Class [unpaved] Accuracy: 93.87% (153/163)
2025-04-07 23:56:23,746 - INFO - 
Confusion Matrix:
[[556  28   5   2   6]
 [ 15 133   0   0   8]
 [  1   4 312   8   1]
 [  0   0  11 207   0]
 [  9   1   0   0 153]]
2025-04-07 23:56:23,759 - INFO - 
Classification Report:
               precision    recall  f1-score   support

      asphalt       0.96      0.93      0.94       597
     concrete       0.80      0.85      0.83       156
paving_stones       0.95      0.96      0.95       326
         sett       0.95      0.95      0.95       218
      unpaved       0.91      0.94      0.92       163

     accuracy                           0.93      1460
    macro avg       0.91      0.93      0.92      1460
 weighted avg       0.93      0.93      0.93      1460

2025-04-07 23:59:32,089 - INFO - [Epoch 40] Train Loss: 0.9658, Accuracy: 99.90%
2025-04-08 00:00:06,702 - INFO - Validation Loss: 51.5235, Accuracy: 93.63%
2025-04-08 00:00:06,703 - INFO -   Class [asphalt] Accuracy: 94.14% (562/597)
2025-04-08 00:00:06,703 - INFO -   Class [concrete] Accuracy: 85.26% (133/156)
2025-04-08 00:00:06,703 - INFO -   Class [paving_stones] Accuracy: 94.79% (309/326)
2025-04-08 00:00:06,703 - INFO -   Class [sett] Accuracy: 95.87% (209/218)
2025-04-08 00:00:06,703 - INFO -   Class [unpaved] Accuracy: 94.48% (154/163)
2025-04-08 00:00:06,706 - INFO - 
Confusion Matrix:
[[562  24   4   2   5]
 [ 15 133   0   0   8]
 [  1   3 309  12   1]
 [  0   0   9 209   0]
 [  7   2   0   0 154]]
2025-04-08 00:00:06,719 - INFO - 
Classification Report:
               precision    recall  f1-score   support

      asphalt       0.96      0.94      0.95       597
     concrete       0.82      0.85      0.84       156
paving_stones       0.96      0.95      0.95       326
         sett       0.94      0.96      0.95       218
      unpaved       0.92      0.94      0.93       163

     accuracy                           0.94      1460
    macro avg       0.92      0.93      0.92      1460
 weighted avg       0.94      0.94      0.94      1460

2025-04-08 00:03:17,143 - INFO - [Epoch 41] Train Loss: 0.7657, Accuracy: 99.97%
2025-04-08 00:03:53,107 - INFO - Validation Loss: 52.8631, Accuracy: 93.70%
2025-04-08 00:03:53,107 - INFO -   Class [asphalt] Accuracy: 94.47% (564/597)
2025-04-08 00:03:53,107 - INFO -   Class [concrete] Accuracy: 85.26% (133/156)
2025-04-08 00:03:53,107 - INFO -   Class [paving_stones] Accuracy: 95.71% (312/326)
2025-04-08 00:03:53,107 - INFO -   Class [sett] Accuracy: 95.41% (208/218)
2025-04-08 00:03:53,107 - INFO -   Class [unpaved] Accuracy: 92.64% (151/163)
2025-04-08 00:03:53,111 - INFO - 
Confusion Matrix:
[[564  21   5   2   5]
 [ 16 133   0   0   7]
 [  1   3 312   9   1]
 [  0   0  10 208   0]
 [  9   3   0   0 151]]
2025-04-08 00:03:53,124 - INFO - 
Classification Report:
               precision    recall  f1-score   support

      asphalt       0.96      0.94      0.95       597
     concrete       0.83      0.85      0.84       156
paving_stones       0.95      0.96      0.96       326
         sett       0.95      0.95      0.95       218
      unpaved       0.92      0.93      0.92       163

     accuracy                           0.94      1460
    macro avg       0.92      0.93      0.92      1460
 weighted avg       0.94      0.94      0.94      1460

2025-04-08 00:07:01,883 - INFO - [Epoch 42] Train Loss: 2.4564, Accuracy: 99.85%
2025-04-08 00:07:37,569 - INFO - Validation Loss: 51.6422, Accuracy: 93.84%
2025-04-08 00:07:37,569 - INFO -   Class [asphalt] Accuracy: 94.30% (563/597)
2025-04-08 00:07:37,569 - INFO -   Class [concrete] Accuracy: 86.54% (135/156)
2025-04-08 00:07:37,569 - INFO -   Class [paving_stones] Accuracy: 95.71% (312/326)
2025-04-08 00:07:37,569 - INFO -   Class [sett] Accuracy: 95.87% (209/218)
2025-04-08 00:07:37,569 - INFO -   Class [unpaved] Accuracy: 92.64% (151/163)
2025-04-08 00:07:37,572 - INFO - 
Confusion Matrix:
[[563  22   4   3   5]
 [ 14 135   0   0   7]
 [  1   3 312   9   1]
 [  0   0   9 209   0]
 [  9   3   0   0 151]]
2025-04-08 00:07:37,585 - INFO - 
Classification Report:
               precision    recall  f1-score   support

      asphalt       0.96      0.94      0.95       597
     concrete       0.83      0.87      0.85       156
paving_stones       0.96      0.96      0.96       326
         sett       0.95      0.96      0.95       218
      unpaved       0.92      0.93      0.92       163

     accuracy                           0.94      1460
    macro avg       0.92      0.93      0.93      1460
 weighted avg       0.94      0.94      0.94      1460

2025-04-08 00:10:45,061 - INFO - [Epoch 43] Train Loss: 1.5940, Accuracy: 99.86%
2025-04-08 00:11:19,229 - INFO - Validation Loss: 53.9182, Accuracy: 93.90%
2025-04-08 00:11:19,229 - INFO -   Class [asphalt] Accuracy: 95.14% (568/597)
2025-04-08 00:11:19,229 - INFO -   Class [concrete] Accuracy: 84.62% (132/156)
2025-04-08 00:11:19,229 - INFO -   Class [paving_stones] Accuracy: 95.40% (311/326)
2025-04-08 00:11:19,229 - INFO -   Class [sett] Accuracy: 95.87% (209/218)
2025-04-08 00:11:19,229 - INFO -   Class [unpaved] Accuracy: 92.64% (151/163)
2025-04-08 00:11:19,232 - INFO - 
Confusion Matrix:
[[568  18   4   2   5]
 [ 17 132   0   0   7]
 [  1   3 311  10   1]
 [  0   0   9 209   0]
 [  9   3   0   0 151]]
2025-04-08 00:11:19,244 - INFO - 
Classification Report:
               precision    recall  f1-score   support

      asphalt       0.95      0.95      0.95       597
     concrete       0.85      0.85      0.85       156
paving_stones       0.96      0.95      0.96       326
         sett       0.95      0.96      0.95       218
      unpaved       0.92      0.93      0.92       163

     accuracy                           0.94      1460
    macro avg       0.93      0.93      0.93      1460
 weighted avg       0.94      0.94      0.94      1460

2025-04-08 00:14:29,484 - INFO - [Epoch 44] Train Loss: 0.9781, Accuracy: 99.93%
2025-04-08 00:15:04,946 - INFO - Validation Loss: 52.2565, Accuracy: 93.56%
2025-04-08 00:15:04,946 - INFO -   Class [asphalt] Accuracy: 93.47% (558/597)
2025-04-08 00:15:04,946 - INFO -   Class [concrete] Accuracy: 85.90% (134/156)
2025-04-08 00:15:04,946 - INFO -   Class [paving_stones] Accuracy: 95.71% (312/326)
2025-04-08 00:15:04,946 - INFO -   Class [sett] Accuracy: 95.87% (209/218)
2025-04-08 00:15:04,946 - INFO -   Class [unpaved] Accuracy: 93.87% (153/163)
2025-04-08 00:15:04,950 - INFO - 
Confusion Matrix:
[[558  28   4   2   5]
 [ 15 134   0   0   7]
 [  1   4 312   8   1]
 [  0   0   9 209   0]
 [  7   3   0   0 153]]
2025-04-08 00:15:04,962 - INFO - 
Classification Report:
               precision    recall  f1-score   support

      asphalt       0.96      0.93      0.95       597
     concrete       0.79      0.86      0.82       156
paving_stones       0.96      0.96      0.96       326
         sett       0.95      0.96      0.96       218
      unpaved       0.92      0.94      0.93       163

     accuracy                           0.94      1460
    macro avg       0.92      0.93      0.92      1460
 weighted avg       0.94      0.94      0.94      1460

2025-04-08 00:18:14,342 - INFO - [Epoch 45] Train Loss: 1.0148, Accuracy: 99.95%
2025-04-08 00:18:51,315 - INFO - Validation Loss: 52.3065, Accuracy: 93.90%
2025-04-08 00:18:51,315 - INFO -   Class [asphalt] Accuracy: 94.14% (562/597)
2025-04-08 00:18:51,316 - INFO -   Class [concrete] Accuracy: 84.62% (132/156)
2025-04-08 00:18:51,316 - INFO -   Class [paving_stones] Accuracy: 96.32% (314/326)
2025-04-08 00:18:51,316 - INFO -   Class [sett] Accuracy: 95.87% (209/218)
2025-04-08 00:18:51,316 - INFO -   Class [unpaved] Accuracy: 94.48% (154/163)
2025-04-08 00:18:51,319 - INFO - 
Confusion Matrix:
[[562  23   4   2   6]
 [ 16 132   0   0   8]
 [  1   2 314   8   1]
 [  0   0   9 209   0]
 [  7   2   0   0 154]]
2025-04-08 00:18:51,331 - INFO - 
Classification Report:
               precision    recall  f1-score   support

      asphalt       0.96      0.94      0.95       597
     concrete       0.83      0.85      0.84       156
paving_stones       0.96      0.96      0.96       326
         sett       0.95      0.96      0.96       218
      unpaved       0.91      0.94      0.93       163

     accuracy                           0.94      1460
    macro avg       0.92      0.93      0.93      1460
 weighted avg       0.94      0.94      0.94      1460

2025-04-08 00:21:59,492 - INFO - [Epoch 46] Train Loss: 0.7466, Accuracy: 99.93%
2025-04-08 00:22:33,833 - INFO - Validation Loss: 55.8528, Accuracy: 94.11%
2025-04-08 00:22:33,833 - INFO -   Class [asphalt] Accuracy: 95.48% (570/597)
2025-04-08 00:22:33,833 - INFO -   Class [concrete] Accuracy: 85.26% (133/156)
2025-04-08 00:22:33,833 - INFO -   Class [paving_stones] Accuracy: 95.71% (312/326)
2025-04-08 00:22:33,833 - INFO -   Class [sett] Accuracy: 95.87% (209/218)
2025-04-08 00:22:33,833 - INFO -   Class [unpaved] Accuracy: 92.02% (150/163)
2025-04-08 00:22:33,836 - INFO - 
Confusion Matrix:
[[570  17   4   2   4]
 [ 16 133   0   0   7]
 [  1   3 312   9   1]
 [  0   0   9 209   0]
 [ 10   3   0   0 150]]
2025-04-08 00:22:33,849 - INFO - 
Classification Report:
               precision    recall  f1-score   support

      asphalt       0.95      0.95      0.95       597
     concrete       0.85      0.85      0.85       156
paving_stones       0.96      0.96      0.96       326
         sett       0.95      0.96      0.95       218
      unpaved       0.93      0.92      0.92       163

     accuracy                           0.94      1460
    macro avg       0.93      0.93      0.93      1460
 weighted avg       0.94      0.94      0.94      1460

2025-04-08 00:25:42,478 - INFO - [Epoch 47] Train Loss: 0.4147, Accuracy: 99.95%
2025-04-08 00:26:18,537 - INFO - Validation Loss: 55.0604, Accuracy: 94.18%
2025-04-08 00:26:18,537 - INFO -   Class [asphalt] Accuracy: 94.97% (567/597)
2025-04-08 00:26:18,537 - INFO -   Class [concrete] Accuracy: 85.26% (133/156)
2025-04-08 00:26:18,537 - INFO -   Class [paving_stones] Accuracy: 95.71% (312/326)
2025-04-08 00:26:18,537 - INFO -   Class [sett] Accuracy: 95.87% (209/218)
2025-04-08 00:26:18,537 - INFO -   Class [unpaved] Accuracy: 94.48% (154/163)
2025-04-08 00:26:18,540 - INFO - 
Confusion Matrix:
[[567  18   4   2   6]
 [ 16 133   0   0   7]
 [  1   3 312   9   1]
 [  0   0   9 209   0]
 [  7   2   0   0 154]]
2025-04-08 00:26:18,552 - INFO - 
Classification Report:
               precision    recall  f1-score   support

      asphalt       0.96      0.95      0.95       597
     concrete       0.85      0.85      0.85       156
paving_stones       0.96      0.96      0.96       326
         sett       0.95      0.96      0.95       218
      unpaved       0.92      0.94      0.93       163

     accuracy                           0.94      1460
    macro avg       0.93      0.93      0.93      1460
 weighted avg       0.94      0.94      0.94      1460

2025-04-08 00:29:28,062 - INFO - [Epoch 48] Train Loss: 0.8965, Accuracy: 99.93%
2025-04-08 00:30:05,603 - INFO - Validation Loss: 50.2579, Accuracy: 93.36%
2025-04-08 00:30:05,603 - INFO -   Class [asphalt] Accuracy: 93.47% (558/597)
2025-04-08 00:30:05,603 - INFO -   Class [concrete] Accuracy: 85.90% (134/156)
2025-04-08 00:30:05,603 - INFO -   Class [paving_stones] Accuracy: 95.40% (311/326)
2025-04-08 00:30:05,603 - INFO -   Class [sett] Accuracy: 95.41% (208/218)
2025-04-08 00:30:05,603 - INFO -   Class [unpaved] Accuracy: 93.25% (152/163)
2025-04-08 00:30:05,607 - INFO - 
Confusion Matrix:
[[558  28   4   2   5]
 [ 14 134   0   0   8]
 [  1   3 311  10   1]
 [  0   0  10 208   0]
 [  8   3   0   0 152]]
2025-04-08 00:30:05,619 - INFO - 
Classification Report:
               precision    recall  f1-score   support

      asphalt       0.96      0.93      0.95       597
     concrete       0.80      0.86      0.83       156
paving_stones       0.96      0.95      0.96       326
         sett       0.95      0.95      0.95       218
      unpaved       0.92      0.93      0.92       163

     accuracy                           0.93      1460
    macro avg       0.92      0.93      0.92      1460
 weighted avg       0.94      0.93      0.93      1460

2025-04-08 00:33:14,413 - INFO - [Epoch 49] Train Loss: 0.4486, Accuracy: 99.98%
2025-04-08 00:33:49,824 - INFO - Validation Loss: 54.6052, Accuracy: 94.18%
2025-04-08 00:33:49,824 - INFO -   Class [asphalt] Accuracy: 95.31% (569/597)
2025-04-08 00:33:49,824 - INFO -   Class [concrete] Accuracy: 85.26% (133/156)
2025-04-08 00:33:49,825 - INFO -   Class [paving_stones] Accuracy: 95.71% (312/326)
2025-04-08 00:33:49,825 - INFO -   Class [sett] Accuracy: 95.87% (209/218)
2025-04-08 00:33:49,825 - INFO -   Class [unpaved] Accuracy: 93.25% (152/163)
2025-04-08 00:33:49,828 - INFO - 
Confusion Matrix:
[[569  18   4   2   4]
 [ 16 133   0   0   7]
 [  1   3 312   9   1]
 [  0   0   9 209   0]
 [  8   3   0   0 152]]
2025-04-08 00:33:49,840 - INFO - 
Classification Report:
               precision    recall  f1-score   support

      asphalt       0.96      0.95      0.96       597
     concrete       0.85      0.85      0.85       156
paving_stones       0.96      0.96      0.96       326
         sett       0.95      0.96      0.95       218
      unpaved       0.93      0.93      0.93       163

     accuracy                           0.94      1460
    macro avg       0.93      0.93      0.93      1460
 weighted avg       0.94      0.94      0.94      1460

2025-04-08 00:36:59,372 - INFO - [Epoch 50] Train Loss: 1.3807, Accuracy: 99.91%
2025-04-08 00:37:35,060 - INFO - Validation Loss: 53.5240, Accuracy: 93.63%
2025-04-08 00:37:35,060 - INFO -   Class [asphalt] Accuracy: 94.14% (562/597)
2025-04-08 00:37:35,060 - INFO -   Class [concrete] Accuracy: 84.62% (132/156)
2025-04-08 00:37:35,060 - INFO -   Class [paving_stones] Accuracy: 95.40% (311/326)
2025-04-08 00:37:35,060 - INFO -   Class [sett] Accuracy: 95.87% (209/218)
2025-04-08 00:37:35,060 - INFO -   Class [unpaved] Accuracy: 93.87% (153/163)
2025-04-08 00:37:35,063 - INFO - 
Confusion Matrix:
[[562  23   4   2   6]
 [ 16 132   0   0   8]
 [  1   3 311   9   2]
 [  0   0   9 209   0]
 [  7   3   0   0 153]]
2025-04-08 00:37:35,076 - INFO - 
Classification Report:
               precision    recall  f1-score   support

      asphalt       0.96      0.94      0.95       597
     concrete       0.82      0.85      0.83       156
paving_stones       0.96      0.95      0.96       326
         sett       0.95      0.96      0.95       218
      unpaved       0.91      0.94      0.92       163

     accuracy                           0.94      1460
    macro avg       0.92      0.93      0.92      1460
 weighted avg       0.94      0.94      0.94      1460

2025-04-08 00:38:20,419 - INFO - Test Loss: 54.2171, Accuracy: 93.81%
2025-04-08 00:38:20,419 - INFO -   Class [asphalt] Accuracy: 93.17% (696/747)
2025-04-08 00:38:20,419 - INFO -   Class [concrete] Accuracy: 83.51% (162/194)
2025-04-08 00:38:20,419 - INFO -   Class [paving_stones] Accuracy: 97.06% (396/408)
2025-04-08 00:38:20,419 - INFO -   Class [sett] Accuracy: 97.44% (266/273)
2025-04-08 00:38:20,419 - INFO -   Class [unpaved] Accuracy: 94.58% (192/203)
2025-04-08 00:38:20,422 - INFO - 
Confusion Matrix (Test):
[[696  38   2   2   9]
 [ 29 162   1   1   1]
 [  2   3 396   7   0]
 [  1   0   5 266   1]
 [  6   4   0   1 192]]
2025-04-08 00:38:20,435 - INFO - 
Classification Report (Test):
               precision    recall  f1-score   support

      asphalt       0.95      0.93      0.94       747
     concrete       0.78      0.84      0.81       194
paving_stones       0.98      0.97      0.98       408
         sett       0.96      0.97      0.97       273
      unpaved       0.95      0.95      0.95       203

     accuracy                           0.94      1825
    macro avg       0.92      0.93      0.93      1825
 weighted avg       0.94      0.94      0.94      1825

