2025-04-07 21:30:32,009 - INFO - Train Set Class Distribution:
surface_type
asphalt          2390
paving_stones    1303
sett              872
unpaved           650
concrete          622
Name: count, dtype: int64
2025-04-07 21:30:32,009 - INFO - Validation Set Class Distribution:
surface_type
asphalt          597
paving_stones    326
sett             218
unpaved          163
concrete         156
Name: count, dtype: int64
2025-04-07 21:30:32,010 - INFO - Test Set Class Distribution:
surface_type
asphalt          747
paving_stones    408
sett             273
unpaved          203
concrete         194
Name: count, dtype: int64
2025-04-07 21:42:42,124 - INFO - [Epoch 1] Train Loss: 336.8214, Accuracy: 84.92%
2025-04-07 21:43:19,416 - INFO - Validation Loss: 70.5646, Accuracy: 86.30%
2025-04-07 21:43:19,416 - INFO -   Class [asphalt] Accuracy: 76.72% (458/597)
2025-04-07 21:43:19,416 - INFO -   Class [concrete] Accuracy: 85.90% (134/156)
2025-04-07 21:43:19,416 - INFO -   Class [paving_stones] Accuracy: 96.01% (313/326)
2025-04-07 21:43:19,416 - INFO -   Class [sett] Accuracy: 88.53% (193/218)
2025-04-07 21:43:19,416 - INFO -   Class [unpaved] Accuracy: 99.39% (162/163)
2025-04-07 21:43:19,420 - INFO - 
Confusion Matrix:
[[458  68  26   4  41]
 [  5 134   6   0  11]
 [  2   5 313   6   0]
 [  0   0  25 193   0]
 [  0   0   0   1 162]]
2025-04-07 21:43:19,433 - INFO - 
Classification Report:
               precision    recall  f1-score   support

      asphalt       0.98      0.77      0.86       597
     concrete       0.65      0.86      0.74       156
paving_stones       0.85      0.96      0.90       326
         sett       0.95      0.89      0.91       218
      unpaved       0.76      0.99      0.86       163

     accuracy                           0.86      1460
    macro avg       0.84      0.89      0.85      1460
 weighted avg       0.89      0.86      0.86      1460

2025-04-07 21:43:21,682 - INFO - New best model saved with accuracy: 86.30%
2025-04-07 21:55:29,508 - INFO - [Epoch 2] Train Loss: 212.0615, Accuracy: 92.19%
2025-04-07 21:56:09,525 - INFO - Validation Loss: 61.1404, Accuracy: 92.95%
2025-04-07 21:56:09,526 - INFO -   Class [asphalt] Accuracy: 95.81% (572/597)
2025-04-07 21:56:09,526 - INFO -   Class [concrete] Accuracy: 71.79% (112/156)
2025-04-07 21:56:09,526 - INFO -   Class [paving_stones] Accuracy: 95.09% (310/326)
2025-04-07 21:56:09,526 - INFO -   Class [sett] Accuracy: 94.95% (207/218)
2025-04-07 21:56:09,526 - INFO -   Class [unpaved] Accuracy: 95.71% (156/163)
2025-04-07 21:56:09,529 - INFO - 
Confusion Matrix:
[[572   7   4   0  14]
 [ 30 112   3   0  11]
 [  3   4 310   8   1]
 [  1   0   8 207   2]
 [  7   0   0   0 156]]
2025-04-07 21:56:09,542 - INFO - 
Classification Report:
               precision    recall  f1-score   support

      asphalt       0.93      0.96      0.95       597
     concrete       0.91      0.72      0.80       156
paving_stones       0.95      0.95      0.95       326
         sett       0.96      0.95      0.96       218
      unpaved       0.85      0.96      0.90       163

     accuracy                           0.93      1460
    macro avg       0.92      0.91      0.91      1460
 weighted avg       0.93      0.93      0.93      1460

2025-04-07 21:56:12,683 - INFO - New best model saved with accuracy: 92.95%
2025-04-07 22:08:20,319 - INFO - [Epoch 3] Train Loss: 175.3722, Accuracy: 94.47%
2025-04-07 22:09:00,400 - INFO - Validation Loss: 60.0345, Accuracy: 93.56%
2025-04-07 22:09:00,400 - INFO -   Class [asphalt] Accuracy: 94.30% (563/597)
2025-04-07 22:09:00,400 - INFO -   Class [concrete] Accuracy: 82.05% (128/156)
2025-04-07 22:09:00,400 - INFO -   Class [paving_stones] Accuracy: 96.32% (314/326)
2025-04-07 22:09:00,401 - INFO -   Class [sett] Accuracy: 95.87% (209/218)
2025-04-07 22:09:00,401 - INFO -   Class [unpaved] Accuracy: 93.25% (152/163)
2025-04-07 22:09:00,404 - INFO - 
Confusion Matrix:
[[563  24   3   0   7]
 [ 23 128   0   0   5]
 [  1   5 314   6   0]
 [  0   0   9 209   0]
 [  9   1   0   1 152]]
2025-04-07 22:09:00,416 - INFO - 
Classification Report:
               precision    recall  f1-score   support

      asphalt       0.94      0.94      0.94       597
     concrete       0.81      0.82      0.82       156
paving_stones       0.96      0.96      0.96       326
         sett       0.97      0.96      0.96       218
      unpaved       0.93      0.93      0.93       163

     accuracy                           0.94      1460
    macro avg       0.92      0.92      0.92      1460
 weighted avg       0.94      0.94      0.94      1460

2025-04-07 22:09:02,664 - INFO - New best model saved with accuracy: 93.56%
2025-04-07 22:21:10,116 - INFO - [Epoch 4] Train Loss: 131.3611, Accuracy: 95.96%
2025-04-07 22:21:47,190 - INFO - Validation Loss: 77.7058, Accuracy: 92.88%
2025-04-07 22:21:47,190 - INFO -   Class [asphalt] Accuracy: 93.97% (561/597)
2025-04-07 22:21:47,190 - INFO -   Class [concrete] Accuracy: 83.97% (131/156)
2025-04-07 22:21:47,190 - INFO -   Class [paving_stones] Accuracy: 96.63% (315/326)
2025-04-07 22:21:47,190 - INFO -   Class [sett] Accuracy: 91.74% (200/218)
2025-04-07 22:21:47,190 - INFO -   Class [unpaved] Accuracy: 91.41% (149/163)
2025-04-07 22:21:47,194 - INFO - 
Confusion Matrix:
[[561  24   7   1   4]
 [ 20 131   2   0   3]
 [  1   5 315   5   0]
 [  1   1  16 200   0]
 [  9   5   0   0 149]]
2025-04-07 22:21:47,206 - INFO - 
Classification Report:
               precision    recall  f1-score   support

      asphalt       0.95      0.94      0.94       597
     concrete       0.79      0.84      0.81       156
paving_stones       0.93      0.97      0.95       326
         sett       0.97      0.92      0.94       218
      unpaved       0.96      0.91      0.93       163

     accuracy                           0.93      1460
    macro avg       0.92      0.92      0.92      1460
 weighted avg       0.93      0.93      0.93      1460

2025-04-07 22:33:54,635 - INFO - [Epoch 5] Train Loss: 102.5819, Accuracy: 96.66%
2025-04-07 22:34:35,045 - INFO - Validation Loss: 90.3543, Accuracy: 93.49%
2025-04-07 22:34:35,045 - INFO -   Class [asphalt] Accuracy: 97.82% (584/597)
2025-04-07 22:34:35,045 - INFO -   Class [concrete] Accuracy: 68.59% (107/156)
2025-04-07 22:34:35,045 - INFO -   Class [paving_stones] Accuracy: 96.32% (314/326)
2025-04-07 22:34:35,045 - INFO -   Class [sett] Accuracy: 94.04% (205/218)
2025-04-07 22:34:35,045 - INFO -   Class [unpaved] Accuracy: 95.09% (155/163)
2025-04-07 22:34:35,049 - INFO - 
Confusion Matrix:
[[584   5   3   0   5]
 [ 40 107   1   0   8]
 [  2   5 314   5   0]
 [  0   0  13 205   0]
 [  8   0   0   0 155]]
2025-04-07 22:34:35,062 - INFO - 
Classification Report:
               precision    recall  f1-score   support

      asphalt       0.92      0.98      0.95       597
     concrete       0.91      0.69      0.78       156
paving_stones       0.95      0.96      0.96       326
         sett       0.98      0.94      0.96       218
      unpaved       0.92      0.95      0.94       163

     accuracy                           0.93      1460
    macro avg       0.94      0.90      0.92      1460
 weighted avg       0.93      0.93      0.93      1460

2025-04-07 22:46:42,772 - INFO - [Epoch 6] Train Loss: 80.7439, Accuracy: 97.38%
2025-04-07 22:47:21,178 - INFO - Validation Loss: 65.9175, Accuracy: 90.27%
2025-04-07 22:47:21,178 - INFO -   Class [asphalt] Accuracy: 84.59% (505/597)
2025-04-07 22:47:21,178 - INFO -   Class [concrete] Accuracy: 90.38% (141/156)
2025-04-07 22:47:21,178 - INFO -   Class [paving_stones] Accuracy: 92.94% (303/326)
2025-04-07 22:47:21,178 - INFO -   Class [sett] Accuracy: 97.71% (213/218)
2025-04-07 22:47:21,178 - INFO -   Class [unpaved] Accuracy: 95.71% (156/163)
2025-04-07 22:47:21,182 - INFO - 
Confusion Matrix:
[[505  71   4   3  14]
 [ 10 141   0   0   5]
 [  1  11 303  11   0]
 [  0   0   4 213   1]
 [  2   4   0   1 156]]
2025-04-07 22:47:21,194 - INFO - 
Classification Report:
               precision    recall  f1-score   support

      asphalt       0.97      0.85      0.91       597
     concrete       0.62      0.90      0.74       156
paving_stones       0.97      0.93      0.95       326
         sett       0.93      0.98      0.96       218
      unpaved       0.89      0.96      0.92       163

     accuracy                           0.90      1460
    macro avg       0.88      0.92      0.89      1460
 weighted avg       0.92      0.90      0.91      1460

2025-04-07 22:59:28,916 - INFO - [Epoch 7] Train Loss: 81.1364, Accuracy: 97.57%
2025-04-07 23:00:08,947 - INFO - Validation Loss: 83.2687, Accuracy: 91.58%
2025-04-07 23:00:08,947 - INFO -   Class [asphalt] Accuracy: 89.95% (537/597)
2025-04-07 23:00:08,947 - INFO -   Class [concrete] Accuracy: 85.26% (133/156)
2025-04-07 23:00:08,947 - INFO -   Class [paving_stones] Accuracy: 92.64% (302/326)
2025-04-07 23:00:08,947 - INFO -   Class [sett] Accuracy: 97.25% (212/218)
2025-04-07 23:00:08,947 - INFO -   Class [unpaved] Accuracy: 93.87% (153/163)
2025-04-07 23:00:08,950 - INFO - 
Confusion Matrix:
[[537  49   6   1   4]
 [ 13 133   3   0   7]
 [  2   5 302  16   1]
 [  0   1   4 212   1]
 [  8   1   0   1 153]]
2025-04-07 23:00:08,963 - INFO - 
Classification Report:
               precision    recall  f1-score   support

      asphalt       0.96      0.90      0.93       597
     concrete       0.70      0.85      0.77       156
paving_stones       0.96      0.93      0.94       326
         sett       0.92      0.97      0.95       218
      unpaved       0.92      0.94      0.93       163

     accuracy                           0.92      1460
    macro avg       0.89      0.92      0.90      1460
 weighted avg       0.92      0.92      0.92      1460

2025-04-07 23:12:16,656 - INFO - [Epoch 8] Train Loss: 70.2878, Accuracy: 98.05%
2025-04-07 23:12:56,985 - INFO - Validation Loss: 98.4950, Accuracy: 92.40%
2025-04-07 23:12:56,985 - INFO -   Class [asphalt] Accuracy: 93.97% (561/597)
2025-04-07 23:12:56,985 - INFO -   Class [concrete] Accuracy: 85.26% (133/156)
2025-04-07 23:12:56,985 - INFO -   Class [paving_stones] Accuracy: 95.71% (312/326)
2025-04-07 23:12:56,985 - INFO -   Class [sett] Accuracy: 90.37% (197/218)
2025-04-07 23:12:56,985 - INFO -   Class [unpaved] Accuracy: 89.57% (146/163)
2025-04-07 23:12:56,988 - INFO - 
Confusion Matrix:
[[561  20  10   1   5]
 [ 18 133   4   0   1]
 [  1   6 312   7   0]
 [  0   0  20 197   1]
 [ 12   1   3   1 146]]
2025-04-07 23:12:57,001 - INFO - 
Classification Report:
               precision    recall  f1-score   support

      asphalt       0.95      0.94      0.94       597
     concrete       0.83      0.85      0.84       156
paving_stones       0.89      0.96      0.92       326
         sett       0.96      0.90      0.93       218
      unpaved       0.95      0.90      0.92       163

     accuracy                           0.92      1460
    macro avg       0.92      0.91      0.91      1460
 weighted avg       0.93      0.92      0.92      1460

2025-04-07 23:25:04,828 - INFO - [Epoch 9] Train Loss: 60.4408, Accuracy: 98.42%
2025-04-07 23:25:41,930 - INFO - Validation Loss: 165.7449, Accuracy: 88.42%
2025-04-07 23:25:41,930 - INFO -   Class [asphalt] Accuracy: 87.27% (521/597)
2025-04-07 23:25:41,930 - INFO -   Class [concrete] Accuracy: 71.79% (112/156)
2025-04-07 23:25:41,931 - INFO -   Class [paving_stones] Accuracy: 88.65% (289/326)
2025-04-07 23:25:41,931 - INFO -   Class [sett] Accuracy: 94.95% (207/218)
2025-04-07 23:25:41,931 - INFO -   Class [unpaved] Accuracy: 99.39% (162/163)
2025-04-07 23:25:41,934 - INFO - 
Confusion Matrix:
[[521   6   4   2  64]
 [ 20 112   0   0  24]
 [  1   4 289  26   6]
 [  0   0   6 207   5]
 [  0   0   0   1 162]]
2025-04-07 23:25:41,947 - INFO - 
Classification Report:
               precision    recall  f1-score   support

      asphalt       0.96      0.87      0.91       597
     concrete       0.92      0.72      0.81       156
paving_stones       0.97      0.89      0.92       326
         sett       0.88      0.95      0.91       218
      unpaved       0.62      0.99      0.76       163

     accuracy                           0.88      1460
    macro avg       0.87      0.88      0.86      1460
 weighted avg       0.91      0.88      0.89      1460

2025-04-07 23:37:49,985 - INFO - [Epoch 10] Train Loss: 68.2744, Accuracy: 98.01%
2025-04-07 23:38:29,927 - INFO - Validation Loss: 120.6543, Accuracy: 93.08%
2025-04-07 23:38:29,927 - INFO -   Class [asphalt] Accuracy: 97.32% (581/597)
2025-04-07 23:38:29,928 - INFO -   Class [concrete] Accuracy: 82.69% (129/156)
2025-04-07 23:38:29,928 - INFO -   Class [paving_stones] Accuracy: 94.17% (307/326)
2025-04-07 23:38:29,928 - INFO -   Class [sett] Accuracy: 96.79% (211/218)
2025-04-07 23:38:29,928 - INFO -   Class [unpaved] Accuracy: 80.37% (131/163)
2025-04-07 23:38:29,931 - INFO - 
Confusion Matrix:
[[581  11   3   1   1]
 [ 24 129   1   0   2]
 [  2   7 307  10   0]
 [  0   1   6 211   0]
 [ 20  10   2   0 131]]
2025-04-07 23:38:29,943 - INFO - 
Classification Report:
               precision    recall  f1-score   support

      asphalt       0.93      0.97      0.95       597
     concrete       0.82      0.83      0.82       156
paving_stones       0.96      0.94      0.95       326
         sett       0.95      0.97      0.96       218
      unpaved       0.98      0.80      0.88       163

     accuracy                           0.93      1460
    macro avg       0.93      0.90      0.91      1460
 weighted avg       0.93      0.93      0.93      1460

2025-04-07 23:50:38,264 - INFO - [Epoch 11] Train Loss: 60.2860, Accuracy: 98.54%
2025-04-07 23:51:16,906 - INFO - Validation Loss: 103.0898, Accuracy: 93.56%
2025-04-07 23:51:16,907 - INFO -   Class [asphalt] Accuracy: 96.48% (576/597)
2025-04-07 23:51:16,907 - INFO -   Class [concrete] Accuracy: 82.69% (129/156)
2025-04-07 23:51:16,907 - INFO -   Class [paving_stones] Accuracy: 95.09% (310/326)
2025-04-07 23:51:16,907 - INFO -   Class [sett] Accuracy: 95.41% (208/218)
2025-04-07 23:51:16,907 - INFO -   Class [unpaved] Accuracy: 87.73% (143/163)
2025-04-07 23:51:16,910 - INFO - 
Confusion Matrix:
[[576  16   2   1   2]
 [ 22 129   1   0   4]
 [  4   5 310   7   0]
 [  1   0   9 208   0]
 [ 13   5   1   1 143]]
2025-04-07 23:51:16,923 - INFO - 
Classification Report:
               precision    recall  f1-score   support

      asphalt       0.94      0.96      0.95       597
     concrete       0.83      0.83      0.83       156
paving_stones       0.96      0.95      0.96       326
         sett       0.96      0.95      0.96       218
      unpaved       0.96      0.88      0.92       163

     accuracy                           0.94      1460
    macro avg       0.93      0.91      0.92      1460
 weighted avg       0.94      0.94      0.94      1460

2025-04-08 00:03:24,272 - INFO - [Epoch 12] Train Loss: 54.6142, Accuracy: 98.42%
2025-04-08 00:04:01,621 - INFO - Validation Loss: 114.8725, Accuracy: 91.85%
2025-04-08 00:04:01,622 - INFO -   Class [asphalt] Accuracy: 94.14% (562/597)
2025-04-08 00:04:01,622 - INFO -   Class [concrete] Accuracy: 85.26% (133/156)
2025-04-08 00:04:01,622 - INFO -   Class [paving_stones] Accuracy: 95.09% (310/326)
2025-04-08 00:04:01,622 - INFO -   Class [sett] Accuracy: 87.16% (190/218)
2025-04-08 00:04:01,622 - INFO -   Class [unpaved] Accuracy: 89.57% (146/163)
2025-04-08 00:04:01,625 - INFO - 
Confusion Matrix:
[[562  27   2   1   5]
 [ 20 133   0   0   3]
 [  1   8 310   7   0]
 [  1   5  19 190   3]
 [  7   9   1   0 146]]
2025-04-08 00:04:01,637 - INFO - 
Classification Report:
               precision    recall  f1-score   support

      asphalt       0.95      0.94      0.95       597
     concrete       0.73      0.85      0.79       156
paving_stones       0.93      0.95      0.94       326
         sett       0.96      0.87      0.91       218
      unpaved       0.93      0.90      0.91       163

     accuracy                           0.92      1460
    macro avg       0.90      0.90      0.90      1460
 weighted avg       0.92      0.92      0.92      1460

2025-04-08 00:16:09,638 - INFO - [Epoch 13] Train Loss: 38.2018, Accuracy: 99.01%
2025-04-08 00:16:48,243 - INFO - Validation Loss: 114.9695, Accuracy: 93.29%
2025-04-08 00:16:48,243 - INFO -   Class [asphalt] Accuracy: 95.81% (572/597)
2025-04-08 00:16:48,243 - INFO -   Class [concrete] Accuracy: 78.85% (123/156)
2025-04-08 00:16:48,243 - INFO -   Class [paving_stones] Accuracy: 96.63% (315/326)
2025-04-08 00:16:48,243 - INFO -   Class [sett] Accuracy: 92.20% (201/218)
2025-04-08 00:16:48,243 - INFO -   Class [unpaved] Accuracy: 92.64% (151/163)
2025-04-08 00:16:48,246 - INFO - 
Confusion Matrix:
[[572  15   3   0   7]
 [ 29 123   0   0   4]
 [  1   5 315   4   1]
 [  0   0  14 201   3]
 [ 10   1   1   0 151]]
2025-04-08 00:16:48,259 - INFO - 
Classification Report:
               precision    recall  f1-score   support

      asphalt       0.93      0.96      0.95       597
     concrete       0.85      0.79      0.82       156
paving_stones       0.95      0.97      0.96       326
         sett       0.98      0.92      0.95       218
      unpaved       0.91      0.93      0.92       163

     accuracy                           0.93      1460
    macro avg       0.92      0.91      0.92      1460
 weighted avg       0.93      0.93      0.93      1460

2025-04-08 00:28:55,695 - INFO - [Epoch 14] Train Loss: 40.3617, Accuracy: 98.99%
2025-04-08 00:29:33,143 - INFO - Validation Loss: 126.2963, Accuracy: 93.56%
2025-04-08 00:29:33,143 - INFO -   Class [asphalt] Accuracy: 96.65% (577/597)
2025-04-08 00:29:33,143 - INFO -   Class [concrete] Accuracy: 80.13% (125/156)
2025-04-08 00:29:33,143 - INFO -   Class [paving_stones] Accuracy: 92.33% (301/326)
2025-04-08 00:29:33,143 - INFO -   Class [sett] Accuracy: 97.71% (213/218)
2025-04-08 00:29:33,143 - INFO -   Class [unpaved] Accuracy: 92.02% (150/163)
2025-04-08 00:29:33,146 - INFO - 
Confusion Matrix:
[[577  16   1   0   3]
 [ 28 125   0   0   3]
 [  5  10 301   9   1]
 [  0   0   4 213   1]
 [ 12   1   0   0 150]]
2025-04-08 00:29:33,159 - INFO - 
Classification Report:
               precision    recall  f1-score   support

      asphalt       0.93      0.97      0.95       597
     concrete       0.82      0.80      0.81       156
paving_stones       0.98      0.92      0.95       326
         sett       0.96      0.98      0.97       218
      unpaved       0.95      0.92      0.93       163

     accuracy                           0.94      1460
    macro avg       0.93      0.92      0.92      1460
 weighted avg       0.94      0.94      0.94      1460

2025-04-08 00:41:41,579 - INFO - [Epoch 15] Train Loss: 43.2789, Accuracy: 98.97%
2025-04-08 00:42:21,283 - INFO - Validation Loss: 135.3098, Accuracy: 89.93%
2025-04-08 00:42:21,284 - INFO -   Class [asphalt] Accuracy: 84.76% (506/597)
2025-04-08 00:42:21,284 - INFO -   Class [concrete] Accuracy: 88.46% (138/156)
2025-04-08 00:42:21,284 - INFO -   Class [paving_stones] Accuracy: 94.48% (308/326)
2025-04-08 00:42:21,284 - INFO -   Class [sett] Accuracy: 97.25% (212/218)
2025-04-08 00:42:21,284 - INFO -   Class [unpaved] Accuracy: 91.41% (149/163)
2025-04-08 00:42:21,287 - INFO - 
Confusion Matrix:
[[506  77   6   2   6]
 [ 14 138   2   1   1]
 [  0   6 308  12   0]
 [  0   0   6 212   0]
 [  4   3   5   2 149]]
2025-04-08 00:42:21,299 - INFO - 
Classification Report:
               precision    recall  f1-score   support

      asphalt       0.97      0.85      0.90       597
     concrete       0.62      0.88      0.73       156
paving_stones       0.94      0.94      0.94       326
         sett       0.93      0.97      0.95       218
      unpaved       0.96      0.91      0.93       163

     accuracy                           0.90      1460
    macro avg       0.88      0.91      0.89      1460
 weighted avg       0.92      0.90      0.90      1460

2025-04-08 00:54:23,656 - INFO - [Epoch 16] Train Loss: 33.0444, Accuracy: 99.18%
2025-04-08 00:55:00,096 - INFO - Validation Loss: 210.5814, Accuracy: 91.23%
2025-04-08 00:55:00,096 - INFO -   Class [asphalt] Accuracy: 98.83% (590/597)
2025-04-08 00:55:00,096 - INFO -   Class [concrete] Accuracy: 65.38% (102/156)
2025-04-08 00:55:00,096 - INFO -   Class [paving_stones] Accuracy: 95.71% (312/326)
2025-04-08 00:55:00,096 - INFO -   Class [sett] Accuracy: 88.07% (192/218)
2025-04-08 00:55:00,096 - INFO -   Class [unpaved] Accuracy: 83.44% (136/163)
2025-04-08 00:55:00,099 - INFO - 
Confusion Matrix:
[[590   3   3   1   0]
 [ 50 102   2   1   1]
 [  3   5 312   6   0]
 [  0   0  26 192   0]
 [ 26   0   1   0 136]]
2025-04-08 00:55:00,112 - INFO - 
Classification Report:
               precision    recall  f1-score   support

      asphalt       0.88      0.99      0.93       597
     concrete       0.93      0.65      0.77       156
paving_stones       0.91      0.96      0.93       326
         sett       0.96      0.88      0.92       218
      unpaved       0.99      0.83      0.91       163

     accuracy                           0.91      1460
    macro avg       0.93      0.86      0.89      1460
 weighted avg       0.92      0.91      0.91      1460

2025-04-08 01:07:01,215 - INFO - [Epoch 17] Train Loss: 33.1995, Accuracy: 99.07%
2025-04-08 01:07:41,145 - INFO - Validation Loss: 123.5794, Accuracy: 92.95%
2025-04-08 01:07:41,145 - INFO -   Class [asphalt] Accuracy: 94.97% (567/597)
2025-04-08 01:07:41,145 - INFO -   Class [concrete] Accuracy: 83.33% (130/156)
2025-04-08 01:07:41,145 - INFO -   Class [paving_stones] Accuracy: 94.17% (307/326)
2025-04-08 01:07:41,145 - INFO -   Class [sett] Accuracy: 92.66% (202/218)
2025-04-08 01:07:41,145 - INFO -   Class [unpaved] Accuracy: 92.64% (151/163)
2025-04-08 01:07:41,148 - INFO - 
Confusion Matrix:
[[567  21   2   1   6]
 [ 22 130   0   0   4]
 [  2   7 307   9   1]
 [  0   0  15 202   1]
 [  9   2   0   1 151]]
2025-04-08 01:07:41,161 - INFO - 
Classification Report:
               precision    recall  f1-score   support

      asphalt       0.94      0.95      0.95       597
     concrete       0.81      0.83      0.82       156
paving_stones       0.95      0.94      0.94       326
         sett       0.95      0.93      0.94       218
      unpaved       0.93      0.93      0.93       163

     accuracy                           0.93      1460
    macro avg       0.92      0.92      0.92      1460
 weighted avg       0.93      0.93      0.93      1460

2025-04-08 01:19:43,040 - INFO - [Epoch 18] Train Loss: 19.0162, Accuracy: 99.49%
2025-04-08 01:20:19,342 - INFO - Validation Loss: 116.7104, Accuracy: 93.29%
2025-04-08 01:20:19,342 - INFO -   Class [asphalt] Accuracy: 94.81% (566/597)
2025-04-08 01:20:19,342 - INFO -   Class [concrete] Accuracy: 82.69% (129/156)
2025-04-08 01:20:19,342 - INFO -   Class [paving_stones] Accuracy: 93.25% (304/326)
2025-04-08 01:20:19,342 - INFO -   Class [sett] Accuracy: 97.25% (212/218)
2025-04-08 01:20:19,342 - INFO -   Class [unpaved] Accuracy: 92.64% (151/163)
2025-04-08 01:20:19,345 - INFO - 
Confusion Matrix:
[[566  15   3   2  11]
 [ 22 129   1   0   4]
 [  2   5 304  15   0]
 [  0   0   6 212   0]
 [  8   2   0   2 151]]
2025-04-08 01:20:19,357 - INFO - 
Classification Report:
               precision    recall  f1-score   support

      asphalt       0.95      0.95      0.95       597
     concrete       0.85      0.83      0.84       156
paving_stones       0.97      0.93      0.95       326
         sett       0.92      0.97      0.94       218
      unpaved       0.91      0.93      0.92       163

     accuracy                           0.93      1460
    macro avg       0.92      0.92      0.92      1460
 weighted avg       0.93      0.93      0.93      1460

2025-04-08 01:32:20,551 - INFO - [Epoch 19] Train Loss: 25.4825, Accuracy: 99.21%
2025-04-08 01:33:00,009 - INFO - Validation Loss: 113.7563, Accuracy: 94.52%
2025-04-08 01:33:00,009 - INFO -   Class [asphalt] Accuracy: 96.48% (576/597)
2025-04-08 01:33:00,009 - INFO -   Class [concrete] Accuracy: 83.97% (131/156)
2025-04-08 01:33:00,009 - INFO -   Class [paving_stones] Accuracy: 94.48% (308/326)
2025-04-08 01:33:00,009 - INFO -   Class [sett] Accuracy: 95.87% (209/218)
2025-04-08 01:33:00,009 - INFO -   Class [unpaved] Accuracy: 95.71% (156/163)
2025-04-08 01:33:00,012 - INFO - 
Confusion Matrix:
[[576   9   2   0  10]
 [ 21 131   1   0   3]
 [  2   5 308  10   1]
 [  0   0   8 209   1]
 [  4   1   0   2 156]]
2025-04-08 01:33:00,024 - INFO - 
Classification Report:
               precision    recall  f1-score   support

      asphalt       0.96      0.96      0.96       597
     concrete       0.90      0.84      0.87       156
paving_stones       0.97      0.94      0.96       326
         sett       0.95      0.96      0.95       218
      unpaved       0.91      0.96      0.93       163

     accuracy                           0.95      1460
    macro avg       0.94      0.93      0.93      1460
 weighted avg       0.95      0.95      0.94      1460

2025-04-08 01:33:02,149 - INFO - New best model saved with accuracy: 94.52%
2025-04-08 01:45:03,376 - INFO - [Epoch 20] Train Loss: 27.4052, Accuracy: 99.33%
2025-04-08 01:45:39,591 - INFO - Validation Loss: 126.5677, Accuracy: 92.74%
2025-04-08 01:45:39,591 - INFO -   Class [asphalt] Accuracy: 96.31% (575/597)
2025-04-08 01:45:39,591 - INFO -   Class [concrete] Accuracy: 83.33% (130/156)
2025-04-08 01:45:39,591 - INFO -   Class [paving_stones] Accuracy: 96.01% (313/326)
2025-04-08 01:45:39,591 - INFO -   Class [sett] Accuracy: 89.45% (195/218)
2025-04-08 01:45:39,591 - INFO -   Class [unpaved] Accuracy: 86.50% (141/163)
2025-04-08 01:45:39,595 - INFO - 
Confusion Matrix:
[[575  16   2   1   3]
 [ 22 130   0   1   3]
 [  2   4 313   7   0]
 [  0   0  23 195   0]
 [ 11   4   2   5 141]]
2025-04-08 01:45:39,607 - INFO - 
Classification Report:
               precision    recall  f1-score   support

      asphalt       0.94      0.96      0.95       597
     concrete       0.84      0.83      0.84       156
paving_stones       0.92      0.96      0.94       326
         sett       0.93      0.89      0.91       218
      unpaved       0.96      0.87      0.91       163

     accuracy                           0.93      1460
    macro avg       0.92      0.90      0.91      1460
 weighted avg       0.93      0.93      0.93      1460

2025-04-08 01:57:40,706 - INFO - [Epoch 21] Train Loss: 24.7079, Accuracy: 99.52%
2025-04-08 01:58:17,601 - INFO - Validation Loss: 131.3310, Accuracy: 92.81%
2025-04-08 01:58:17,601 - INFO -   Class [asphalt] Accuracy: 94.30% (563/597)
2025-04-08 01:58:17,601 - INFO -   Class [concrete] Accuracy: 78.85% (123/156)
2025-04-08 01:58:17,601 - INFO -   Class [paving_stones] Accuracy: 91.10% (297/326)
2025-04-08 01:58:17,602 - INFO -   Class [sett] Accuracy: 98.17% (214/218)
2025-04-08 01:58:17,602 - INFO -   Class [unpaved] Accuracy: 96.93% (158/163)
2025-04-08 01:58:17,604 - INFO - 
Confusion Matrix:
[[563  13   5   3  13]
 [ 21 123   4   0   8]
 [  0   1 297  28   0]
 [  0   0   4 214   0]
 [  2   0   1   2 158]]
2025-04-08 01:58:17,616 - INFO - 
Classification Report:
               precision    recall  f1-score   support

      asphalt       0.96      0.94      0.95       597
     concrete       0.90      0.79      0.84       156
paving_stones       0.95      0.91      0.93       326
         sett       0.87      0.98      0.92       218
      unpaved       0.88      0.97      0.92       163

     accuracy                           0.93      1460
    macro avg       0.91      0.92      0.91      1460
 weighted avg       0.93      0.93      0.93      1460

2025-04-08 02:10:18,694 - INFO - [Epoch 22] Train Loss: 33.3701, Accuracy: 99.14%
2025-04-08 02:10:56,754 - INFO - Validation Loss: 90.9955, Accuracy: 93.90%
2025-04-08 02:10:56,754 - INFO -   Class [asphalt] Accuracy: 94.30% (563/597)
2025-04-08 02:10:56,754 - INFO -   Class [concrete] Accuracy: 87.18% (136/156)
2025-04-08 02:10:56,754 - INFO -   Class [paving_stones] Accuracy: 94.79% (309/326)
2025-04-08 02:10:56,754 - INFO -   Class [sett] Accuracy: 96.33% (210/218)
2025-04-08 02:10:56,754 - INFO -   Class [unpaved] Accuracy: 93.87% (153/163)
2025-04-08 02:10:56,757 - INFO - 
Confusion Matrix:
[[563  22   4   0   8]
 [ 16 136   0   0   4]
 [  0   5 309  11   1]
 [  0   0   8 210   0]
 [  5   3   0   2 153]]
2025-04-08 02:10:56,769 - INFO - 
Classification Report:
               precision    recall  f1-score   support

      asphalt       0.96      0.94      0.95       597
     concrete       0.82      0.87      0.84       156
paving_stones       0.96      0.95      0.96       326
         sett       0.94      0.96      0.95       218
      unpaved       0.92      0.94      0.93       163

     accuracy                           0.94      1460
    macro avg       0.92      0.93      0.93      1460
 weighted avg       0.94      0.94      0.94      1460

2025-04-08 02:22:57,551 - INFO - [Epoch 23] Train Loss: 23.3815, Accuracy: 99.37%
2025-04-08 02:23:35,248 - INFO - Validation Loss: 151.6269, Accuracy: 92.53%
2025-04-08 02:23:35,248 - INFO -   Class [asphalt] Accuracy: 96.98% (579/597)
2025-04-08 02:23:35,248 - INFO -   Class [concrete] Accuracy: 72.44% (113/156)
2025-04-08 02:23:35,248 - INFO -   Class [paving_stones] Accuracy: 92.33% (301/326)
2025-04-08 02:23:35,248 - INFO -   Class [sett] Accuracy: 97.25% (212/218)
2025-04-08 02:23:35,248 - INFO -   Class [unpaved] Accuracy: 89.57% (146/163)
2025-04-08 02:23:35,251 - INFO - 
Confusion Matrix:
[[579  10   4   0   4]
 [ 38 113   1   0   4]
 [  2   6 301  17   0]
 [  0   0   6 212   0]
 [ 10   6   1   0 146]]
2025-04-08 02:23:35,264 - INFO - 
Classification Report:
               precision    recall  f1-score   support

      asphalt       0.92      0.97      0.94       597
     concrete       0.84      0.72      0.78       156
paving_stones       0.96      0.92      0.94       326
         sett       0.93      0.97      0.95       218
      unpaved       0.95      0.90      0.92       163

     accuracy                           0.93      1460
    macro avg       0.92      0.90      0.91      1460
 weighted avg       0.92      0.93      0.92      1460

2025-04-08 02:35:35,871 - INFO - [Epoch 24] Train Loss: 16.9206, Accuracy: 99.55%
2025-04-08 02:36:13,469 - INFO - Validation Loss: 134.3772, Accuracy: 93.22%
2025-04-08 02:36:13,470 - INFO -   Class [asphalt] Accuracy: 96.82% (578/597)
2025-04-08 02:36:13,470 - INFO -   Class [concrete] Accuracy: 73.08% (114/156)
2025-04-08 02:36:13,470 - INFO -   Class [paving_stones] Accuracy: 95.09% (310/326)
2025-04-08 02:36:13,470 - INFO -   Class [sett] Accuracy: 97.25% (212/218)
2025-04-08 02:36:13,470 - INFO -   Class [unpaved] Accuracy: 90.18% (147/163)
2025-04-08 02:36:13,473 - INFO - 
Confusion Matrix:
[[578  10   4   1   4]
 [ 37 114   1   0   4]
 [  1   4 310  11   0]
 [  0   0   6 212   0]
 [ 10   5   1   0 147]]
2025-04-08 02:36:13,485 - INFO - 
Classification Report:
               precision    recall  f1-score   support

      asphalt       0.92      0.97      0.95       597
     concrete       0.86      0.73      0.79       156
paving_stones       0.96      0.95      0.96       326
         sett       0.95      0.97      0.96       218
      unpaved       0.95      0.90      0.92       163

     accuracy                           0.93      1460
    macro avg       0.93      0.90      0.91      1460
 weighted avg       0.93      0.93      0.93      1460

2025-04-08 02:48:14,771 - INFO - [Epoch 25] Train Loss: 12.4248, Accuracy: 99.74%
2025-04-08 02:48:50,992 - INFO - Validation Loss: 113.2532, Accuracy: 93.90%
2025-04-08 02:48:50,992 - INFO -   Class [asphalt] Accuracy: 94.64% (565/597)
2025-04-08 02:48:50,992 - INFO -   Class [concrete] Accuracy: 84.62% (132/156)
2025-04-08 02:48:50,992 - INFO -   Class [paving_stones] Accuracy: 95.09% (310/326)
2025-04-08 02:48:50,992 - INFO -   Class [sett] Accuracy: 98.17% (214/218)
2025-04-08 02:48:50,992 - INFO -   Class [unpaved] Accuracy: 92.02% (150/163)
2025-04-08 02:48:50,995 - INFO - 
Confusion Matrix:
[[565  19   4   4   5]
 [ 20 132   0   0   4]
 [  0   3 310  13   0]
 [  0   0   4 214   0]
 [  8   3   1   1 150]]
2025-04-08 02:48:51,007 - INFO - 
Classification Report:
               precision    recall  f1-score   support

      asphalt       0.95      0.95      0.95       597
     concrete       0.84      0.85      0.84       156
paving_stones       0.97      0.95      0.96       326
         sett       0.92      0.98      0.95       218
      unpaved       0.94      0.92      0.93       163

     accuracy                           0.94      1460
    macro avg       0.93      0.93      0.93      1460
 weighted avg       0.94      0.94      0.94      1460

2025-04-08 03:00:52,728 - INFO - [Epoch 26] Train Loss: 20.1164, Accuracy: 99.69%
2025-04-08 03:01:30,910 - INFO - Validation Loss: 109.3920, Accuracy: 91.85%
2025-04-08 03:01:30,910 - INFO -   Class [asphalt] Accuracy: 89.28% (533/597)
2025-04-08 03:01:30,910 - INFO -   Class [concrete] Accuracy: 89.74% (140/156)
2025-04-08 03:01:30,910 - INFO -   Class [paving_stones] Accuracy: 96.32% (314/326)
2025-04-08 03:01:30,910 - INFO -   Class [sett] Accuracy: 92.66% (202/218)
2025-04-08 03:01:30,910 - INFO -   Class [unpaved] Accuracy: 93.25% (152/163)
2025-04-08 03:01:30,913 - INFO - 
Confusion Matrix:
[[533  42   6   8   8]
 [ 10 140   1   2   3]
 [  0   4 314   8   0]
 [  0   0  16 202   0]
 [  4   5   0   2 152]]
2025-04-08 03:01:30,926 - INFO - 
Classification Report:
               precision    recall  f1-score   support

      asphalt       0.97      0.89      0.93       597
     concrete       0.73      0.90      0.81       156
paving_stones       0.93      0.96      0.95       326
         sett       0.91      0.93      0.92       218
      unpaved       0.93      0.93      0.93       163

     accuracy                           0.92      1460
    macro avg       0.90      0.92      0.91      1460
 weighted avg       0.92      0.92      0.92      1460

2025-04-08 03:13:32,815 - INFO - [Epoch 27] Train Loss: 9.5796, Accuracy: 99.81%
2025-04-08 03:14:09,138 - INFO - Validation Loss: 132.8340, Accuracy: 93.70%
2025-04-08 03:14:09,138 - INFO -   Class [asphalt] Accuracy: 95.64% (571/597)
2025-04-08 03:14:09,138 - INFO -   Class [concrete] Accuracy: 80.77% (126/156)
2025-04-08 03:14:09,138 - INFO -   Class [paving_stones] Accuracy: 95.09% (310/326)
2025-04-08 03:14:09,138 - INFO -   Class [sett] Accuracy: 96.79% (211/218)
2025-04-08 03:14:09,138 - INFO -   Class [unpaved] Accuracy: 92.02% (150/163)
2025-04-08 03:14:09,141 - INFO - 
Confusion Matrix:
[[571  11   2   4   9]
 [ 26 126   0   1   3]
 [  2   5 310   9   0]
 [  0   0   7 211   0]
 [  8   3   1   1 150]]
2025-04-08 03:14:09,153 - INFO - 
Classification Report:
               precision    recall  f1-score   support

      asphalt       0.94      0.96      0.95       597
     concrete       0.87      0.81      0.84       156
paving_stones       0.97      0.95      0.96       326
         sett       0.93      0.97      0.95       218
      unpaved       0.93      0.92      0.92       163

     accuracy                           0.94      1460
    macro avg       0.93      0.92      0.92      1460
 weighted avg       0.94      0.94      0.94      1460

2025-04-08 03:26:11,280 - INFO - [Epoch 28] Train Loss: 5.9861, Accuracy: 99.78%
2025-04-08 03:26:50,378 - INFO - Validation Loss: 148.1267, Accuracy: 92.74%
2025-04-08 03:26:50,378 - INFO -   Class [asphalt] Accuracy: 96.31% (575/597)
2025-04-08 03:26:50,378 - INFO -   Class [concrete] Accuracy: 77.56% (121/156)
2025-04-08 03:26:50,378 - INFO -   Class [paving_stones] Accuracy: 97.24% (317/326)
2025-04-08 03:26:50,378 - INFO -   Class [sett] Accuracy: 89.45% (195/218)
2025-04-08 03:26:50,378 - INFO -   Class [unpaved] Accuracy: 89.57% (146/163)
2025-04-08 03:26:50,381 - INFO - 
Confusion Matrix:
[[575  11   7   1   3]
 [ 30 121   4   0   1]
 [  0   3 317   6   0]
 [  0   0  23 195   0]
 [ 13   2   1   1 146]]
2025-04-08 03:26:50,393 - INFO - 
Classification Report:
               precision    recall  f1-score   support

      asphalt       0.93      0.96      0.95       597
     concrete       0.88      0.78      0.83       156
paving_stones       0.90      0.97      0.94       326
         sett       0.96      0.89      0.93       218
      unpaved       0.97      0.90      0.93       163

     accuracy                           0.93      1460
    macro avg       0.93      0.90      0.91      1460
 weighted avg       0.93      0.93      0.93      1460

2025-04-08 03:38:51,115 - INFO - [Epoch 29] Train Loss: 4.3733, Accuracy: 99.83%
2025-04-08 03:39:27,298 - INFO - Validation Loss: 123.3718, Accuracy: 93.42%
2025-04-08 03:39:27,298 - INFO -   Class [asphalt] Accuracy: 94.47% (564/597)
2025-04-08 03:39:27,298 - INFO -   Class [concrete] Accuracy: 85.26% (133/156)
2025-04-08 03:39:27,298 - INFO -   Class [paving_stones] Accuracy: 95.09% (310/326)
2025-04-08 03:39:27,298 - INFO -   Class [sett] Accuracy: 96.79% (211/218)
2025-04-08 03:39:27,299 - INFO -   Class [unpaved] Accuracy: 89.57% (146/163)
2025-04-08 03:39:27,302 - INFO - 
Confusion Matrix:
[[564  18  10   3   2]
 [ 17 133   5   0   1]
 [  0   4 310  12   0]
 [  0   0   7 211   0]
 [ 12   3   2   0 146]]
2025-04-08 03:39:27,314 - INFO - 
Classification Report:
               precision    recall  f1-score   support

      asphalt       0.95      0.94      0.95       597
     concrete       0.84      0.85      0.85       156
paving_stones       0.93      0.95      0.94       326
         sett       0.93      0.97      0.95       218
      unpaved       0.98      0.90      0.94       163

     accuracy                           0.93      1460
    macro avg       0.93      0.92      0.92      1460
 weighted avg       0.93      0.93      0.93      1460

2025-04-08 03:51:27,849 - INFO - [Epoch 30] Train Loss: 3.4257, Accuracy: 99.91%
2025-04-08 03:52:06,980 - INFO - Validation Loss: 163.7057, Accuracy: 92.88%
2025-04-08 03:52:06,981 - INFO -   Class [asphalt] Accuracy: 97.65% (583/597)
2025-04-08 03:52:06,981 - INFO -   Class [concrete] Accuracy: 67.31% (105/156)
2025-04-08 03:52:06,981 - INFO -   Class [paving_stones] Accuracy: 93.25% (304/326)
2025-04-08 03:52:06,981 - INFO -   Class [sett] Accuracy: 97.71% (213/218)
2025-04-08 03:52:06,981 - INFO -   Class [unpaved] Accuracy: 92.64% (151/163)
2025-04-08 03:52:06,984 - INFO - 
Confusion Matrix:
[[583   5   2   1   6]
 [ 47 105   0   0   4]
 [  4   5 304  13   0]
 [  0   0   5 213   0]
 [ 10   1   1   0 151]]
2025-04-08 03:52:06,996 - INFO - 
Classification Report:
               precision    recall  f1-score   support

      asphalt       0.91      0.98      0.94       597
     concrete       0.91      0.67      0.77       156
paving_stones       0.97      0.93      0.95       326
         sett       0.94      0.98      0.96       218
      unpaved       0.94      0.93      0.93       163

     accuracy                           0.93      1460
    macro avg       0.93      0.90      0.91      1460
 weighted avg       0.93      0.93      0.93      1460

2025-04-08 04:04:07,893 - INFO - [Epoch 31] Train Loss: 5.7701, Accuracy: 99.83%
2025-04-08 04:04:45,615 - INFO - Validation Loss: 126.9619, Accuracy: 93.15%
2025-04-08 04:04:45,616 - INFO -   Class [asphalt] Accuracy: 94.47% (564/597)
2025-04-08 04:04:45,616 - INFO -   Class [concrete] Accuracy: 87.18% (136/156)
2025-04-08 04:04:45,616 - INFO -   Class [paving_stones] Accuracy: 93.87% (306/326)
2025-04-08 04:04:45,616 - INFO -   Class [sett] Accuracy: 95.41% (208/218)
2025-04-08 04:04:45,616 - INFO -   Class [unpaved] Accuracy: 89.57% (146/163)
2025-04-08 04:04:45,619 - INFO - 
Confusion Matrix:
[[564  28   2   2   1]
 [ 19 136   1   0   0]
 [  2   6 306  12   0]
 [  0   1   9 208   0]
 [ 10   5   1   1 146]]
2025-04-08 04:04:45,631 - INFO - 
Classification Report:
               precision    recall  f1-score   support

      asphalt       0.95      0.94      0.95       597
     concrete       0.77      0.87      0.82       156
paving_stones       0.96      0.94      0.95       326
         sett       0.93      0.95      0.94       218
      unpaved       0.99      0.90      0.94       163

     accuracy                           0.93      1460
    macro avg       0.92      0.92      0.92      1460
 weighted avg       0.93      0.93      0.93      1460

2025-04-08 04:16:46,892 - INFO - [Epoch 32] Train Loss: 2.2871, Accuracy: 99.95%
2025-04-08 04:17:24,616 - INFO - Validation Loss: 187.9265, Accuracy: 92.47%
2025-04-08 04:17:24,617 - INFO -   Class [asphalt] Accuracy: 98.32% (587/597)
2025-04-08 04:17:24,617 - INFO -   Class [concrete] Accuracy: 74.36% (116/156)
2025-04-08 04:17:24,617 - INFO -   Class [paving_stones] Accuracy: 98.77% (322/326)
2025-04-08 04:17:24,617 - INFO -   Class [sett] Accuracy: 83.94% (183/218)
2025-04-08 04:17:24,617 - INFO -   Class [unpaved] Accuracy: 87.12% (142/163)
2025-04-08 04:17:24,620 - INFO - 
Confusion Matrix:
[[587   6   3   0   1]
 [ 35 116   4   0   1]
 [  0   1 322   3   0]
 [  0   0  35 183   0]
 [ 16   4   1   0 142]]
2025-04-08 04:17:24,632 - INFO - 
Classification Report:
               precision    recall  f1-score   support

      asphalt       0.92      0.98      0.95       597
     concrete       0.91      0.74      0.82       156
paving_stones       0.88      0.99      0.93       326
         sett       0.98      0.84      0.91       218
      unpaved       0.99      0.87      0.93       163

     accuracy                           0.92      1460
    macro avg       0.94      0.89      0.91      1460
 weighted avg       0.93      0.92      0.92      1460

2025-04-08 04:29:25,387 - INFO - [Epoch 33] Train Loss: 3.8713, Accuracy: 99.90%
2025-04-08 04:30:02,853 - INFO - Validation Loss: 130.9316, Accuracy: 94.25%
2025-04-08 04:30:02,854 - INFO -   Class [asphalt] Accuracy: 96.82% (578/597)
2025-04-08 04:30:02,854 - INFO -   Class [concrete] Accuracy: 80.13% (125/156)
2025-04-08 04:30:02,854 - INFO -   Class [paving_stones] Accuracy: 95.40% (311/326)
2025-04-08 04:30:02,854 - INFO -   Class [sett] Accuracy: 95.41% (208/218)
2025-04-08 04:30:02,854 - INFO -   Class [unpaved] Accuracy: 94.48% (154/163)
2025-04-08 04:30:02,857 - INFO - 
Confusion Matrix:
[[578   7   3   2   7]
 [ 26 125   2   0   3]
 [  0   5 311   9   1]
 [  0   0  10 208   0]
 [  6   3   0   0 154]]
2025-04-08 04:30:02,869 - INFO - 
Classification Report:
               precision    recall  f1-score   support

      asphalt       0.95      0.97      0.96       597
     concrete       0.89      0.80      0.84       156
paving_stones       0.95      0.95      0.95       326
         sett       0.95      0.95      0.95       218
      unpaved       0.93      0.94      0.94       163

     accuracy                           0.94      1460
    macro avg       0.94      0.92      0.93      1460
 weighted avg       0.94      0.94      0.94      1460

2025-04-08 04:42:03,940 - INFO - [Epoch 34] Train Loss: 3.9329, Accuracy: 99.90%
2025-04-08 04:42:40,374 - INFO - Validation Loss: 122.1964, Accuracy: 94.32%
2025-04-08 04:42:40,374 - INFO -   Class [asphalt] Accuracy: 96.82% (578/597)
2025-04-08 04:42:40,374 - INFO -   Class [concrete] Accuracy: 82.05% (128/156)
2025-04-08 04:42:40,374 - INFO -   Class [paving_stones] Accuracy: 96.01% (313/326)
2025-04-08 04:42:40,374 - INFO -   Class [sett] Accuracy: 94.95% (207/218)
2025-04-08 04:42:40,374 - INFO -   Class [unpaved] Accuracy: 92.64% (151/163)
2025-04-08 04:42:40,377 - INFO - 
Confusion Matrix:
[[578   9   4   2   4]
 [ 25 128   0   0   3]
 [  0   4 313   9   0]
 [  0   0  11 207   0]
 [  8   2   1   1 151]]
2025-04-08 04:42:40,389 - INFO - 
Classification Report:
               precision    recall  f1-score   support

      asphalt       0.95      0.97      0.96       597
     concrete       0.90      0.82      0.86       156
paving_stones       0.95      0.96      0.96       326
         sett       0.95      0.95      0.95       218
      unpaved       0.96      0.93      0.94       163

     accuracy                           0.94      1460
    macro avg       0.94      0.92      0.93      1460
 weighted avg       0.94      0.94      0.94      1460

2025-04-08 04:54:41,291 - INFO - [Epoch 35] Train Loss: 1.0725, Accuracy: 99.97%
2025-04-08 04:55:20,594 - INFO - Validation Loss: 131.6635, Accuracy: 94.38%
2025-04-08 04:55:20,594 - INFO -   Class [asphalt] Accuracy: 97.49% (582/597)
2025-04-08 04:55:20,594 - INFO -   Class [concrete] Accuracy: 83.97% (131/156)
2025-04-08 04:55:20,594 - INFO -   Class [paving_stones] Accuracy: 94.79% (309/326)
2025-04-08 04:55:20,594 - INFO -   Class [sett] Accuracy: 94.95% (207/218)
2025-04-08 04:55:20,594 - INFO -   Class [unpaved] Accuracy: 91.41% (149/163)
2025-04-08 04:55:20,597 - INFO - 
Confusion Matrix:
[[582   8   2   1   4]
 [ 22 131   1   0   2]
 [  4   4 309   9   0]
 [  0   0  11 207   0]
 [ 12   2   0   0 149]]
2025-04-08 04:55:20,609 - INFO - 
Classification Report:
               precision    recall  f1-score   support

      asphalt       0.94      0.97      0.96       597
     concrete       0.90      0.84      0.87       156
paving_stones       0.96      0.95      0.95       326
         sett       0.95      0.95      0.95       218
      unpaved       0.96      0.91      0.94       163

     accuracy                           0.94      1460
    macro avg       0.94      0.93      0.93      1460
 weighted avg       0.94      0.94      0.94      1460

2025-04-08 05:07:22,019 - INFO - [Epoch 36] Train Loss: 3.2401, Accuracy: 99.90%
2025-04-08 05:07:59,805 - INFO - Validation Loss: 146.1108, Accuracy: 93.90%
2025-04-08 05:07:59,806 - INFO -   Class [asphalt] Accuracy: 96.65% (577/597)
2025-04-08 05:07:59,806 - INFO -   Class [concrete] Accuracy: 83.33% (130/156)
2025-04-08 05:07:59,806 - INFO -   Class [paving_stones] Accuracy: 94.48% (308/326)
2025-04-08 05:07:59,806 - INFO -   Class [sett] Accuracy: 97.25% (212/218)
2025-04-08 05:07:59,806 - INFO -   Class [unpaved] Accuracy: 88.34% (144/163)
2025-04-08 05:07:59,809 - INFO - 
Confusion Matrix:
[[577  11   3   2   4]
 [ 24 130   1   0   1]
 [  2   4 308  12   0]
 [  0   0   6 212   0]
 [ 12   6   1   0 144]]
2025-04-08 05:07:59,821 - INFO - 
Classification Report:
               precision    recall  f1-score   support

      asphalt       0.94      0.97      0.95       597
     concrete       0.86      0.83      0.85       156
paving_stones       0.97      0.94      0.96       326
         sett       0.94      0.97      0.95       218
      unpaved       0.97      0.88      0.92       163

     accuracy                           0.94      1460
    macro avg       0.93      0.92      0.93      1460
 weighted avg       0.94      0.94      0.94      1460

2025-04-08 05:20:00,990 - INFO - [Epoch 37] Train Loss: 2.4864, Accuracy: 99.91%
2025-04-08 05:20:40,510 - INFO - Validation Loss: 122.3333, Accuracy: 93.90%
2025-04-08 05:20:40,510 - INFO -   Class [asphalt] Accuracy: 96.48% (576/597)
2025-04-08 05:20:40,510 - INFO -   Class [concrete] Accuracy: 82.05% (128/156)
2025-04-08 05:20:40,510 - INFO -   Class [paving_stones] Accuracy: 94.79% (309/326)
2025-04-08 05:20:40,510 - INFO -   Class [sett] Accuracy: 93.58% (204/218)
2025-04-08 05:20:40,510 - INFO -   Class [unpaved] Accuracy: 94.48% (154/163)
2025-04-08 05:20:40,513 - INFO - 
Confusion Matrix:
[[576  11   4   0   6]
 [ 24 128   1   0   3]
 [  3   5 309   9   0]
 [  0   0  13 204   1]
 [  7   2   0   0 154]]
2025-04-08 05:20:40,525 - INFO - 
Classification Report:
               precision    recall  f1-score   support

      asphalt       0.94      0.96      0.95       597
     concrete       0.88      0.82      0.85       156
paving_stones       0.94      0.95      0.95       326
         sett       0.96      0.94      0.95       218
      unpaved       0.94      0.94      0.94       163

     accuracy                           0.94      1460
    macro avg       0.93      0.92      0.93      1460
 weighted avg       0.94      0.94      0.94      1460

2025-04-08 05:32:41,879 - INFO - [Epoch 38] Train Loss: 0.2913, Accuracy: 99.97%
2025-04-08 05:33:19,788 - INFO - Validation Loss: 128.4178, Accuracy: 94.04%
2025-04-08 05:33:19,789 - INFO -   Class [asphalt] Accuracy: 96.31% (575/597)
2025-04-08 05:33:19,789 - INFO -   Class [concrete] Accuracy: 82.69% (129/156)
2025-04-08 05:33:19,789 - INFO -   Class [paving_stones] Accuracy: 96.32% (314/326)
2025-04-08 05:33:19,789 - INFO -   Class [sett] Accuracy: 92.20% (201/218)
2025-04-08 05:33:19,789 - INFO -   Class [unpaved] Accuracy: 94.48% (154/163)
2025-04-08 05:33:19,793 - INFO - 
Confusion Matrix:
[[575  12   5   1   4]
 [ 24 129   1   0   2]
 [  1   4 314   7   0]
 [  0   0  16 201   1]
 [  7   2   0   0 154]]
2025-04-08 05:33:19,807 - INFO - 
Classification Report:
               precision    recall  f1-score   support

      asphalt       0.95      0.96      0.96       597
     concrete       0.88      0.83      0.85       156
paving_stones       0.93      0.96      0.95       326
         sett       0.96      0.92      0.94       218
      unpaved       0.96      0.94      0.95       163

     accuracy                           0.94      1460
    macro avg       0.94      0.92      0.93      1460
 weighted avg       0.94      0.94      0.94      1460

2025-04-08 05:45:20,822 - INFO - [Epoch 39] Train Loss: 1.7929, Accuracy: 99.95%
2025-04-08 05:45:59,025 - INFO - Validation Loss: 121.4840, Accuracy: 93.42%
2025-04-08 05:45:59,025 - INFO -   Class [asphalt] Accuracy: 94.30% (563/597)
2025-04-08 05:45:59,025 - INFO -   Class [concrete] Accuracy: 82.05% (128/156)
2025-04-08 05:45:59,025 - INFO -   Class [paving_stones] Accuracy: 95.09% (310/326)
2025-04-08 05:45:59,025 - INFO -   Class [sett] Accuracy: 93.58% (204/218)
2025-04-08 05:45:59,025 - INFO -   Class [unpaved] Accuracy: 97.55% (159/163)
2025-04-08 05:45:59,029 - INFO - 
Confusion Matrix:
[[563  18   2   2  12]
 [ 20 128   1   0   7]
 [  1   5 310   9   1]
 [  0   0  13 204   1]
 [  3   1   0   0 159]]
2025-04-08 05:45:59,041 - INFO - 
Classification Report:
               precision    recall  f1-score   support

      asphalt       0.96      0.94      0.95       597
     concrete       0.84      0.82      0.83       156
paving_stones       0.95      0.95      0.95       326
         sett       0.95      0.94      0.94       218
      unpaved       0.88      0.98      0.93       163

     accuracy                           0.93      1460
    macro avg       0.92      0.93      0.92      1460
 weighted avg       0.93      0.93      0.93      1460

2025-04-08 05:58:00,314 - INFO - [Epoch 40] Train Loss: 0.0857, Accuracy: 100.00%
2025-04-08 05:58:36,545 - INFO - Validation Loss: 127.7161, Accuracy: 93.90%
2025-04-08 05:58:36,545 - INFO -   Class [asphalt] Accuracy: 96.15% (574/597)
2025-04-08 05:58:36,545 - INFO -   Class [concrete] Accuracy: 82.05% (128/156)
2025-04-08 05:58:36,545 - INFO -   Class [paving_stones] Accuracy: 95.71% (312/326)
2025-04-08 05:58:36,545 - INFO -   Class [sett] Accuracy: 94.04% (205/218)
2025-04-08 05:58:36,545 - INFO -   Class [unpaved] Accuracy: 93.25% (152/163)
2025-04-08 05:58:36,548 - INFO - 
Confusion Matrix:
[[574  14   4   2   3]
 [ 24 128   1   0   3]
 [  1   4 312   9   0]
 [  0   0  13 205   0]
 [  9   2   0   0 152]]
2025-04-08 05:58:36,560 - INFO - 
Classification Report:
               precision    recall  f1-score   support

      asphalt       0.94      0.96      0.95       597
     concrete       0.86      0.82      0.84       156
paving_stones       0.95      0.96      0.95       326
         sett       0.95      0.94      0.94       218
      unpaved       0.96      0.93      0.95       163

     accuracy                           0.94      1460
    macro avg       0.93      0.92      0.93      1460
 weighted avg       0.94      0.94      0.94      1460

2025-04-08 06:10:38,391 - INFO - [Epoch 41] Train Loss: 0.2901, Accuracy: 99.98%
2025-04-08 06:11:15,305 - INFO - Validation Loss: 146.2980, Accuracy: 94.45%
2025-04-08 06:11:15,306 - INFO -   Class [asphalt] Accuracy: 97.49% (582/597)
2025-04-08 06:11:15,306 - INFO -   Class [concrete] Accuracy: 82.69% (129/156)
2025-04-08 06:11:15,306 - INFO -   Class [paving_stones] Accuracy: 96.93% (316/326)
2025-04-08 06:11:15,306 - INFO -   Class [sett] Accuracy: 92.66% (202/218)
2025-04-08 06:11:15,306 - INFO -   Class [unpaved] Accuracy: 92.02% (150/163)
2025-04-08 06:11:15,309 - INFO - 
Confusion Matrix:
[[582   9   3   2   1]
 [ 25 129   1   0   1]
 [  1   4 316   5   0]
 [  0   0  15 202   1]
 [  9   2   2   0 150]]
2025-04-08 06:11:15,321 - INFO - 
Classification Report:
               precision    recall  f1-score   support

      asphalt       0.94      0.97      0.96       597
     concrete       0.90      0.83      0.86       156
paving_stones       0.94      0.97      0.95       326
         sett       0.97      0.93      0.95       218
      unpaved       0.98      0.92      0.95       163

     accuracy                           0.94      1460
    macro avg       0.94      0.92      0.93      1460
 weighted avg       0.94      0.94      0.94      1460

2025-04-08 06:23:16,659 - INFO - [Epoch 42] Train Loss: 0.0376, Accuracy: 100.00%
2025-04-08 06:23:54,220 - INFO - Validation Loss: 129.1874, Accuracy: 94.18%
2025-04-08 06:23:54,220 - INFO -   Class [asphalt] Accuracy: 96.31% (575/597)
2025-04-08 06:23:54,220 - INFO -   Class [concrete] Accuracy: 83.33% (130/156)
2025-04-08 06:23:54,220 - INFO -   Class [paving_stones] Accuracy: 96.01% (313/326)
2025-04-08 06:23:54,220 - INFO -   Class [sett] Accuracy: 95.41% (208/218)
2025-04-08 06:23:54,220 - INFO -   Class [unpaved] Accuracy: 91.41% (149/163)
2025-04-08 06:23:54,223 - INFO - 
Confusion Matrix:
[[575  13   3   2   4]
 [ 22 130   1   0   3]
 [  2   4 313   7   0]
 [  0   0  10 208   0]
 [ 10   2   2   0 149]]
2025-04-08 06:23:54,235 - INFO - 
Classification Report:
               precision    recall  f1-score   support

      asphalt       0.94      0.96      0.95       597
     concrete       0.87      0.83      0.85       156
paving_stones       0.95      0.96      0.96       326
         sett       0.96      0.95      0.96       218
      unpaved       0.96      0.91      0.93       163

     accuracy                           0.94      1460
    macro avg       0.94      0.92      0.93      1460
 weighted avg       0.94      0.94      0.94      1460

2025-04-08 06:35:55,042 - INFO - [Epoch 43] Train Loss: 0.0040, Accuracy: 100.00%
2025-04-08 06:36:32,647 - INFO - Validation Loss: 116.0112, Accuracy: 94.32%
2025-04-08 06:36:32,647 - INFO -   Class [asphalt] Accuracy: 94.30% (563/597)
2025-04-08 06:36:32,647 - INFO -   Class [concrete] Accuracy: 88.46% (138/156)
2025-04-08 06:36:32,647 - INFO -   Class [paving_stones] Accuracy: 96.01% (313/326)
2025-04-08 06:36:32,647 - INFO -   Class [sett] Accuracy: 95.41% (208/218)
2025-04-08 06:36:32,647 - INFO -   Class [unpaved] Accuracy: 95.09% (155/163)
2025-04-08 06:36:32,650 - INFO - 
Confusion Matrix:
[[563  22   3   2   7]
 [ 15 138   1   0   2]
 [  1   4 313   8   0]
 [  0   0   9 208   1]
 [  6   2   0   0 155]]
2025-04-08 06:36:32,662 - INFO - 
Classification Report:
               precision    recall  f1-score   support

      asphalt       0.96      0.94      0.95       597
     concrete       0.83      0.88      0.86       156
paving_stones       0.96      0.96      0.96       326
         sett       0.95      0.95      0.95       218
      unpaved       0.94      0.95      0.95       163

     accuracy                           0.94      1460
    macro avg       0.93      0.94      0.93      1460
 weighted avg       0.94      0.94      0.94      1460

2025-04-08 06:48:35,501 - INFO - [Epoch 44] Train Loss: 0.4034, Accuracy: 99.97%
2025-04-08 06:49:12,996 - INFO - Validation Loss: 122.4525, Accuracy: 94.38%
2025-04-08 06:49:12,997 - INFO -   Class [asphalt] Accuracy: 95.31% (569/597)
2025-04-08 06:49:12,997 - INFO -   Class [concrete] Accuracy: 85.90% (134/156)
2025-04-08 06:49:12,997 - INFO -   Class [paving_stones] Accuracy: 96.93% (316/326)
2025-04-08 06:49:12,997 - INFO -   Class [sett] Accuracy: 94.04% (205/218)
2025-04-08 06:49:12,997 - INFO -   Class [unpaved] Accuracy: 94.48% (154/163)
2025-04-08 06:49:12,999 - INFO - 
Confusion Matrix:
[[569  17   3   1   7]
 [ 19 134   1   0   2]
 [  0   4 316   6   0]
 [  0   0  12 205   1]
 [  7   2   0   0 154]]
2025-04-08 06:49:13,011 - INFO - 
Classification Report:
               precision    recall  f1-score   support

      asphalt       0.96      0.95      0.95       597
     concrete       0.85      0.86      0.86       156
paving_stones       0.95      0.97      0.96       326
         sett       0.97      0.94      0.95       218
      unpaved       0.94      0.94      0.94       163

     accuracy                           0.94      1460
    macro avg       0.93      0.93      0.93      1460
 weighted avg       0.94      0.94      0.94      1460

2025-04-08 07:01:14,773 - INFO - [Epoch 45] Train Loss: 0.0183, Accuracy: 100.00%
2025-04-08 07:01:52,748 - INFO - Validation Loss: 134.9980, Accuracy: 94.79%
2025-04-08 07:01:52,749 - INFO -   Class [asphalt] Accuracy: 97.65% (583/597)
2025-04-08 07:01:52,749 - INFO -   Class [concrete] Accuracy: 82.69% (129/156)
2025-04-08 07:01:52,749 - INFO -   Class [paving_stones] Accuracy: 97.24% (317/326)
2025-04-08 07:01:52,749 - INFO -   Class [sett] Accuracy: 94.50% (206/218)
2025-04-08 07:01:52,749 - INFO -   Class [unpaved] Accuracy: 91.41% (149/163)
2025-04-08 07:01:52,752 - INFO - 
Confusion Matrix:
[[583  10   2   1   1]
 [ 25 129   1   0   1]
 [  0   4 317   5   0]
 [  0   0  12 206   0]
 [ 11   2   1   0 149]]
2025-04-08 07:01:52,764 - INFO - 
Classification Report:
               precision    recall  f1-score   support

      asphalt       0.94      0.98      0.96       597
     concrete       0.89      0.83      0.86       156
paving_stones       0.95      0.97      0.96       326
         sett       0.97      0.94      0.96       218
      unpaved       0.99      0.91      0.95       163

     accuracy                           0.95      1460
    macro avg       0.95      0.93      0.94      1460
 weighted avg       0.95      0.95      0.95      1460

2025-04-08 07:01:55,030 - INFO - New best model saved with accuracy: 94.79%
2025-04-08 07:13:56,771 - INFO - [Epoch 46] Train Loss: 0.0839, Accuracy: 100.00%
2025-04-08 07:14:34,449 - INFO - Validation Loss: 126.7513, Accuracy: 94.52%
2025-04-08 07:14:34,449 - INFO -   Class [asphalt] Accuracy: 96.31% (575/597)
2025-04-08 07:14:34,449 - INFO -   Class [concrete] Accuracy: 84.62% (132/156)
2025-04-08 07:14:34,450 - INFO -   Class [paving_stones] Accuracy: 97.24% (317/326)
2025-04-08 07:14:34,450 - INFO -   Class [sett] Accuracy: 94.50% (206/218)
2025-04-08 07:14:34,450 - INFO -   Class [unpaved] Accuracy: 92.02% (150/163)
2025-04-08 07:14:34,453 - INFO - 
Confusion Matrix:
[[575  14   3   2   3]
 [ 22 132   1   0   1]
 [  0   4 317   5   0]
 [  0   0  12 206   0]
 [  9   3   1   0 150]]
2025-04-08 07:14:34,465 - INFO - 
Classification Report:
               precision    recall  f1-score   support

      asphalt       0.95      0.96      0.96       597
     concrete       0.86      0.85      0.85       156
paving_stones       0.95      0.97      0.96       326
         sett       0.97      0.94      0.96       218
      unpaved       0.97      0.92      0.95       163

     accuracy                           0.95      1460
    macro avg       0.94      0.93      0.93      1460
 weighted avg       0.95      0.95      0.95      1460

2025-04-08 07:26:35,751 - INFO - [Epoch 47] Train Loss: 0.6063, Accuracy: 99.98%
2025-04-08 07:27:13,356 - INFO - Validation Loss: 121.7597, Accuracy: 94.59%
2025-04-08 07:27:13,357 - INFO -   Class [asphalt] Accuracy: 96.15% (574/597)
2025-04-08 07:27:13,357 - INFO -   Class [concrete] Accuracy: 85.90% (134/156)
2025-04-08 07:27:13,357 - INFO -   Class [paving_stones] Accuracy: 95.40% (311/326)
2025-04-08 07:27:13,357 - INFO -   Class [sett] Accuracy: 97.25% (212/218)
2025-04-08 07:27:13,357 - INFO -   Class [unpaved] Accuracy: 92.02% (150/163)
2025-04-08 07:27:13,360 - INFO - 
Confusion Matrix:
[[574  16   2   2   3]
 [ 19 134   1   0   2]
 [  0   4 311  11   0]
 [  0   0   6 212   0]
 [  9   3   1   0 150]]
2025-04-08 07:27:13,372 - INFO - 
Classification Report:
               precision    recall  f1-score   support

      asphalt       0.95      0.96      0.96       597
     concrete       0.85      0.86      0.86       156
paving_stones       0.97      0.95      0.96       326
         sett       0.94      0.97      0.96       218
      unpaved       0.97      0.92      0.94       163

     accuracy                           0.95      1460
    macro avg       0.94      0.93      0.94      1460
 weighted avg       0.95      0.95      0.95      1460

2025-04-08 07:39:15,127 - INFO - [Epoch 48] Train Loss: 0.3482, Accuracy: 99.98%
2025-04-08 07:39:52,840 - INFO - Validation Loss: 120.2387, Accuracy: 94.45%
2025-04-08 07:39:52,840 - INFO -   Class [asphalt] Accuracy: 95.64% (571/597)
2025-04-08 07:39:52,840 - INFO -   Class [concrete] Accuracy: 86.54% (135/156)
2025-04-08 07:39:52,840 - INFO -   Class [paving_stones] Accuracy: 95.40% (311/326)
2025-04-08 07:39:52,840 - INFO -   Class [sett] Accuracy: 97.25% (212/218)
2025-04-08 07:39:52,840 - INFO -   Class [unpaved] Accuracy: 92.02% (150/163)
2025-04-08 07:39:52,844 - INFO - 
Confusion Matrix:
[[571  19   2   2   3]
 [ 18 135   1   0   2]
 [  0   4 311  11   0]
 [  0   0   6 212   0]
 [  9   3   1   0 150]]
2025-04-08 07:39:52,856 - INFO - 
Classification Report:
               precision    recall  f1-score   support

      asphalt       0.95      0.96      0.96       597
     concrete       0.84      0.87      0.85       156
paving_stones       0.97      0.95      0.96       326
         sett       0.94      0.97      0.96       218
      unpaved       0.97      0.92      0.94       163

     accuracy                           0.94      1460
    macro avg       0.93      0.93      0.93      1460
 weighted avg       0.95      0.94      0.94      1460

2025-04-08 07:51:54,562 - INFO - [Epoch 49] Train Loss: 0.0003, Accuracy: 100.00%
2025-04-08 07:52:32,526 - INFO - Validation Loss: 120.2499, Accuracy: 94.45%
2025-04-08 07:52:32,526 - INFO -   Class [asphalt] Accuracy: 95.64% (571/597)
2025-04-08 07:52:32,526 - INFO -   Class [concrete] Accuracy: 86.54% (135/156)
2025-04-08 07:52:32,526 - INFO -   Class [paving_stones] Accuracy: 95.40% (311/326)
2025-04-08 07:52:32,526 - INFO -   Class [sett] Accuracy: 97.25% (212/218)
2025-04-08 07:52:32,526 - INFO -   Class [unpaved] Accuracy: 92.02% (150/163)
2025-04-08 07:52:32,529 - INFO - 
Confusion Matrix:
[[571  19   2   2   3]
 [ 18 135   1   0   2]
 [  0   4 311  11   0]
 [  0   0   6 212   0]
 [  9   3   1   0 150]]
2025-04-08 07:52:32,541 - INFO - 
Classification Report:
               precision    recall  f1-score   support

      asphalt       0.95      0.96      0.96       597
     concrete       0.84      0.87      0.85       156
paving_stones       0.97      0.95      0.96       326
         sett       0.94      0.97      0.96       218
      unpaved       0.97      0.92      0.94       163

     accuracy                           0.94      1460
    macro avg       0.93      0.93      0.93      1460
 weighted avg       0.95      0.94      0.94      1460

2025-04-08 08:04:33,504 - INFO - [Epoch 50] Train Loss: 0.1524, Accuracy: 99.98%
2025-04-08 08:05:12,854 - INFO - Validation Loss: 122.5284, Accuracy: 94.73%
2025-04-08 08:05:12,854 - INFO -   Class [asphalt] Accuracy: 96.31% (575/597)
2025-04-08 08:05:12,854 - INFO -   Class [concrete] Accuracy: 86.54% (135/156)
2025-04-08 08:05:12,854 - INFO -   Class [paving_stones] Accuracy: 95.40% (311/326)
2025-04-08 08:05:12,854 - INFO -   Class [sett] Accuracy: 97.25% (212/218)
2025-04-08 08:05:12,854 - INFO -   Class [unpaved] Accuracy: 92.02% (150/163)
2025-04-08 08:05:12,857 - INFO - 
Confusion Matrix:
[[575  15   2   2   3]
 [ 19 135   1   0   1]
 [  0   4 311  11   0]
 [  0   0   6 212   0]
 [  9   3   1   0 150]]
2025-04-08 08:05:12,869 - INFO - 
Classification Report:
               precision    recall  f1-score   support

      asphalt       0.95      0.96      0.96       597
     concrete       0.86      0.87      0.86       156
paving_stones       0.97      0.95      0.96       326
         sett       0.94      0.97      0.96       218
      unpaved       0.97      0.92      0.95       163

     accuracy                           0.95      1460
    macro avg       0.94      0.94      0.94      1460
 weighted avg       0.95      0.95      0.95      1460

2025-04-08 08:06:01,052 - INFO - Test Loss: 140.9006, Accuracy: 95.18%
2025-04-08 08:06:01,052 - INFO -   Class [asphalt] Accuracy: 96.52% (721/747)
2025-04-08 08:06:01,052 - INFO -   Class [concrete] Accuracy: 84.54% (164/194)
2025-04-08 08:06:01,052 - INFO -   Class [paving_stones] Accuracy: 96.81% (395/408)
2025-04-08 08:06:01,052 - INFO -   Class [sett] Accuracy: 98.53% (269/273)
2025-04-08 08:06:01,052 - INFO -   Class [unpaved] Accuracy: 92.61% (188/203)
2025-04-08 08:06:01,055 - INFO - 
Confusion Matrix (Test):
[[721  17   2   2   5]
 [ 27 164   1   0   2]
 [  0   3 395  10   0]
 [  1   0   3 269   0]
 [ 13   2   0   0 188]]
2025-04-08 08:06:01,068 - INFO - 
Classification Report (Test):
               precision    recall  f1-score   support

      asphalt       0.95      0.97      0.96       747
     concrete       0.88      0.85      0.86       194
paving_stones       0.99      0.97      0.98       408
         sett       0.96      0.99      0.97       273
      unpaved       0.96      0.93      0.94       203

     accuracy                           0.95      1825
    macro avg       0.95      0.94      0.94      1825
 weighted avg       0.95      0.95      0.95      1825

