2025-04-07 21:30:28,601 - INFO - Train Set Class Distribution:
surface_type
asphalt          2390
paving_stones    1303
sett              872
unpaved           650
concrete          622
Name: count, dtype: int64
2025-04-07 21:30:28,601 - INFO - Validation Set Class Distribution:
surface_type
asphalt          597
paving_stones    326
sett             218
unpaved          163
concrete         156
Name: count, dtype: int64
2025-04-07 21:30:28,602 - INFO - Test Set Class Distribution:
surface_type
asphalt          747
paving_stones    408
sett             273
unpaved          203
concrete         194
Name: count, dtype: int64
2025-04-07 21:33:25,793 - INFO - [Epoch 1] Train Loss: 99.2928, Accuracy: 81.60%
2025-04-07 21:33:58,334 - INFO - Validation Loss: 12.7640, Accuracy: 88.08%
2025-04-07 21:33:58,334 - INFO -   Class [asphalt] Accuracy: 83.25% (497/597)
2025-04-07 21:33:58,334 - INFO -   Class [concrete] Accuracy: 84.62% (132/156)
2025-04-07 21:33:58,334 - INFO -   Class [paving_stones] Accuracy: 91.10% (297/326)
2025-04-07 21:33:58,334 - INFO -   Class [sett] Accuracy: 95.87% (209/218)
2025-04-07 21:33:58,334 - INFO -   Class [unpaved] Accuracy: 92.64% (151/163)
2025-04-07 21:33:58,338 - INFO - 
Confusion Matrix:
[[497  81   6   1  12]
 [ 15 132   0   0   9]
 [  2   6 297  19   2]
 [  0   3   6 209   0]
 [  9   3   0   0 151]]
2025-04-07 21:33:58,350 - INFO - 
Classification Report:
               precision    recall  f1-score   support

      asphalt       0.95      0.83      0.89       597
     concrete       0.59      0.85      0.69       156
paving_stones       0.96      0.91      0.94       326
         sett       0.91      0.96      0.94       218
      unpaved       0.87      0.93      0.90       163

     accuracy                           0.88      1460
    macro avg       0.86      0.89      0.87      1460
 weighted avg       0.90      0.88      0.89      1460

2025-04-07 21:33:59,433 - INFO - New best model saved with accuracy: 88.08%
2025-04-07 21:37:06,798 - INFO - [Epoch 2] Train Loss: 37.2891, Accuracy: 92.43%
2025-04-07 21:37:41,935 - INFO - Validation Loss: 12.0980, Accuracy: 90.68%
2025-04-07 21:37:41,935 - INFO -   Class [asphalt] Accuracy: 89.78% (536/597)
2025-04-07 21:37:41,935 - INFO -   Class [concrete] Accuracy: 86.54% (135/156)
2025-04-07 21:37:41,935 - INFO -   Class [paving_stones] Accuracy: 93.56% (305/326)
2025-04-07 21:37:41,935 - INFO -   Class [sett] Accuracy: 93.58% (204/218)
2025-04-07 21:37:41,935 - INFO -   Class [unpaved] Accuracy: 88.34% (144/163)
2025-04-07 21:37:41,938 - INFO - 
Confusion Matrix:
[[536  46   8   1   6]
 [ 17 135   1   0   3]
 [  2  10 305   9   0]
 [  3   1  10 204   0]
 [  7  10   2   0 144]]
2025-04-07 21:37:41,950 - INFO - 
Classification Report:
               precision    recall  f1-score   support

      asphalt       0.95      0.90      0.92       597
     concrete       0.67      0.87      0.75       156
paving_stones       0.94      0.94      0.94       326
         sett       0.95      0.94      0.94       218
      unpaved       0.94      0.88      0.91       163

     accuracy                           0.91      1460
    macro avg       0.89      0.90      0.89      1460
 weighted avg       0.92      0.91      0.91      1460

2025-04-07 21:37:43,035 - INFO - New best model saved with accuracy: 90.68%
2025-04-07 21:40:47,783 - INFO - [Epoch 3] Train Loss: 25.2315, Accuracy: 94.77%
2025-04-07 21:41:24,305 - INFO - Validation Loss: 13.4815, Accuracy: 92.05%
2025-04-07 21:41:24,305 - INFO -   Class [asphalt] Accuracy: 90.79% (542/597)
2025-04-07 21:41:24,305 - INFO -   Class [concrete] Accuracy: 82.05% (128/156)
2025-04-07 21:41:24,305 - INFO -   Class [paving_stones] Accuracy: 96.63% (315/326)
2025-04-07 21:41:24,305 - INFO -   Class [sett] Accuracy: 90.37% (197/218)
2025-04-07 21:41:24,305 - INFO -   Class [unpaved] Accuracy: 99.39% (162/163)
2025-04-07 21:41:24,309 - INFO - 
Confusion Matrix:
[[542  23   4   1  27]
 [ 15 128   0   0  13]
 [  2   4 315   3   2]
 [  0   1  19 197   1]
 [  1   0   0   0 162]]
2025-04-07 21:41:24,323 - INFO - 
Classification Report:
               precision    recall  f1-score   support

      asphalt       0.97      0.91      0.94       597
     concrete       0.82      0.82      0.82       156
paving_stones       0.93      0.97      0.95       326
         sett       0.98      0.90      0.94       218
      unpaved       0.79      0.99      0.88       163

     accuracy                           0.92      1460
    macro avg       0.90      0.92      0.91      1460
 weighted avg       0.93      0.92      0.92      1460

2025-04-07 21:41:25,449 - INFO - New best model saved with accuracy: 92.05%
2025-04-07 21:44:25,871 - INFO - [Epoch 4] Train Loss: 16.4141, Accuracy: 97.02%
2025-04-07 21:45:02,831 - INFO - Validation Loss: 14.7902, Accuracy: 92.60%
2025-04-07 21:45:02,831 - INFO -   Class [asphalt] Accuracy: 93.80% (560/597)
2025-04-07 21:45:02,831 - INFO -   Class [concrete] Accuracy: 76.92% (120/156)
2025-04-07 21:45:02,831 - INFO -   Class [paving_stones] Accuracy: 93.87% (306/326)
2025-04-07 21:45:02,831 - INFO -   Class [sett] Accuracy: 95.87% (209/218)
2025-04-07 21:45:02,831 - INFO -   Class [unpaved] Accuracy: 96.32% (157/163)
2025-04-07 21:45:02,834 - INFO - 
Confusion Matrix:
[[560  16   4   2  15]
 [ 23 120   0   0  13]
 [  2   6 306  11   1]
 [  1   0   7 209   1]
 [  5   1   0   0 157]]
2025-04-07 21:45:02,847 - INFO - 
Classification Report:
               precision    recall  f1-score   support

      asphalt       0.95      0.94      0.94       597
     concrete       0.84      0.77      0.80       156
paving_stones       0.97      0.94      0.95       326
         sett       0.94      0.96      0.95       218
      unpaved       0.84      0.96      0.90       163

     accuracy                           0.93      1460
    macro avg       0.91      0.91      0.91      1460
 weighted avg       0.93      0.93      0.93      1460

2025-04-07 21:45:04,004 - INFO - New best model saved with accuracy: 92.60%
2025-04-07 21:48:08,845 - INFO - [Epoch 5] Train Loss: 12.2609, Accuracy: 97.67%
2025-04-07 21:48:48,249 - INFO - Validation Loss: 16.6596, Accuracy: 92.81%
2025-04-07 21:48:48,249 - INFO -   Class [asphalt] Accuracy: 96.65% (577/597)
2025-04-07 21:48:48,249 - INFO -   Class [concrete] Accuracy: 76.92% (120/156)
2025-04-07 21:48:48,249 - INFO -   Class [paving_stones] Accuracy: 93.56% (305/326)
2025-04-07 21:48:48,249 - INFO -   Class [sett] Accuracy: 93.58% (204/218)
2025-04-07 21:48:48,249 - INFO -   Class [unpaved] Accuracy: 91.41% (149/163)
2025-04-07 21:48:48,252 - INFO - 
Confusion Matrix:
[[577  15   0   1   4]
 [ 28 120   0   0   8]
 [  7   4 305   9   1]
 [  1   0  12 204   1]
 [ 14   0   0   0 149]]
2025-04-07 21:48:48,264 - INFO - 
Classification Report:
               precision    recall  f1-score   support

      asphalt       0.92      0.97      0.94       597
     concrete       0.86      0.77      0.81       156
paving_stones       0.96      0.94      0.95       326
         sett       0.95      0.94      0.94       218
      unpaved       0.91      0.91      0.91       163

     accuracy                           0.93      1460
    macro avg       0.92      0.90      0.91      1460
 weighted avg       0.93      0.93      0.93      1460

2025-04-07 21:48:49,340 - INFO - New best model saved with accuracy: 92.81%
2025-04-07 21:51:54,691 - INFO - [Epoch 6] Train Loss: 7.2961, Accuracy: 98.63%
2025-04-07 21:52:31,571 - INFO - Validation Loss: 15.7740, Accuracy: 93.01%
2025-04-07 21:52:31,571 - INFO -   Class [asphalt] Accuracy: 94.14% (562/597)
2025-04-07 21:52:31,571 - INFO -   Class [concrete] Accuracy: 82.69% (129/156)
2025-04-07 21:52:31,571 - INFO -   Class [paving_stones] Accuracy: 96.93% (316/326)
2025-04-07 21:52:31,571 - INFO -   Class [sett] Accuracy: 91.28% (199/218)
2025-04-07 21:52:31,571 - INFO -   Class [unpaved] Accuracy: 93.25% (152/163)
2025-04-07 21:52:31,574 - INFO - 
Confusion Matrix:
[[562  23   6   2   4]
 [ 19 129   0   0   8]
 [  1   2 316   5   2]
 [  3   0  16 199   0]
 [ 10   1   0   0 152]]
2025-04-07 21:52:31,586 - INFO - 
Classification Report:
               precision    recall  f1-score   support

      asphalt       0.94      0.94      0.94       597
     concrete       0.83      0.83      0.83       156
paving_stones       0.93      0.97      0.95       326
         sett       0.97      0.91      0.94       218
      unpaved       0.92      0.93      0.92       163

     accuracy                           0.93      1460
    macro avg       0.92      0.92      0.92      1460
 weighted avg       0.93      0.93      0.93      1460

2025-04-07 21:52:32,635 - INFO - New best model saved with accuracy: 93.01%
2025-04-07 21:55:34,966 - INFO - [Epoch 7] Train Loss: 6.5833, Accuracy: 98.61%
2025-04-07 21:56:10,078 - INFO - Validation Loss: 14.8233, Accuracy: 93.29%
2025-04-07 21:56:10,078 - INFO -   Class [asphalt] Accuracy: 94.64% (565/597)
2025-04-07 21:56:10,078 - INFO -   Class [concrete] Accuracy: 83.33% (130/156)
2025-04-07 21:56:10,078 - INFO -   Class [paving_stones] Accuracy: 94.79% (309/326)
2025-04-07 21:56:10,078 - INFO -   Class [sett] Accuracy: 94.95% (207/218)
2025-04-07 21:56:10,078 - INFO -   Class [unpaved] Accuracy: 92.64% (151/163)
2025-04-07 21:56:10,081 - INFO - 
Confusion Matrix:
[[565  23   4   2   3]
 [ 22 130   0   0   4]
 [  2   2 309  13   0]
 [  1   0   8 207   2]
 [ 11   1   0   0 151]]
2025-04-07 21:56:10,093 - INFO - 
Classification Report:
               precision    recall  f1-score   support

      asphalt       0.94      0.95      0.94       597
     concrete       0.83      0.83      0.83       156
paving_stones       0.96      0.95      0.96       326
         sett       0.93      0.95      0.94       218
      unpaved       0.94      0.93      0.93       163

     accuracy                           0.93      1460
    macro avg       0.92      0.92      0.92      1460
 weighted avg       0.93      0.93      0.93      1460

2025-04-07 21:56:12,309 - INFO - New best model saved with accuracy: 93.29%
2025-04-07 21:59:09,419 - INFO - [Epoch 8] Train Loss: 5.6557, Accuracy: 98.85%
2025-04-07 21:59:48,060 - INFO - Validation Loss: 15.2607, Accuracy: 93.42%
2025-04-07 21:59:48,060 - INFO -   Class [asphalt] Accuracy: 93.47% (558/597)
2025-04-07 21:59:48,061 - INFO -   Class [concrete] Accuracy: 85.90% (134/156)
2025-04-07 21:59:48,061 - INFO -   Class [paving_stones] Accuracy: 92.02% (300/326)
2025-04-07 21:59:48,061 - INFO -   Class [sett] Accuracy: 97.71% (213/218)
2025-04-07 21:59:48,061 - INFO -   Class [unpaved] Accuracy: 97.55% (159/163)
2025-04-07 21:59:48,064 - INFO - 
Confusion Matrix:
[[558  18   2   2  17]
 [ 16 134   0   0   6]
 [  2   4 300  20   0]
 [  2   0   3 213   0]
 [  3   1   0   0 159]]
2025-04-07 21:59:48,078 - INFO - 
Classification Report:
               precision    recall  f1-score   support

      asphalt       0.96      0.93      0.95       597
     concrete       0.85      0.86      0.86       156
paving_stones       0.98      0.92      0.95       326
         sett       0.91      0.98      0.94       218
      unpaved       0.87      0.98      0.92       163

     accuracy                           0.93      1460
    macro avg       0.92      0.93      0.92      1460
 weighted avg       0.94      0.93      0.93      1460

2025-04-07 21:59:49,154 - INFO - New best model saved with accuracy: 93.42%
2025-04-07 22:02:46,774 - INFO - [Epoch 9] Train Loss: 6.4065, Accuracy: 98.99%
2025-04-07 22:03:19,209 - INFO - Validation Loss: 18.2900, Accuracy: 94.04%
2025-04-07 22:03:19,210 - INFO -   Class [asphalt] Accuracy: 97.49% (582/597)
2025-04-07 22:03:19,210 - INFO -   Class [concrete] Accuracy: 78.21% (122/156)
2025-04-07 22:03:19,210 - INFO -   Class [paving_stones] Accuracy: 95.09% (310/326)
2025-04-07 22:03:19,210 - INFO -   Class [sett] Accuracy: 93.58% (204/218)
2025-04-07 22:03:19,210 - INFO -   Class [unpaved] Accuracy: 95.09% (155/163)
2025-04-07 22:03:19,213 - INFO - 
Confusion Matrix:
[[582   8   3   1   3]
 [ 24 122   0   0  10]
 [  2   4 310   9   1]
 [  1   1  12 204   0]
 [  8   0   0   0 155]]
2025-04-07 22:03:19,225 - INFO - 
Classification Report:
               precision    recall  f1-score   support

      asphalt       0.94      0.97      0.96       597
     concrete       0.90      0.78      0.84       156
paving_stones       0.95      0.95      0.95       326
         sett       0.95      0.94      0.94       218
      unpaved       0.92      0.95      0.93       163

     accuracy                           0.94      1460
    macro avg       0.93      0.92      0.93      1460
 weighted avg       0.94      0.94      0.94      1460

2025-04-07 22:03:20,315 - INFO - New best model saved with accuracy: 94.04%
2025-04-07 22:06:23,830 - INFO - [Epoch 10] Train Loss: 2.9716, Accuracy: 99.47%
2025-04-07 22:07:02,628 - INFO - Validation Loss: 14.6790, Accuracy: 93.42%
2025-04-07 22:07:02,628 - INFO -   Class [asphalt] Accuracy: 93.13% (556/597)
2025-04-07 22:07:02,628 - INFO -   Class [concrete] Accuracy: 87.18% (136/156)
2025-04-07 22:07:02,628 - INFO -   Class [paving_stones] Accuracy: 95.71% (312/326)
2025-04-07 22:07:02,628 - INFO -   Class [sett] Accuracy: 94.04% (205/218)
2025-04-07 22:07:02,628 - INFO -   Class [unpaved] Accuracy: 95.09% (155/163)
2025-04-07 22:07:02,632 - INFO - 
Confusion Matrix:
[[556  29   5   1   6]
 [ 14 136   0   0   6]
 [  2   5 312   7   0]
 [  0   2  11 205   0]
 [  6   2   0   0 155]]
2025-04-07 22:07:02,646 - INFO - 
Classification Report:
               precision    recall  f1-score   support

      asphalt       0.96      0.93      0.95       597
     concrete       0.78      0.87      0.82       156
paving_stones       0.95      0.96      0.95       326
         sett       0.96      0.94      0.95       218
      unpaved       0.93      0.95      0.94       163

     accuracy                           0.93      1460
    macro avg       0.92      0.93      0.92      1460
 weighted avg       0.94      0.93      0.94      1460

2025-04-07 22:09:53,108 - INFO - [Epoch 11] Train Loss: 3.5199, Accuracy: 99.38%
2025-04-07 22:10:30,942 - INFO - Validation Loss: 20.6870, Accuracy: 92.33%
2025-04-07 22:10:30,942 - INFO -   Class [asphalt] Accuracy: 94.47% (564/597)
2025-04-07 22:10:30,942 - INFO -   Class [concrete] Accuracy: 77.56% (121/156)
2025-04-07 22:10:30,942 - INFO -   Class [paving_stones] Accuracy: 95.71% (312/326)
2025-04-07 22:10:30,942 - INFO -   Class [sett] Accuracy: 91.28% (199/218)
2025-04-07 22:10:30,943 - INFO -   Class [unpaved] Accuracy: 93.25% (152/163)
2025-04-07 22:10:30,946 - INFO - 
Confusion Matrix:
[[564  19   3   2   9]
 [ 28 121   0   0   7]
 [  7   3 312   3   1]
 [  0   2  16 199   1]
 [  8   2   0   1 152]]
2025-04-07 22:10:30,960 - INFO - 
Classification Report:
               precision    recall  f1-score   support

      asphalt       0.93      0.94      0.94       597
     concrete       0.82      0.78      0.80       156
paving_stones       0.94      0.96      0.95       326
         sett       0.97      0.91      0.94       218
      unpaved       0.89      0.93      0.91       163

     accuracy                           0.92      1460
    macro avg       0.91      0.90      0.91      1460
 weighted avg       0.92      0.92      0.92      1460

2025-04-07 22:13:30,131 - INFO - [Epoch 12] Train Loss: 3.0595, Accuracy: 99.64%
2025-04-07 22:14:04,140 - INFO - Validation Loss: 16.5407, Accuracy: 93.15%
2025-04-07 22:14:04,140 - INFO -   Class [asphalt] Accuracy: 93.47% (558/597)
2025-04-07 22:14:04,140 - INFO -   Class [concrete] Accuracy: 86.54% (135/156)
2025-04-07 22:14:04,140 - INFO -   Class [paving_stones] Accuracy: 95.40% (311/326)
2025-04-07 22:14:04,140 - INFO -   Class [sett] Accuracy: 94.50% (206/218)
2025-04-07 22:14:04,140 - INFO -   Class [unpaved] Accuracy: 92.02% (150/163)
2025-04-07 22:14:04,143 - INFO - 
Confusion Matrix:
[[558  30   4   0   5]
 [ 14 135   0   0   7]
 [  2   5 311   7   1]
 [  1   1   9 206   1]
 [  6   7   0   0 150]]
2025-04-07 22:14:04,155 - INFO - 
Classification Report:
               precision    recall  f1-score   support

      asphalt       0.96      0.93      0.95       597
     concrete       0.76      0.87      0.81       156
paving_stones       0.96      0.95      0.96       326
         sett       0.97      0.94      0.96       218
      unpaved       0.91      0.92      0.92       163

     accuracy                           0.93      1460
    macro avg       0.91      0.92      0.92      1460
 weighted avg       0.93      0.93      0.93      1460

2025-04-07 22:16:57,000 - INFO - [Epoch 13] Train Loss: 1.7400, Accuracy: 99.62%
2025-04-07 22:17:35,801 - INFO - Validation Loss: 19.1036, Accuracy: 93.15%
2025-04-07 22:17:35,801 - INFO -   Class [asphalt] Accuracy: 94.64% (565/597)
2025-04-07 22:17:35,801 - INFO -   Class [concrete] Accuracy: 75.00% (117/156)
2025-04-07 22:17:35,801 - INFO -   Class [paving_stones] Accuracy: 96.32% (314/326)
2025-04-07 22:17:35,802 - INFO -   Class [sett] Accuracy: 94.50% (206/218)
2025-04-07 22:17:35,802 - INFO -   Class [unpaved] Accuracy: 96.93% (158/163)
2025-04-07 22:17:35,805 - INFO - 
Confusion Matrix:
[[565  13   7   0  12]
 [ 26 117   0   0  13]
 [  3   2 314   6   1]
 [  2   0   9 206   1]
 [  5   0   0   0 158]]
2025-04-07 22:17:35,819 - INFO - 
Classification Report:
               precision    recall  f1-score   support

      asphalt       0.94      0.95      0.94       597
     concrete       0.89      0.75      0.81       156
paving_stones       0.95      0.96      0.96       326
         sett       0.97      0.94      0.96       218
      unpaved       0.85      0.97      0.91       163

     accuracy                           0.93      1460
    macro avg       0.92      0.91      0.92      1460
 weighted avg       0.93      0.93      0.93      1460

2025-04-07 22:20:36,293 - INFO - [Epoch 14] Train Loss: 1.4468, Accuracy: 99.71%
2025-04-07 22:21:10,322 - INFO - Validation Loss: 20.0347, Accuracy: 93.63%
2025-04-07 22:21:10,323 - INFO -   Class [asphalt] Accuracy: 95.64% (571/597)
2025-04-07 22:21:10,323 - INFO -   Class [concrete] Accuracy: 80.13% (125/156)
2025-04-07 22:21:10,323 - INFO -   Class [paving_stones] Accuracy: 92.64% (302/326)
2025-04-07 22:21:10,323 - INFO -   Class [sett] Accuracy: 98.17% (214/218)
2025-04-07 22:21:10,323 - INFO -   Class [unpaved] Accuracy: 95.09% (155/163)
2025-04-07 22:21:10,326 - INFO - 
Confusion Matrix:
[[571  15   6   2   3]
 [ 26 125   0   0   5]
 [  1   3 302  19   1]
 [  0   0   3 214   1]
 [  8   0   0   0 155]]
2025-04-07 22:21:10,340 - INFO - 
Classification Report:
               precision    recall  f1-score   support

      asphalt       0.94      0.96      0.95       597
     concrete       0.87      0.80      0.84       156
paving_stones       0.97      0.93      0.95       326
         sett       0.91      0.98      0.94       218
      unpaved       0.94      0.95      0.95       163

     accuracy                           0.94      1460
    macro avg       0.93      0.92      0.92      1460
 weighted avg       0.94      0.94      0.94      1460

2025-04-07 22:24:13,320 - INFO - [Epoch 15] Train Loss: 1.1043, Accuracy: 99.78%
2025-04-07 22:24:50,495 - INFO - Validation Loss: 18.5224, Accuracy: 93.29%
2025-04-07 22:24:50,495 - INFO -   Class [asphalt] Accuracy: 92.63% (553/597)
2025-04-07 22:24:50,495 - INFO -   Class [concrete] Accuracy: 83.97% (131/156)
2025-04-07 22:24:50,496 - INFO -   Class [paving_stones] Accuracy: 96.32% (314/326)
2025-04-07 22:24:50,496 - INFO -   Class [sett] Accuracy: 95.41% (208/218)
2025-04-07 22:24:50,496 - INFO -   Class [unpaved] Accuracy: 95.71% (156/163)
2025-04-07 22:24:50,499 - INFO - 
Confusion Matrix:
[[553  28   6   0  10]
 [ 17 131   0   0   8]
 [  2   2 314   8   0]
 [  1   0   8 208   1]
 [  6   1   0   0 156]]
2025-04-07 22:24:50,511 - INFO - 
Classification Report:
               precision    recall  f1-score   support

      asphalt       0.96      0.93      0.94       597
     concrete       0.81      0.84      0.82       156
paving_stones       0.96      0.96      0.96       326
         sett       0.96      0.95      0.96       218
      unpaved       0.89      0.96      0.92       163

     accuracy                           0.93      1460
    macro avg       0.92      0.93      0.92      1460
 weighted avg       0.93      0.93      0.93      1460

2025-04-07 22:27:45,167 - INFO - [Epoch 16] Train Loss: 2.0219, Accuracy: 99.57%
2025-04-07 22:28:22,980 - INFO - Validation Loss: 17.1747, Accuracy: 93.77%
2025-04-07 22:28:22,980 - INFO -   Class [asphalt] Accuracy: 94.14% (562/597)
2025-04-07 22:28:22,980 - INFO -   Class [concrete] Accuracy: 82.69% (129/156)
2025-04-07 22:28:22,980 - INFO -   Class [paving_stones] Accuracy: 94.79% (309/326)
2025-04-07 22:28:22,981 - INFO -   Class [sett] Accuracy: 98.17% (214/218)
2025-04-07 22:28:22,981 - INFO -   Class [unpaved] Accuracy: 95.09% (155/163)
2025-04-07 22:28:22,985 - INFO - 
Confusion Matrix:
[[562  21   5   1   8]
 [ 19 129   0   0   8]
 [  3   3 309  11   0]
 [  0   0   3 214   1]
 [  7   1   0   0 155]]
2025-04-07 22:28:22,999 - INFO - 
Classification Report:
               precision    recall  f1-score   support

      asphalt       0.95      0.94      0.95       597
     concrete       0.84      0.83      0.83       156
paving_stones       0.97      0.95      0.96       326
         sett       0.95      0.98      0.96       218
      unpaved       0.90      0.95      0.93       163

     accuracy                           0.94      1460
    macro avg       0.92      0.93      0.93      1460
 weighted avg       0.94      0.94      0.94      1460

2025-04-07 22:31:21,910 - INFO - [Epoch 17] Train Loss: 2.1047, Accuracy: 99.74%
2025-04-07 22:31:59,215 - INFO - Validation Loss: 20.0146, Accuracy: 93.90%
2025-04-07 22:31:59,215 - INFO -   Class [asphalt] Accuracy: 93.97% (561/597)
2025-04-07 22:31:59,215 - INFO -   Class [concrete] Accuracy: 84.62% (132/156)
2025-04-07 22:31:59,215 - INFO -   Class [paving_stones] Accuracy: 96.01% (313/326)
2025-04-07 22:31:59,215 - INFO -   Class [sett] Accuracy: 95.87% (209/218)
2025-04-07 22:31:59,215 - INFO -   Class [unpaved] Accuracy: 95.71% (156/163)
2025-04-07 22:31:59,219 - INFO - 
Confusion Matrix:
[[561  24   4   1   7]
 [ 16 132   1   0   7]
 [  3   4 313   6   0]
 [  0   0   8 209   1]
 [  5   1   0   1 156]]
2025-04-07 22:31:59,233 - INFO - 
Classification Report:
               precision    recall  f1-score   support

      asphalt       0.96      0.94      0.95       597
     concrete       0.82      0.85      0.83       156
paving_stones       0.96      0.96      0.96       326
         sett       0.96      0.96      0.96       218
      unpaved       0.91      0.96      0.93       163

     accuracy                           0.94      1460
    macro avg       0.92      0.93      0.93      1460
 weighted avg       0.94      0.94      0.94      1460

2025-04-07 22:34:54,973 - INFO - [Epoch 18] Train Loss: 0.9286, Accuracy: 99.83%
2025-04-07 22:35:29,541 - INFO - Validation Loss: 20.8480, Accuracy: 93.70%
2025-04-07 22:35:29,541 - INFO -   Class [asphalt] Accuracy: 95.14% (568/597)
2025-04-07 22:35:29,541 - INFO -   Class [concrete] Accuracy: 78.85% (123/156)
2025-04-07 22:35:29,541 - INFO -   Class [paving_stones] Accuracy: 96.63% (315/326)
2025-04-07 22:35:29,541 - INFO -   Class [sett] Accuracy: 94.04% (205/218)
2025-04-07 22:35:29,541 - INFO -   Class [unpaved] Accuracy: 96.32% (157/163)
2025-04-07 22:35:29,544 - INFO - 
Confusion Matrix:
[[568  18   2   0   9]
 [ 21 123   0   0  12]
 [  3   4 315   3   1]
 [  0   1  11 205   1]
 [  5   0   0   1 157]]
2025-04-07 22:35:29,556 - INFO - 
Classification Report:
               precision    recall  f1-score   support

      asphalt       0.95      0.95      0.95       597
     concrete       0.84      0.79      0.81       156
paving_stones       0.96      0.97      0.96       326
         sett       0.98      0.94      0.96       218
      unpaved       0.87      0.96      0.92       163

     accuracy                           0.94      1460
    macro avg       0.92      0.92      0.92      1460
 weighted avg       0.94      0.94      0.94      1460

2025-04-07 22:38:28,127 - INFO - [Epoch 19] Train Loss: 0.6336, Accuracy: 99.91%
2025-04-07 22:39:05,580 - INFO - Validation Loss: 20.4177, Accuracy: 93.77%
2025-04-07 22:39:05,580 - INFO -   Class [asphalt] Accuracy: 95.31% (569/597)
2025-04-07 22:39:05,580 - INFO -   Class [concrete] Accuracy: 81.41% (127/156)
2025-04-07 22:39:05,580 - INFO -   Class [paving_stones] Accuracy: 94.48% (308/326)
2025-04-07 22:39:05,580 - INFO -   Class [sett] Accuracy: 96.33% (210/218)
2025-04-07 22:39:05,580 - INFO -   Class [unpaved] Accuracy: 95.09% (155/163)
2025-04-07 22:39:05,584 - INFO - 
Confusion Matrix:
[[569  16   2   1   9]
 [ 18 127   0   0  11]
 [  3   5 308   9   1]
 [  1   0   6 210   1]
 [  8   0   0   0 155]]
2025-04-07 22:39:05,598 - INFO - 
Classification Report:
               precision    recall  f1-score   support

      asphalt       0.95      0.95      0.95       597
     concrete       0.86      0.81      0.84       156
paving_stones       0.97      0.94      0.96       326
         sett       0.95      0.96      0.96       218
      unpaved       0.88      0.95      0.91       163

     accuracy                           0.94      1460
    macro avg       0.92      0.93      0.92      1460
 weighted avg       0.94      0.94      0.94      1460

2025-04-07 22:42:08,820 - INFO - [Epoch 20] Train Loss: 1.4163, Accuracy: 99.78%
2025-04-07 22:42:48,038 - INFO - Validation Loss: 22.6604, Accuracy: 93.42%
2025-04-07 22:42:48,038 - INFO -   Class [asphalt] Accuracy: 95.81% (572/597)
2025-04-07 22:42:48,038 - INFO -   Class [concrete] Accuracy: 78.21% (122/156)
2025-04-07 22:42:48,038 - INFO -   Class [paving_stones] Accuracy: 96.93% (316/326)
2025-04-07 22:42:48,038 - INFO -   Class [sett] Accuracy: 92.20% (201/218)
2025-04-07 22:42:48,038 - INFO -   Class [unpaved] Accuracy: 93.87% (153/163)
2025-04-07 22:42:48,042 - INFO - 
Confusion Matrix:
[[572  13   2   0  10]
 [ 25 122   0   0   9]
 [  2   1 316   7   0]
 [  1   0  15 201   1]
 [ 10   0   0   0 153]]
2025-04-07 22:42:48,056 - INFO - 
Classification Report:
               precision    recall  f1-score   support

      asphalt       0.94      0.96      0.95       597
     concrete       0.90      0.78      0.84       156
paving_stones       0.95      0.97      0.96       326
         sett       0.97      0.92      0.94       218
      unpaved       0.88      0.94      0.91       163

     accuracy                           0.93      1460
    macro avg       0.93      0.91      0.92      1460
 weighted avg       0.93      0.93      0.93      1460

2025-04-07 22:45:49,655 - INFO - [Epoch 21] Train Loss: 0.8294, Accuracy: 99.85%
2025-04-07 22:46:23,770 - INFO - Validation Loss: 24.1484, Accuracy: 93.29%
2025-04-07 22:46:23,770 - INFO -   Class [asphalt] Accuracy: 95.64% (571/597)
2025-04-07 22:46:23,770 - INFO -   Class [concrete] Accuracy: 81.41% (127/156)
2025-04-07 22:46:23,770 - INFO -   Class [paving_stones] Accuracy: 95.40% (311/326)
2025-04-07 22:46:23,770 - INFO -   Class [sett] Accuracy: 94.50% (206/218)
2025-04-07 22:46:23,770 - INFO -   Class [unpaved] Accuracy: 90.18% (147/163)
2025-04-07 22:46:23,774 - INFO - 
Confusion Matrix:
[[571  19   1   0   6]
 [ 22 127   0   0   7]
 [  5   1 311   8   1]
 [  1   1   9 206   1]
 [ 14   2   0   0 147]]
2025-04-07 22:46:23,788 - INFO - 
Classification Report:
               precision    recall  f1-score   support

      asphalt       0.93      0.96      0.94       597
     concrete       0.85      0.81      0.83       156
paving_stones       0.97      0.95      0.96       326
         sett       0.96      0.94      0.95       218
      unpaved       0.91      0.90      0.90       163

     accuracy                           0.93      1460
    macro avg       0.92      0.91      0.92      1460
 weighted avg       0.93      0.93      0.93      1460

2025-04-07 22:49:27,535 - INFO - [Epoch 22] Train Loss: 1.0544, Accuracy: 99.81%
2025-04-07 22:50:01,340 - INFO - Validation Loss: 27.3371, Accuracy: 93.15%
2025-04-07 22:50:01,340 - INFO -   Class [asphalt] Accuracy: 97.15% (580/597)
2025-04-07 22:50:01,340 - INFO -   Class [concrete] Accuracy: 75.00% (117/156)
2025-04-07 22:50:01,341 - INFO -   Class [paving_stones] Accuracy: 92.64% (302/326)
2025-04-07 22:50:01,341 - INFO -   Class [sett] Accuracy: 96.79% (211/218)
2025-04-07 22:50:01,341 - INFO -   Class [unpaved] Accuracy: 92.02% (150/163)
2025-04-07 22:50:01,344 - INFO - 
Confusion Matrix:
[[580   8   2   1   6]
 [ 28 117   0   0  11]
 [  5   5 302  13   1]
 [  1   1   5 211   0]
 [ 11   2   0   0 150]]
2025-04-07 22:50:01,356 - INFO - 
Classification Report:
               precision    recall  f1-score   support

      asphalt       0.93      0.97      0.95       597
     concrete       0.88      0.75      0.81       156
paving_stones       0.98      0.93      0.95       326
         sett       0.94      0.97      0.95       218
      unpaved       0.89      0.92      0.91       163

     accuracy                           0.93      1460
    macro avg       0.92      0.91      0.91      1460
 weighted avg       0.93      0.93      0.93      1460

2025-04-07 22:53:04,978 - INFO - [Epoch 23] Train Loss: 1.0250, Accuracy: 99.85%
2025-04-07 22:53:39,099 - INFO - Validation Loss: 23.4408, Accuracy: 92.74%
2025-04-07 22:53:39,100 - INFO -   Class [asphalt] Accuracy: 93.80% (560/597)
2025-04-07 22:53:39,100 - INFO -   Class [concrete] Accuracy: 78.21% (122/156)
2025-04-07 22:53:39,100 - INFO -   Class [paving_stones] Accuracy: 95.71% (312/326)
2025-04-07 22:53:39,100 - INFO -   Class [sett] Accuracy: 95.41% (208/218)
2025-04-07 22:53:39,100 - INFO -   Class [unpaved] Accuracy: 93.25% (152/163)
2025-04-07 22:53:39,104 - INFO - 
Confusion Matrix:
[[560  27   4   0   6]
 [ 21 122   1   0  12]
 [  1   2 312  10   1]
 [  0   2   8 208   0]
 [  9   2   0   0 152]]
2025-04-07 22:53:39,118 - INFO - 
Classification Report:
               precision    recall  f1-score   support

      asphalt       0.95      0.94      0.94       597
     concrete       0.79      0.78      0.78       156
paving_stones       0.96      0.96      0.96       326
         sett       0.95      0.95      0.95       218
      unpaved       0.89      0.93      0.91       163

     accuracy                           0.93      1460
    macro avg       0.91      0.91      0.91      1460
 weighted avg       0.93      0.93      0.93      1460

2025-04-07 22:56:40,856 - INFO - [Epoch 24] Train Loss: 1.7254, Accuracy: 99.85%
2025-04-07 22:57:13,101 - INFO - Validation Loss: 22.3483, Accuracy: 94.11%
2025-04-07 22:57:13,102 - INFO -   Class [asphalt] Accuracy: 96.31% (575/597)
2025-04-07 22:57:13,102 - INFO -   Class [concrete] Accuracy: 82.05% (128/156)
2025-04-07 22:57:13,102 - INFO -   Class [paving_stones] Accuracy: 93.87% (306/326)
2025-04-07 22:57:13,102 - INFO -   Class [sett] Accuracy: 96.33% (210/218)
2025-04-07 22:57:13,102 - INFO -   Class [unpaved] Accuracy: 95.09% (155/163)
2025-04-07 22:57:13,105 - INFO - 
Confusion Matrix:
[[575  10   3   0   9]
 [ 17 128   1   0  10]
 [  4   4 306  11   1]
 [  0   1   7 210   0]
 [  7   1   0   0 155]]
2025-04-07 22:57:13,117 - INFO - 
Classification Report:
               precision    recall  f1-score   support

      asphalt       0.95      0.96      0.96       597
     concrete       0.89      0.82      0.85       156
paving_stones       0.97      0.94      0.95       326
         sett       0.95      0.96      0.96       218
      unpaved       0.89      0.95      0.92       163

     accuracy                           0.94      1460
    macro avg       0.93      0.93      0.93      1460
 weighted avg       0.94      0.94      0.94      1460

2025-04-07 22:57:14,137 - INFO - New best model saved with accuracy: 94.11%
2025-04-07 23:00:12,323 - INFO - [Epoch 25] Train Loss: 0.4997, Accuracy: 99.88%
2025-04-07 23:00:46,143 - INFO - Validation Loss: 21.8697, Accuracy: 94.11%
2025-04-07 23:00:46,143 - INFO -   Class [asphalt] Accuracy: 95.48% (570/597)
2025-04-07 23:00:46,143 - INFO -   Class [concrete] Accuracy: 82.05% (128/156)
2025-04-07 23:00:46,143 - INFO -   Class [paving_stones] Accuracy: 96.63% (315/326)
2025-04-07 23:00:46,143 - INFO -   Class [sett] Accuracy: 94.95% (207/218)
2025-04-07 23:00:46,143 - INFO -   Class [unpaved] Accuracy: 94.48% (154/163)
2025-04-07 23:00:46,146 - INFO - 
Confusion Matrix:
[[570  11   3   0  13]
 [ 18 128   2   0   8]
 [  3   2 315   6   0]
 [  0   2   9 207   0]
 [  7   2   0   0 154]]
2025-04-07 23:00:46,158 - INFO - 
Classification Report:
               precision    recall  f1-score   support

      asphalt       0.95      0.95      0.95       597
     concrete       0.88      0.82      0.85       156
paving_stones       0.96      0.97      0.96       326
         sett       0.97      0.95      0.96       218
      unpaved       0.88      0.94      0.91       163

     accuracy                           0.94      1460
    macro avg       0.93      0.93      0.93      1460
 weighted avg       0.94      0.94      0.94      1460

2025-04-07 23:03:48,576 - INFO - [Epoch 26] Train Loss: 0.5016, Accuracy: 99.91%
2025-04-07 23:04:21,027 - INFO - Validation Loss: 23.6397, Accuracy: 94.11%
2025-04-07 23:04:21,027 - INFO -   Class [asphalt] Accuracy: 95.48% (570/597)
2025-04-07 23:04:21,027 - INFO -   Class [concrete] Accuracy: 81.41% (127/156)
2025-04-07 23:04:21,027 - INFO -   Class [paving_stones] Accuracy: 95.40% (311/326)
2025-04-07 23:04:21,027 - INFO -   Class [sett] Accuracy: 96.33% (210/218)
2025-04-07 23:04:21,027 - INFO -   Class [unpaved] Accuracy: 95.71% (156/163)
2025-04-07 23:04:21,030 - INFO - 
Confusion Matrix:
[[570  12   2   2  11]
 [ 18 127   1   0  10]
 [  4   2 311   8   1]
 [  0   1   6 210   1]
 [  5   1   0   1 156]]
2025-04-07 23:04:21,042 - INFO - 
Classification Report:
               precision    recall  f1-score   support

      asphalt       0.95      0.95      0.95       597
     concrete       0.89      0.81      0.85       156
paving_stones       0.97      0.95      0.96       326
         sett       0.95      0.96      0.96       218
      unpaved       0.87      0.96      0.91       163

     accuracy                           0.94      1460
    macro avg       0.93      0.93      0.93      1460
 weighted avg       0.94      0.94      0.94      1460

2025-04-07 23:07:22,161 - INFO - [Epoch 27] Train Loss: 0.5024, Accuracy: 99.85%
2025-04-07 23:07:57,837 - INFO - Validation Loss: 23.9999, Accuracy: 93.97%
2025-04-07 23:07:57,837 - INFO -   Class [asphalt] Accuracy: 95.48% (570/597)
2025-04-07 23:07:57,837 - INFO -   Class [concrete] Accuracy: 82.69% (129/156)
2025-04-07 23:07:57,837 - INFO -   Class [paving_stones] Accuracy: 93.87% (306/326)
2025-04-07 23:07:57,837 - INFO -   Class [sett] Accuracy: 96.33% (210/218)
2025-04-07 23:07:57,838 - INFO -   Class [unpaved] Accuracy: 96.32% (157/163)
2025-04-07 23:07:57,841 - INFO - 
Confusion Matrix:
[[570  13   2   1  11]
 [ 19 129   0   0   8]
 [  3   4 306  12   1]
 [  1   1   6 210   0]
 [  6   0   0   0 157]]
2025-04-07 23:07:57,853 - INFO - 
Classification Report:
               precision    recall  f1-score   support

      asphalt       0.95      0.95      0.95       597
     concrete       0.88      0.83      0.85       156
paving_stones       0.97      0.94      0.96       326
         sett       0.94      0.96      0.95       218
      unpaved       0.89      0.96      0.92       163

     accuracy                           0.94      1460
    macro avg       0.93      0.93      0.93      1460
 weighted avg       0.94      0.94      0.94      1460

2025-04-07 23:11:01,335 - INFO - [Epoch 28] Train Loss: 0.5166, Accuracy: 99.88%
2025-04-07 23:11:33,814 - INFO - Validation Loss: 22.1833, Accuracy: 93.49%
2025-04-07 23:11:33,815 - INFO -   Class [asphalt] Accuracy: 93.47% (558/597)
2025-04-07 23:11:33,815 - INFO -   Class [concrete] Accuracy: 82.69% (129/156)
2025-04-07 23:11:33,815 - INFO -   Class [paving_stones] Accuracy: 95.40% (311/326)
2025-04-07 23:11:33,815 - INFO -   Class [sett] Accuracy: 95.41% (208/218)
2025-04-07 23:11:33,815 - INFO -   Class [unpaved] Accuracy: 97.55% (159/163)
2025-04-07 23:11:33,818 - INFO - 
Confusion Matrix:
[[558  18   4   0  17]
 [ 14 129   2   0  11]
 [  3   4 311   8   0]
 [  0   1   8 208   1]
 [  4   0   0   0 159]]
2025-04-07 23:11:33,830 - INFO - 
Classification Report:
               precision    recall  f1-score   support

      asphalt       0.96      0.93      0.95       597
     concrete       0.85      0.83      0.84       156
paving_stones       0.96      0.95      0.96       326
         sett       0.96      0.95      0.96       218
      unpaved       0.85      0.98      0.91       163

     accuracy                           0.93      1460
    macro avg       0.92      0.93      0.92      1460
 weighted avg       0.94      0.93      0.94      1460

2025-04-07 23:14:30,103 - INFO - [Epoch 29] Train Loss: 0.1964, Accuracy: 99.97%
2025-04-07 23:15:05,837 - INFO - Validation Loss: 23.1153, Accuracy: 93.77%
2025-04-07 23:15:05,837 - INFO -   Class [asphalt] Accuracy: 94.97% (567/597)
2025-04-07 23:15:05,837 - INFO -   Class [concrete] Accuracy: 82.69% (129/156)
2025-04-07 23:15:05,837 - INFO -   Class [paving_stones] Accuracy: 94.79% (309/326)
2025-04-07 23:15:05,837 - INFO -   Class [sett] Accuracy: 95.87% (209/218)
2025-04-07 23:15:05,837 - INFO -   Class [unpaved] Accuracy: 95.09% (155/163)
2025-04-07 23:15:05,841 - INFO - 
Confusion Matrix:
[[567  11   3   2  14]
 [ 18 129   0   0   9]
 [  2   5 309  10   0]
 [  0   1   7 209   1]
 [  6   2   0   0 155]]
2025-04-07 23:15:05,852 - INFO - 
Classification Report:
               precision    recall  f1-score   support

      asphalt       0.96      0.95      0.95       597
     concrete       0.87      0.83      0.85       156
paving_stones       0.97      0.95      0.96       326
         sett       0.95      0.96      0.95       218
      unpaved       0.87      0.95      0.91       163

     accuracy                           0.94      1460
    macro avg       0.92      0.93      0.92      1460
 weighted avg       0.94      0.94      0.94      1460

2025-04-07 23:18:10,535 - INFO - [Epoch 30] Train Loss: 0.3061, Accuracy: 99.95%
2025-04-07 23:18:45,132 - INFO - Validation Loss: 23.2163, Accuracy: 93.49%
2025-04-07 23:18:45,132 - INFO -   Class [asphalt] Accuracy: 93.80% (560/597)
2025-04-07 23:18:45,132 - INFO -   Class [concrete] Accuracy: 82.05% (128/156)
2025-04-07 23:18:45,133 - INFO -   Class [paving_stones] Accuracy: 95.40% (311/326)
2025-04-07 23:18:45,133 - INFO -   Class [sett] Accuracy: 94.50% (206/218)
2025-04-07 23:18:45,133 - INFO -   Class [unpaved] Accuracy: 98.16% (160/163)
2025-04-07 23:18:45,136 - INFO - 
Confusion Matrix:
[[560  17   3   1  16]
 [ 14 128   0   0  14]
 [  3   5 311   7   0]
 [  1   1   9 206   1]
 [  3   0   0   0 160]]
2025-04-07 23:18:45,147 - INFO - 
Classification Report:
               precision    recall  f1-score   support

      asphalt       0.96      0.94      0.95       597
     concrete       0.85      0.82      0.83       156
paving_stones       0.96      0.95      0.96       326
         sett       0.96      0.94      0.95       218
      unpaved       0.84      0.98      0.90       163

     accuracy                           0.93      1460
    macro avg       0.91      0.93      0.92      1460
 weighted avg       0.94      0.93      0.94      1460

2025-04-07 23:21:47,238 - INFO - [Epoch 31] Train Loss: 0.2905, Accuracy: 99.95%
2025-04-07 23:22:25,722 - INFO - Validation Loss: 21.9918, Accuracy: 93.63%
2025-04-07 23:22:25,723 - INFO -   Class [asphalt] Accuracy: 93.63% (559/597)
2025-04-07 23:22:25,723 - INFO -   Class [concrete] Accuracy: 83.33% (130/156)
2025-04-07 23:22:25,723 - INFO -   Class [paving_stones] Accuracy: 95.71% (312/326)
2025-04-07 23:22:25,723 - INFO -   Class [sett] Accuracy: 96.79% (211/218)
2025-04-07 23:22:25,723 - INFO -   Class [unpaved] Accuracy: 95.09% (155/163)
2025-04-07 23:22:25,726 - INFO - 
Confusion Matrix:
[[559  20   4   2  12]
 [ 19 130   0   0   7]
 [  1   3 312   9   1]
 [  0   1   6 211   0]
 [  8   0   0   0 155]]
2025-04-07 23:22:25,738 - INFO - 
Classification Report:
               precision    recall  f1-score   support

      asphalt       0.95      0.94      0.94       597
     concrete       0.84      0.83      0.84       156
paving_stones       0.97      0.96      0.96       326
         sett       0.95      0.97      0.96       218
      unpaved       0.89      0.95      0.92       163

     accuracy                           0.94      1460
    macro avg       0.92      0.93      0.92      1460
 weighted avg       0.94      0.94      0.94      1460

2025-04-07 23:25:23,711 - INFO - [Epoch 32] Train Loss: 0.1141, Accuracy: 99.95%
2025-04-07 23:26:02,057 - INFO - Validation Loss: 23.1289, Accuracy: 94.11%
2025-04-07 23:26:02,057 - INFO -   Class [asphalt] Accuracy: 95.14% (568/597)
2025-04-07 23:26:02,057 - INFO -   Class [concrete] Accuracy: 84.62% (132/156)
2025-04-07 23:26:02,057 - INFO -   Class [paving_stones] Accuracy: 95.09% (310/326)
2025-04-07 23:26:02,057 - INFO -   Class [sett] Accuracy: 97.71% (213/218)
2025-04-07 23:26:02,057 - INFO -   Class [unpaved] Accuracy: 92.64% (151/163)
2025-04-07 23:26:02,060 - INFO - 
Confusion Matrix:
[[568  17   4   1   7]
 [ 17 132   0   0   7]
 [  1   4 310  10   1]
 [  0   1   4 213   0]
 [ 11   1   0   0 151]]
2025-04-07 23:26:02,072 - INFO - 
Classification Report:
               precision    recall  f1-score   support

      asphalt       0.95      0.95      0.95       597
     concrete       0.85      0.85      0.85       156
paving_stones       0.97      0.95      0.96       326
         sett       0.95      0.98      0.96       218
      unpaved       0.91      0.93      0.92       163

     accuracy                           0.94      1460
    macro avg       0.93      0.93      0.93      1460
 weighted avg       0.94      0.94      0.94      1460

2025-04-07 23:28:53,921 - INFO - [Epoch 33] Train Loss: 0.0515, Accuracy: 100.00%
2025-04-07 23:29:32,667 - INFO - Validation Loss: 22.0874, Accuracy: 93.84%
2025-04-07 23:29:32,668 - INFO -   Class [asphalt] Accuracy: 93.63% (559/597)
2025-04-07 23:29:32,668 - INFO -   Class [concrete] Accuracy: 83.97% (131/156)
2025-04-07 23:29:32,668 - INFO -   Class [paving_stones] Accuracy: 96.63% (315/326)
2025-04-07 23:29:32,668 - INFO -   Class [sett] Accuracy: 94.95% (207/218)
2025-04-07 23:29:32,668 - INFO -   Class [unpaved] Accuracy: 96.93% (158/163)
2025-04-07 23:29:32,671 - INFO - 
Confusion Matrix:
[[559  21   4   1  12]
 [ 16 131   1   0   8]
 [  1   2 315   8   0]
 [  0   1   9 207   1]
 [  5   0   0   0 158]]
2025-04-07 23:29:32,685 - INFO - 
Classification Report:
               precision    recall  f1-score   support

      asphalt       0.96      0.94      0.95       597
     concrete       0.85      0.84      0.84       156
paving_stones       0.96      0.97      0.96       326
         sett       0.96      0.95      0.95       218
      unpaved       0.88      0.97      0.92       163

     accuracy                           0.94      1460
    macro avg       0.92      0.93      0.93      1460
 weighted avg       0.94      0.94      0.94      1460

2025-04-07 23:32:19,189 - INFO - [Epoch 34] Train Loss: 0.0371, Accuracy: 100.00%
2025-04-07 23:32:57,086 - INFO - Validation Loss: 22.5744, Accuracy: 94.86%
2025-04-07 23:32:57,086 - INFO -   Class [asphalt] Accuracy: 96.31% (575/597)
2025-04-07 23:32:57,086 - INFO -   Class [concrete] Accuracy: 82.69% (129/156)
2025-04-07 23:32:57,086 - INFO -   Class [paving_stones] Accuracy: 95.71% (312/326)
2025-04-07 23:32:57,086 - INFO -   Class [sett] Accuracy: 96.33% (210/218)
2025-04-07 23:32:57,086 - INFO -   Class [unpaved] Accuracy: 97.55% (159/163)
2025-04-07 23:32:57,090 - INFO - 
Confusion Matrix:
[[575   9   3   1   9]
 [ 20 129   0   0   7]
 [  2   2 312   9   1]
 [  0   1   6 210   1]
 [  4   0   0   0 159]]
2025-04-07 23:32:57,104 - INFO - 
Classification Report:
               precision    recall  f1-score   support

      asphalt       0.96      0.96      0.96       597
     concrete       0.91      0.83      0.87       156
paving_stones       0.97      0.96      0.96       326
         sett       0.95      0.96      0.96       218
      unpaved       0.90      0.98      0.94       163

     accuracy                           0.95      1460
    macro avg       0.94      0.94      0.94      1460
 weighted avg       0.95      0.95      0.95      1460

2025-04-07 23:32:59,321 - INFO - New best model saved with accuracy: 94.86%
2025-04-07 23:35:55,969 - INFO - [Epoch 35] Train Loss: 0.1204, Accuracy: 99.97%
2025-04-07 23:36:36,136 - INFO - Validation Loss: 20.8914, Accuracy: 94.52%
2025-04-07 23:36:36,136 - INFO -   Class [asphalt] Accuracy: 94.97% (567/597)
2025-04-07 23:36:36,136 - INFO -   Class [concrete] Accuracy: 83.33% (130/156)
2025-04-07 23:36:36,137 - INFO -   Class [paving_stones] Accuracy: 96.01% (313/326)
2025-04-07 23:36:36,137 - INFO -   Class [sett] Accuracy: 96.33% (210/218)
2025-04-07 23:36:36,137 - INFO -   Class [unpaved] Accuracy: 98.16% (160/163)
2025-04-07 23:36:36,140 - INFO - 
Confusion Matrix:
[[567  13   3   1  13]
 [ 18 130   0   0   8]
 [  1   3 313   8   1]
 [  0   1   6 210   1]
 [  3   0   0   0 160]]
2025-04-07 23:36:36,154 - INFO - 
Classification Report:
               precision    recall  f1-score   support

      asphalt       0.96      0.95      0.96       597
     concrete       0.88      0.83      0.86       156
paving_stones       0.97      0.96      0.97       326
         sett       0.96      0.96      0.96       218
      unpaved       0.87      0.98      0.92       163

     accuracy                           0.95      1460
    macro avg       0.93      0.94      0.93      1460
 weighted avg       0.95      0.95      0.95      1460

2025-04-07 23:39:39,220 - INFO - [Epoch 36] Train Loss: 0.1850, Accuracy: 99.95%
2025-04-07 23:40:17,130 - INFO - Validation Loss: 21.5680, Accuracy: 94.66%
2025-04-07 23:40:17,130 - INFO -   Class [asphalt] Accuracy: 95.81% (572/597)
2025-04-07 23:40:17,130 - INFO -   Class [concrete] Accuracy: 83.97% (131/156)
2025-04-07 23:40:17,130 - INFO -   Class [paving_stones] Accuracy: 95.40% (311/326)
2025-04-07 23:40:17,130 - INFO -   Class [sett] Accuracy: 96.33% (210/218)
2025-04-07 23:40:17,130 - INFO -   Class [unpaved] Accuracy: 96.93% (158/163)
2025-04-07 23:40:17,134 - INFO - 
Confusion Matrix:
[[572  11   3   1  10]
 [ 17 131   0   0   8]
 [  3   2 311   9   1]
 [  1   1   6 210   0]
 [  4   1   0   0 158]]
2025-04-07 23:40:17,148 - INFO - 
Classification Report:
               precision    recall  f1-score   support

      asphalt       0.96      0.96      0.96       597
     concrete       0.90      0.84      0.87       156
paving_stones       0.97      0.95      0.96       326
         sett       0.95      0.96      0.96       218
      unpaved       0.89      0.97      0.93       163

     accuracy                           0.95      1460
    macro avg       0.93      0.94      0.94      1460
 weighted avg       0.95      0.95      0.95      1460

2025-04-07 23:43:17,126 - INFO - [Epoch 37] Train Loss: 0.1198, Accuracy: 99.97%
2025-04-07 23:43:54,483 - INFO - Validation Loss: 23.4354, Accuracy: 94.45%
2025-04-07 23:43:54,483 - INFO -   Class [asphalt] Accuracy: 95.48% (570/597)
2025-04-07 23:43:54,484 - INFO -   Class [concrete] Accuracy: 83.97% (131/156)
2025-04-07 23:43:54,484 - INFO -   Class [paving_stones] Accuracy: 95.40% (311/326)
2025-04-07 23:43:54,484 - INFO -   Class [sett] Accuracy: 96.79% (211/218)
2025-04-07 23:43:54,484 - INFO -   Class [unpaved] Accuracy: 95.71% (156/163)
2025-04-07 23:43:54,487 - INFO - 
Confusion Matrix:
[[570  16   3   2   6]
 [ 17 131   0   0   8]
 [  1   4 311   9   1]
 [  0   1   6 211   0]
 [  6   1   0   0 156]]
2025-04-07 23:43:54,501 - INFO - 
Classification Report:
               precision    recall  f1-score   support

      asphalt       0.96      0.95      0.96       597
     concrete       0.86      0.84      0.85       156
paving_stones       0.97      0.95      0.96       326
         sett       0.95      0.97      0.96       218
      unpaved       0.91      0.96      0.93       163

     accuracy                           0.94      1460
    macro avg       0.93      0.93      0.93      1460
 weighted avg       0.94      0.94      0.94      1460

2025-04-07 23:46:52,609 - INFO - [Epoch 38] Train Loss: 0.2274, Accuracy: 99.97%
2025-04-07 23:47:32,651 - INFO - Validation Loss: 21.9545, Accuracy: 94.25%
2025-04-07 23:47:32,651 - INFO -   Class [asphalt] Accuracy: 95.14% (568/597)
2025-04-07 23:47:32,651 - INFO -   Class [concrete] Accuracy: 83.97% (131/156)
2025-04-07 23:47:32,651 - INFO -   Class [paving_stones] Accuracy: 95.40% (311/326)
2025-04-07 23:47:32,651 - INFO -   Class [sett] Accuracy: 97.25% (212/218)
2025-04-07 23:47:32,651 - INFO -   Class [unpaved] Accuracy: 94.48% (154/163)
2025-04-07 23:47:32,655 - INFO - 
Confusion Matrix:
[[568  18   3   1   7]
 [ 18 131   0   1   6]
 [  1   2 311  11   1]
 [  0   0   6 212   0]
 [  6   2   0   1 154]]
2025-04-07 23:47:32,669 - INFO - 
Classification Report:
               precision    recall  f1-score   support

      asphalt       0.96      0.95      0.95       597
     concrete       0.86      0.84      0.85       156
paving_stones       0.97      0.95      0.96       326
         sett       0.94      0.97      0.95       218
      unpaved       0.92      0.94      0.93       163

     accuracy                           0.94      1460
    macro avg       0.93      0.93      0.93      1460
 weighted avg       0.94      0.94      0.94      1460

2025-04-07 23:50:33,697 - INFO - [Epoch 39] Train Loss: 0.0224, Accuracy: 100.00%
2025-04-07 23:51:12,375 - INFO - Validation Loss: 21.3836, Accuracy: 94.18%
2025-04-07 23:51:12,376 - INFO -   Class [asphalt] Accuracy: 94.14% (562/597)
2025-04-07 23:51:12,376 - INFO -   Class [concrete] Accuracy: 84.62% (132/156)
2025-04-07 23:51:12,376 - INFO -   Class [paving_stones] Accuracy: 96.01% (313/326)
2025-04-07 23:51:12,376 - INFO -   Class [sett] Accuracy: 96.79% (211/218)
2025-04-07 23:51:12,376 - INFO -   Class [unpaved] Accuracy: 96.32% (157/163)
2025-04-07 23:51:12,379 - INFO - 
Confusion Matrix:
[[562  22   4   1   8]
 [ 16 132   0   0   8]
 [  1   4 313   7   1]
 [  0   1   6 211   0]
 [  5   1   0   0 157]]
2025-04-07 23:51:12,393 - INFO - 
Classification Report:
               precision    recall  f1-score   support

      asphalt       0.96      0.94      0.95       597
     concrete       0.82      0.85      0.84       156
paving_stones       0.97      0.96      0.96       326
         sett       0.96      0.97      0.97       218
      unpaved       0.90      0.96      0.93       163

     accuracy                           0.94      1460
    macro avg       0.92      0.94      0.93      1460
 weighted avg       0.94      0.94      0.94      1460

2025-04-07 23:54:17,580 - INFO - [Epoch 40] Train Loss: 0.0284, Accuracy: 100.00%
2025-04-07 23:54:56,508 - INFO - Validation Loss: 22.6547, Accuracy: 94.73%
2025-04-07 23:54:56,508 - INFO -   Class [asphalt] Accuracy: 95.31% (569/597)
2025-04-07 23:54:56,508 - INFO -   Class [concrete] Accuracy: 83.97% (131/156)
2025-04-07 23:54:56,508 - INFO -   Class [paving_stones] Accuracy: 96.01% (313/326)
2025-04-07 23:54:56,508 - INFO -   Class [sett] Accuracy: 97.25% (212/218)
2025-04-07 23:54:56,508 - INFO -   Class [unpaved] Accuracy: 96.93% (158/163)
2025-04-07 23:54:56,512 - INFO - 
Confusion Matrix:
[[569  11   3   1  13]
 [ 17 131   0   0   8]
 [  1   3 313   8   1]
 [  0   0   6 212   0]
 [  4   1   0   0 158]]
2025-04-07 23:54:56,526 - INFO - 
Classification Report:
               precision    recall  f1-score   support

      asphalt       0.96      0.95      0.96       597
     concrete       0.90      0.84      0.87       156
paving_stones       0.97      0.96      0.97       326
         sett       0.96      0.97      0.97       218
      unpaved       0.88      0.97      0.92       163

     accuracy                           0.95      1460
    macro avg       0.93      0.94      0.94      1460
 weighted avg       0.95      0.95      0.95      1460

2025-04-07 23:57:59,975 - INFO - [Epoch 41] Train Loss: 0.1256, Accuracy: 99.98%
2025-04-07 23:58:37,718 - INFO - Validation Loss: 22.4820, Accuracy: 94.73%
2025-04-07 23:58:37,718 - INFO -   Class [asphalt] Accuracy: 95.81% (572/597)
2025-04-07 23:58:37,718 - INFO -   Class [concrete] Accuracy: 83.97% (131/156)
2025-04-07 23:58:37,718 - INFO -   Class [paving_stones] Accuracy: 95.40% (311/326)
2025-04-07 23:58:37,719 - INFO -   Class [sett] Accuracy: 97.25% (212/218)
2025-04-07 23:58:37,719 - INFO -   Class [unpaved] Accuracy: 96.32% (157/163)
2025-04-07 23:58:37,722 - INFO - 
Confusion Matrix:
[[572  12   3   2   8]
 [ 17 131   0   0   8]
 [  1   4 311   9   1]
 [  0   0   6 212   0]
 [  5   1   0   0 157]]
2025-04-07 23:58:37,736 - INFO - 
Classification Report:
               precision    recall  f1-score   support

      asphalt       0.96      0.96      0.96       597
     concrete       0.89      0.84      0.86       156
paving_stones       0.97      0.95      0.96       326
         sett       0.95      0.97      0.96       218
      unpaved       0.90      0.96      0.93       163

     accuracy                           0.95      1460
    macro avg       0.93      0.94      0.94      1460
 weighted avg       0.95      0.95      0.95      1460

2025-04-08 00:01:33,761 - INFO - [Epoch 42] Train Loss: 0.0301, Accuracy: 100.00%
2025-04-08 00:02:06,016 - INFO - Validation Loss: 22.2150, Accuracy: 94.25%
2025-04-08 00:02:06,016 - INFO -   Class [asphalt] Accuracy: 94.81% (566/597)
2025-04-08 00:02:06,016 - INFO -   Class [concrete] Accuracy: 83.97% (131/156)
2025-04-08 00:02:06,016 - INFO -   Class [paving_stones] Accuracy: 96.01% (313/326)
2025-04-08 00:02:06,016 - INFO -   Class [sett] Accuracy: 96.33% (210/218)
2025-04-08 00:02:06,016 - INFO -   Class [unpaved] Accuracy: 95.71% (156/163)
2025-04-08 00:02:06,019 - INFO - 
Confusion Matrix:
[[566  17   4   1   9]
 [ 18 131   0   0   7]
 [  1   3 313   8   1]
 [  0   1   7 210   0]
 [  6   1   0   0 156]]
2025-04-08 00:02:06,031 - INFO - 
Classification Report:
               precision    recall  f1-score   support

      asphalt       0.96      0.95      0.95       597
     concrete       0.86      0.84      0.85       156
paving_stones       0.97      0.96      0.96       326
         sett       0.96      0.96      0.96       218
      unpaved       0.90      0.96      0.93       163

     accuracy                           0.94      1460
    macro avg       0.93      0.93      0.93      1460
 weighted avg       0.94      0.94      0.94      1460

2025-04-08 00:05:01,546 - INFO - [Epoch 43] Train Loss: 0.0135, Accuracy: 100.00%
2025-04-08 00:05:40,603 - INFO - Validation Loss: 22.4848, Accuracy: 94.38%
2025-04-08 00:05:40,603 - INFO -   Class [asphalt] Accuracy: 94.97% (567/597)
2025-04-08 00:05:40,603 - INFO -   Class [concrete] Accuracy: 83.97% (131/156)
2025-04-08 00:05:40,603 - INFO -   Class [paving_stones] Accuracy: 96.01% (313/326)
2025-04-08 00:05:40,603 - INFO -   Class [sett] Accuracy: 96.79% (211/218)
2025-04-08 00:05:40,603 - INFO -   Class [unpaved] Accuracy: 95.71% (156/163)
2025-04-08 00:05:40,607 - INFO - 
Confusion Matrix:
[[567  16   4   2   8]
 [ 18 131   0   0   7]
 [  1   3 313   8   1]
 [  0   1   6 211   0]
 [  6   1   0   0 156]]
2025-04-08 00:05:40,621 - INFO - 
Classification Report:
               precision    recall  f1-score   support

      asphalt       0.96      0.95      0.95       597
     concrete       0.86      0.84      0.85       156
paving_stones       0.97      0.96      0.96       326
         sett       0.95      0.97      0.96       218
      unpaved       0.91      0.96      0.93       163

     accuracy                           0.94      1460
    macro avg       0.93      0.93      0.93      1460
 weighted avg       0.94      0.94      0.94      1460

2025-04-08 00:08:40,424 - INFO - [Epoch 44] Train Loss: 0.0114, Accuracy: 100.00%
2025-04-08 00:09:12,604 - INFO - Validation Loss: 22.0122, Accuracy: 94.25%
2025-04-08 00:09:12,605 - INFO -   Class [asphalt] Accuracy: 94.81% (566/597)
2025-04-08 00:09:12,605 - INFO -   Class [concrete] Accuracy: 83.97% (131/156)
2025-04-08 00:09:12,605 - INFO -   Class [paving_stones] Accuracy: 95.40% (311/326)
2025-04-08 00:09:12,605 - INFO -   Class [sett] Accuracy: 97.25% (212/218)
2025-04-08 00:09:12,605 - INFO -   Class [unpaved] Accuracy: 95.71% (156/163)
2025-04-08 00:09:12,608 - INFO - 
Confusion Matrix:
[[566  15   4   2  10]
 [ 18 131   0   0   7]
 [  1   3 311  10   1]
 [  0   0   6 212   0]
 [  6   1   0   0 156]]
2025-04-08 00:09:12,620 - INFO - 
Classification Report:
               precision    recall  f1-score   support

      asphalt       0.96      0.95      0.95       597
     concrete       0.87      0.84      0.86       156
paving_stones       0.97      0.95      0.96       326
         sett       0.95      0.97      0.96       218
      unpaved       0.90      0.96      0.93       163

     accuracy                           0.94      1460
    macro avg       0.93      0.93      0.93      1460
 weighted avg       0.94      0.94      0.94      1460

2025-04-08 00:12:19,326 - INFO - [Epoch 45] Train Loss: 0.0086, Accuracy: 100.00%
2025-04-08 00:12:59,664 - INFO - Validation Loss: 22.2356, Accuracy: 94.32%
2025-04-08 00:12:59,664 - INFO -   Class [asphalt] Accuracy: 94.64% (565/597)
2025-04-08 00:12:59,664 - INFO -   Class [concrete] Accuracy: 83.97% (131/156)
2025-04-08 00:12:59,664 - INFO -   Class [paving_stones] Accuracy: 95.71% (312/326)
2025-04-08 00:12:59,664 - INFO -   Class [sett] Accuracy: 96.79% (211/218)
2025-04-08 00:12:59,664 - INFO -   Class [unpaved] Accuracy: 96.93% (158/163)
2025-04-08 00:12:59,668 - INFO - 
Confusion Matrix:
[[565  17   4   2   9]
 [ 17 131   0   0   8]
 [  1   3 312   9   1]
 [  0   0   7 211   0]
 [  4   1   0   0 158]]
2025-04-08 00:12:59,682 - INFO - 
Classification Report:
               precision    recall  f1-score   support

      asphalt       0.96      0.95      0.95       597
     concrete       0.86      0.84      0.85       156
paving_stones       0.97      0.96      0.96       326
         sett       0.95      0.97      0.96       218
      unpaved       0.90      0.97      0.93       163

     accuracy                           0.94      1460
    macro avg       0.93      0.94      0.93      1460
 weighted avg       0.94      0.94      0.94      1460

2025-04-08 00:16:00,647 - INFO - [Epoch 46] Train Loss: 0.0120, Accuracy: 100.00%
2025-04-08 00:16:34,046 - INFO - Validation Loss: 21.9751, Accuracy: 94.32%
2025-04-08 00:16:34,047 - INFO -   Class [asphalt] Accuracy: 94.64% (565/597)
2025-04-08 00:16:34,047 - INFO -   Class [concrete] Accuracy: 84.62% (132/156)
2025-04-08 00:16:34,047 - INFO -   Class [paving_stones] Accuracy: 95.71% (312/326)
2025-04-08 00:16:34,047 - INFO -   Class [sett] Accuracy: 97.25% (212/218)
2025-04-08 00:16:34,047 - INFO -   Class [unpaved] Accuracy: 95.71% (156/163)
2025-04-08 00:16:34,050 - INFO - 
Confusion Matrix:
[[565  18   3   2   9]
 [ 17 132   0   0   7]
 [  1   3 312   9   1]
 [  0   0   6 212   0]
 [  6   1   0   0 156]]
2025-04-08 00:16:34,062 - INFO - 
Classification Report:
               precision    recall  f1-score   support

      asphalt       0.96      0.95      0.95       597
     concrete       0.86      0.85      0.85       156
paving_stones       0.97      0.96      0.96       326
         sett       0.95      0.97      0.96       218
      unpaved       0.90      0.96      0.93       163

     accuracy                           0.94      1460
    macro avg       0.93      0.94      0.93      1460
 weighted avg       0.94      0.94      0.94      1460

2025-04-08 00:19:34,913 - INFO - [Epoch 47] Train Loss: 0.0147, Accuracy: 100.00%
2025-04-08 00:20:13,762 - INFO - Validation Loss: 22.6612, Accuracy: 94.25%
2025-04-08 00:20:13,763 - INFO -   Class [asphalt] Accuracy: 94.64% (565/597)
2025-04-08 00:20:13,763 - INFO -   Class [concrete] Accuracy: 83.97% (131/156)
2025-04-08 00:20:13,763 - INFO -   Class [paving_stones] Accuracy: 95.71% (312/326)
2025-04-08 00:20:13,763 - INFO -   Class [sett] Accuracy: 96.79% (211/218)
2025-04-08 00:20:13,763 - INFO -   Class [unpaved] Accuracy: 96.32% (157/163)
2025-04-08 00:20:13,766 - INFO - 
Confusion Matrix:
[[565  15   4   2  11]
 [ 17 131   0   0   8]
 [  1   3 312   9   1]
 [  0   0   7 211   0]
 [  5   1   0   0 157]]
2025-04-08 00:20:13,780 - INFO - 
Classification Report:
               precision    recall  f1-score   support

      asphalt       0.96      0.95      0.95       597
     concrete       0.87      0.84      0.86       156
paving_stones       0.97      0.96      0.96       326
         sett       0.95      0.97      0.96       218
      unpaved       0.89      0.96      0.92       163

     accuracy                           0.94      1460
    macro avg       0.93      0.93      0.93      1460
 weighted avg       0.94      0.94      0.94      1460

2025-04-08 00:23:16,218 - INFO - [Epoch 48] Train Loss: 0.0177, Accuracy: 100.00%
2025-04-08 00:23:52,327 - INFO - Validation Loss: 21.8413, Accuracy: 94.11%
2025-04-08 00:23:52,327 - INFO -   Class [asphalt] Accuracy: 94.47% (564/597)
2025-04-08 00:23:52,327 - INFO -   Class [concrete] Accuracy: 83.97% (131/156)
2025-04-08 00:23:52,327 - INFO -   Class [paving_stones] Accuracy: 95.09% (310/326)
2025-04-08 00:23:52,327 - INFO -   Class [sett] Accuracy: 97.25% (212/218)
2025-04-08 00:23:52,327 - INFO -   Class [unpaved] Accuracy: 96.32% (157/163)
2025-04-08 00:23:52,331 - INFO - 
Confusion Matrix:
[[564  17   3   2  11]
 [ 17 131   0   0   8]
 [  1   4 310  10   1]
 [  0   0   6 212   0]
 [  5   1   0   0 157]]
2025-04-08 00:23:52,345 - INFO - 
Classification Report:
               precision    recall  f1-score   support

      asphalt       0.96      0.94      0.95       597
     concrete       0.86      0.84      0.85       156
paving_stones       0.97      0.95      0.96       326
         sett       0.95      0.97      0.96       218
      unpaved       0.89      0.96      0.92       163

     accuracy                           0.94      1460
    macro avg       0.92      0.93      0.93      1460
 weighted avg       0.94      0.94      0.94      1460

2025-04-08 00:26:54,851 - INFO - [Epoch 49] Train Loss: 0.0205, Accuracy: 100.00%
2025-04-08 00:27:29,926 - INFO - Validation Loss: 22.6344, Accuracy: 94.52%
2025-04-08 00:27:29,926 - INFO -   Class [asphalt] Accuracy: 95.14% (568/597)
2025-04-08 00:27:29,926 - INFO -   Class [concrete] Accuracy: 83.97% (131/156)
2025-04-08 00:27:29,926 - INFO -   Class [paving_stones] Accuracy: 95.40% (311/326)
2025-04-08 00:27:29,926 - INFO -   Class [sett] Accuracy: 97.25% (212/218)
2025-04-08 00:27:29,926 - INFO -   Class [unpaved] Accuracy: 96.93% (158/163)
2025-04-08 00:27:29,929 - INFO - 
Confusion Matrix:
[[568  12   3   2  12]
 [ 16 131   0   0   9]
 [  1   3 311  10   1]
 [  0   0   6 212   0]
 [  4   1   0   0 158]]
2025-04-08 00:27:29,941 - INFO - 
Classification Report:
               precision    recall  f1-score   support

      asphalt       0.96      0.95      0.96       597
     concrete       0.89      0.84      0.86       156
paving_stones       0.97      0.95      0.96       326
         sett       0.95      0.97      0.96       218
      unpaved       0.88      0.97      0.92       163

     accuracy                           0.95      1460
    macro avg       0.93      0.94      0.93      1460
 weighted avg       0.95      0.95      0.95      1460

2025-04-08 00:30:22,483 - INFO - [Epoch 50] Train Loss: 0.0141, Accuracy: 100.00%
2025-04-08 00:30:59,923 - INFO - Validation Loss: 22.2184, Accuracy: 94.38%
2025-04-08 00:30:59,923 - INFO -   Class [asphalt] Accuracy: 94.81% (566/597)
2025-04-08 00:30:59,923 - INFO -   Class [concrete] Accuracy: 83.97% (131/156)
2025-04-08 00:30:59,923 - INFO -   Class [paving_stones] Accuracy: 95.40% (311/326)
2025-04-08 00:30:59,923 - INFO -   Class [sett] Accuracy: 97.25% (212/218)
2025-04-08 00:30:59,923 - INFO -   Class [unpaved] Accuracy: 96.93% (158/163)
2025-04-08 00:30:59,927 - INFO - 
Confusion Matrix:
[[566  14   3   2  12]
 [ 16 131   0   0   9]
 [  1   3 311  10   1]
 [  0   0   6 212   0]
 [  4   1   0   0 158]]
2025-04-08 00:30:59,941 - INFO - 
Classification Report:
               precision    recall  f1-score   support

      asphalt       0.96      0.95      0.96       597
     concrete       0.88      0.84      0.86       156
paving_stones       0.97      0.95      0.96       326
         sett       0.95      0.97      0.96       218
      unpaved       0.88      0.97      0.92       163

     accuracy                           0.94      1460
    macro avg       0.93      0.94      0.93      1460
 weighted avg       0.94      0.94      0.94      1460

2025-04-08 00:31:47,769 - INFO - Test Loss: 18.4611, Accuracy: 94.68%
2025-04-08 00:31:47,769 - INFO -   Class [asphalt] Accuracy: 96.25% (719/747)
2025-04-08 00:31:47,770 - INFO -   Class [concrete] Accuracy: 84.54% (164/194)
2025-04-08 00:31:47,770 - INFO -   Class [paving_stones] Accuracy: 95.34% (389/408)
2025-04-08 00:31:47,770 - INFO -   Class [sett] Accuracy: 96.70% (264/273)
2025-04-08 00:31:47,770 - INFO -   Class [unpaved] Accuracy: 94.58% (192/203)
2025-04-08 00:31:47,773 - INFO - 
Confusion Matrix (Test):
[[719  20   1   1   6]
 [ 25 164   0   0   5]
 [  4   5 389  10   0]
 [  1   0   6 264   2]
 [  8   2   0   1 192]]
2025-04-08 00:31:47,788 - INFO - 
Classification Report (Test):
               precision    recall  f1-score   support

      asphalt       0.95      0.96      0.96       747
     concrete       0.86      0.85      0.85       194
paving_stones       0.98      0.95      0.97       408
         sett       0.96      0.97      0.96       273
      unpaved       0.94      0.95      0.94       203

     accuracy                           0.95      1825
    macro avg       0.94      0.93      0.94      1825
 weighted avg       0.95      0.95      0.95      1825

